2024-08-29 06:50:46.362 [debug] MutationLogger "Persistent process "1" interaction state" set to "None", reason: initialized
2024-08-29 06:50:47.098 [debug] CommandDetectionCapability#setPromptTerminator  
2024-08-29 06:50:47.103 [debug] CommandDetectionCapability#handlePromptStart 0 0
2024-08-29 06:50:47.105 [debug] CommandDetectionCapability#handleCommandStart 30 0
2024-08-29 07:29:33.329 [debug] MutationLogger "Persistent process "2" interaction state" set to "None", reason: initialized
2024-08-29 07:29:33.331 [debug] MutationLogger "Persistent process "2" interaction state" set to "Session", reason: setTitle
2024-08-29 07:29:33.913 [debug] CommandDetectionCapability#setPromptTerminator  
2024-08-29 07:29:33.913 [debug] CommandDetectionCapability#handlePromptStart 0 1
2024-08-29 07:29:33.913 [debug] CommandDetectionCapability#handleCommandStart 30 1
2024-08-29 07:29:33.914 [debug] CommandDetectionCapability#setCommandLine /bin/python /hpc/home/ajj54/Wind_Probability_Curves.py true
2024-08-29 07:29:33.914 [debug] CommandDetectionCapability#handleCommandExecuted 0 2
2024-08-29 07:29:33.925 [debug] CommandDetectionCapability#handleCommandFinished 0 undefined /bin/python /hpc/home/ajj54/Wind_Probability_Curves.py [object Object]
2024-08-29 07:29:33.935 [debug] CommandDetectionCapability#setPromptTerminator  
2024-08-29 07:29:33.936 [debug] CommandDetectionCapability#handlePromptStart 0 6
2024-08-29 07:29:33.937 [debug] CommandDetectionCapability#onCommandFinished [object Object]
2024-08-29 07:29:33.938 [debug] CommandDetectionCapability#handleCommandStart 30 6
2024-08-29 07:29:46.230 [debug] CommandDetectionCapability#setCommandLine conda install pandas true
2024-08-29 07:29:46.230 [debug] CommandDetectionCapability#handleCommandExecuted 0 7
2024-08-29 07:29:48.395 [debug] ChildProcessMonitor: Has child processes changed true
2024-08-29 07:32:14.831 [debug] CommandDetectionCapability#handleCommandFinished 0 undefined conda install pandas [object Object]
2024-08-29 07:32:14.841 [debug] CommandDetectionCapability#setPromptTerminator  
2024-08-29 07:32:14.841 [debug] CommandDetectionCapability#handlePromptStart 0 73
2024-08-29 07:32:14.841 [debug] CommandDetectionCapability#handlePromptStart 7 73
2024-08-29 07:32:14.842 [debug] CommandDetectionCapability#onCommandFinished [object Object]
2024-08-29 07:32:14.842 [debug] CommandDetectionCapability#handleCommandStart 30 73
2024-08-29 07:32:14.842 [debug] CommandDetectionCapability#handleCommandStart 30 73
2024-08-29 07:32:16.969 [debug] ChildProcessMonitor: Has child processes changed false
2024-08-29 07:32:28.863 [debug] CommandDetectionCapability#setCommandLine /bin/python /hpc/home/ajj54/Wind_Probability_Curves.py true
2024-08-29 07:32:28.863 [debug] CommandDetectionCapability#handleCommandExecuted 0 74
2024-08-29 07:32:28.887 [debug] CommandDetectionCapability#handleCommandFinished 0 undefined /bin/python /hpc/home/ajj54/Wind_Probability_Curves.py [object Object]
2024-08-29 07:32:28.895 [debug] CommandDetectionCapability#setPromptTerminator  ]633;B
2024-08-29 07:32:28.902 [debug] CommandDetectionCapability#handlePromptStart 0 78
2024-08-29 07:32:28.902 [debug] CommandDetectionCapability#handlePromptStart 7 78
2024-08-29 07:32:28.902 [debug] CommandDetectionCapability#onCommandFinished [object Object]
2024-08-29 07:32:28.902 [debug] CommandDetectionCapability#handleCommandStart 30 78
2024-08-29 07:32:28.902 [debug] CommandDetectionCapability#handleCommandStart 30 78
2024-08-29 07:32:43.515 [debug] CommandDetectionCapability#setCommandLine pip install pandas true
2024-08-29 07:32:43.515 [debug] CommandDetectionCapability#handleCommandExecuted 0 79
2024-08-29 07:32:45.625 [debug] ChildProcessMonitor: Has child processes changed true
2024-08-29 07:32:52.843 [debug] CommandDetectionCapability#handleCommandFinished 0 undefined pip install pandas [object Object]
2024-08-29 07:32:52.843 [debug] CommandDetectionCapability#setPromptTerminator  ]633;B
2024-08-29 07:32:52.847 [debug] CommandDetectionCapability#handlePromptStart 0 85
2024-08-29 07:32:52.847 [debug] CommandDetectionCapability#handlePromptStart 7 85
2024-08-29 07:32:52.847 [debug] CommandDetectionCapability#onCommandFinished [object Object]
2024-08-29 07:32:52.847 [debug] CommandDetectionCapability#handleCommandStart 30 85
2024-08-29 07:32:52.847 [debug] CommandDetectionCapability#handleCommandStart 30 85
2024-08-29 07:32:58.778 [debug] ChildProcessMonitor: Has child processes changed false
