Script starting...
Waiting for RStudio Server to open port 51428...
++ date
+ echo 'TIMING - Starting main script at: Thu Aug 22 12:17:58 PM EDT 2024'
TIMING - Starting main script at: Thu Aug 22 12:17:58 PM EDT 2024
+ module purge
+ local _mlredir=0
+ '[' -n '' ']'
+ case " $@ " in
+ '[' 0 -eq 0 ']'
+ _module_raw purge
++ /usr/bin/tclsh /usr/share/Modules/libexec/modulecmd.tcl bash purge
+ eval ''
+ _mlstatus=0
+ return 0
+ '[' -n '' ']'
+ '[' -z /tmp ']'
+ '[' /tmp == /tmp ']'
++ mktemp -d
+ TMPDIR=/tmp/tmp.MYcLpuirco
+ export TMPDIR
+ cat
+ cat
+ cat
+ echo 'Generate Modified R Environment Site File'
Generate Modified R Environment Site File
+ apptainer -vvv exec --bind=/tmp/tmp.MYcLpuirco:/tmp /opt/apps/containers/oit/rstudio/ondemand_bioconductor.sif bash ./genenv.sh
VERBOSE: Not forwarding APPTAINER_VERBOSE environment variable
VERBOSE: Setting HOME=/hpc/home/ajj54
VERBOSE: Setting PATH=/usr/local/sbin:/usr/local/bin:/usr/sbin:/usr/bin:/sbin:/bin
VERBOSE: Set messagelevel to: 4
VERBOSE: Starter initialization
VERBOSE: Check if we are running as setuid: 1
VERBOSE: Drop root privileges
VERBOSE: Drop root privileges permanently
VERBOSE: Spawn stage 1
VERBOSE: Execute stage 1
VERBOSE: stage 1 exited with status 0
VERBOSE: Get root privileges
VERBOSE: Change filesystem uid to 1546375
VERBOSE: Spawn master process
VERBOSE: Create mount namespace
VERBOSE: Entering in mount namespace
VERBOSE: Create mount namespace
VERBOSE: Spawn RPC server
VERBOSE: Execute master process
VERBOSE: Default mount: /proc:/proc
VERBOSE: Default mount: /sys:/sys
VERBOSE: Default mount: /dev:/dev
VERBOSE: Found 'bind path' = /etc/localtime, /etc/localtime
VERBOSE: Found 'bind path' = /etc/hosts, /etc/hosts
VERBOSE: Default mount: /tmp:/tmp
VERBOSE: Default mount: /var/tmp:/var/tmp
VERBOSE: Default mount: /etc/resolv.conf:/etc/resolv.conf
VERBOSE: Serve RPC requests
VERBOSE: Checking for template passwd file: /var/apptainer/mnt/session/rootfs/etc/passwd
VERBOSE: Creating passwd content
VERBOSE: Creating template passwd file and appending user data: /var/apptainer/mnt/session/rootfs/etc/passwd
VERBOSE: Default mount: /etc/passwd:/etc/passwd
VERBOSE: Checking for template group file: /var/apptainer/mnt/session/rootfs/etc/group
VERBOSE: Creating group content
VERBOSE: Default mount: /etc/group:/etc/group
VERBOSE: /hpc/home/ajj54/ondemand/data/sys/dashboard/batch_connect/sys/bc_rstudio_apptainer/output/0b917596-9db0-43e1-8631-c9875fb90016 found within container
VERBOSE: rpc server exited with status 0
VERBOSE: Execute stage 2
++ cat ./Renviron.path
+ renv_path=/usr/local/lib/R/etc/Renviron
+ mkdir -p /tmp/tmp.MYcLpuirco/rstudio-server/var/lib
+ mkdir -p /tmp/tmp.MYcLpuirco/rstudio-server/var/run
+ uuidgen
+ chmod 600 /tmp/tmp.MYcLpuirco/rstudio-server/secure-cookie-key
+ export GROUPDIR=/hpc/group/borsuklab
+ GROUPDIR=/hpc/group/borsuklab
+ echo 'GROUPDIR is /hpc/group/borsuklab'
GROUPDIR is /hpc/group/borsuklab
+ BPath=/tmp/tmp.MYcLpuirco:/tmp
+ BPath+=,/tmp/tmp.MYcLpuirco/rstudio-server/var/lib:/var/lib/rstudio-server
+ BPath+=,/tmp/tmp.MYcLpuirco/rstudio-server/var/run:/var/run/rstudio-server
+ BPath+=,logging.conf:/etc/rstudio/logging.conf
+ BPath+=,rsession.conf:/etc/rstudio/rsession.conf
+ BPath+=,rserver.conf:/etc/rstudio/rserver.conf
+ BPath+=,Renviron.site:/usr/local/lib/R/etc/Renviron
+ BPath+=,sessions:/hpc/home/ajj54/.local/share/rstudio/sessions
+ BPath+=,/work:/work
+ BPath+=,/hpc/group/borsuklab:/hpc/group/borsuklab
+ echo /tmp/tmp.MYcLpuirco:/tmp,/tmp/tmp.MYcLpuirco/rstudio-server/var/lib:/var/lib/rstudio-server,/tmp/tmp.MYcLpuirco/rstudio-server/var/run:/var/run/rstudio-server,logging.conf:/etc/rstudio/logging.conf,rsession.conf:/etc/rstudio/rsession.conf,rserver.conf:/etc/rstudio/rserver.conf,Renviron.site:/usr/local/lib/R/etc/Renviron,sessions:/hpc/home/ajj54/.local/share/rstudio/sessions,/work:/work,/hpc/group/borsuklab:/hpc/group/borsuklab
/tmp/tmp.MYcLpuirco:/tmp,/tmp/tmp.MYcLpuirco/rstudio-server/var/lib:/var/lib/rstudio-server,/tmp/tmp.MYcLpuirco/rstudio-server/var/run:/var/run/rstudio-server,logging.conf:/etc/rstudio/logging.conf,rsession.conf:/etc/rstudio/rsession.conf,rserver.conf:/etc/rstudio/rserver.conf,Renviron.site:/usr/local/lib/R/etc/Renviron,sessions:/hpc/home/ajj54/.local/share/rstudio/sessions,/work:/work,/hpc/group/borsuklab:/hpc/group/borsuklab
++ date
+ echo 'TIMING - Starting RStudio Server at: Thu Aug 22 12:18:00 PM EDT 2024'
TIMING - Starting RStudio Server at: Thu Aug 22 12:18:00 PM EDT 2024
+ '[' no == no ']'
+ apptainer -vvv exec --bind=/tmp/tmp.MYcLpuirco:/tmp,/tmp/tmp.MYcLpuirco/rstudio-server/var/lib:/var/lib/rstudio-server,/tmp/tmp.MYcLpuirco/rstudio-server/var/run:/var/run/rstudio-server,logging.conf:/etc/rstudio/logging.conf,rsession.conf:/etc/rstudio/rsession.conf,rserver.conf:/etc/rstudio/rserver.conf,Renviron.site:/usr/local/lib/R/etc/Renviron,sessions:/hpc/home/ajj54/.local/share/rstudio/sessions,/work:/work,/hpc/group/borsuklab:/hpc/group/borsuklab /opt/apps/containers/oit/rstudio/ondemand_bioconductor.sif rserver
VERBOSE: Not forwarding APPTAINER_VERBOSE environment variable
VERBOSE: Setting HOME=/hpc/home/ajj54
VERBOSE: Setting PATH=/usr/local/sbin:/usr/local/bin:/usr/sbin:/usr/bin:/sbin:/bin
VERBOSE: Set messagelevel to: 4
VERBOSE: Starter initialization
VERBOSE: Check if we are running as setuid: 1
VERBOSE: Drop root privileges
VERBOSE: Drop root privileges permanently
VERBOSE: Spawn stage 1
VERBOSE: Execute stage 1
VERBOSE: stage 1 exited with status 0
VERBOSE: Get root privileges
VERBOSE: Change filesystem uid to 1546375
VERBOSE: Spawn master process
VERBOSE: Create mount namespace
VERBOSE: Entering in mount namespace
VERBOSE: Create mount namespace
VERBOSE: Spawn RPC server
VERBOSE: Execute master process
VERBOSE: Default mount: /proc:/proc
VERBOSE: Default mount: /sys:/sys
VERBOSE: Default mount: /dev:/dev
VERBOSE: Found 'bind path' = /etc/localtime, /etc/localtime
VERBOSE: Found 'bind path' = /etc/hosts, /etc/hosts
VERBOSE: Default mount: /tmp:/tmp
VERBOSE: Default mount: /var/tmp:/var/tmp
VERBOSE: Default mount: /etc/resolv.conf:/etc/resolv.conf
VERBOSE: Serve RPC requests
VERBOSE: Checking for template passwd file: /var/apptainer/mnt/session/rootfs/etc/passwd
VERBOSE: Creating passwd content
VERBOSE: Creating template passwd file and appending user data: /var/apptainer/mnt/session/rootfs/etc/passwd
VERBOSE: Default mount: /etc/passwd:/etc/passwd
VERBOSE: Checking for template group file: /var/apptainer/mnt/session/rootfs/etc/group
VERBOSE: Creating group content
VERBOSE: Default mount: /etc/group:/etc/group
VERBOSE: /hpc/home/ajj54/ondemand/data/sys/dashboard/batch_connect/sys/bc_rstudio_apptainer/output/0b917596-9db0-43e1-8631-c9875fb90016 found within container
VERBOSE: rpc server exited with status 0
VERBOSE: Execute stage 2
Discovered RStudio Server listening on port 51428!
Generating connection YAML file...
slurmstepd: error: *** JOB 14869752 ON dcc-core-25 CANCELLED AT 2024-08-22T12:23:29 ***
