2024-08-27 13:30:34.991 [info] Extension host with pid 755223 started
2024-08-27 13:30:34.991 [error] Error: EEXIST: file already exists, open '/hpc/home/ajj54/.local/share/code-server/User/workspaceStorage/28b74b7f/vscode.lock'
2024-08-27 13:30:35.020 [info] Lock '/hpc/home/ajj54/.local/share/code-server/User/workspaceStorage/28b74b7f/vscode.lock': Could not acquire lock, checking if the file is stale.
2024-08-27 13:30:35.067 [info] ExtensionService#_doActivateExtension vscode.git-base, startup: true, activationEvent: '*', root cause: vscode.git
2024-08-27 13:30:35.125 [info] Lock '/hpc/home/ajj54/.local/share/code-server/User/workspaceStorage/28b74b7f/vscode.lock': The pid 1004601 appears to be gone.
2024-08-27 13:30:35.125 [info] Lock '/hpc/home/ajj54/.local/share/code-server/User/workspaceStorage/28b74b7f/vscode.lock': Deleting a stale lock.
2024-08-27 13:30:35.150 [info] Lock '/hpc/home/ajj54/.local/share/code-server/User/workspaceStorage/28b74b7f/vscode.lock': Lock acquired.
2024-08-27 13:30:35.166 [info] ExtensionService#_doActivateExtension vscode.git, startup: true, activationEvent: '*'
2024-08-27 13:30:35.167 [info] ExtensionService#_doActivateExtension vscode.github, startup: true, activationEvent: '*'
2024-08-27 13:30:36.170 [info] Eager extensions activated
2024-08-27 13:30:36.170 [info] ExtensionService#_doActivateExtension vscode.debug-auto-launch, startup: false, activationEvent: 'onStartupFinished'
2024-08-27 13:30:36.172 [info] ExtensionService#_doActivateExtension vscode.merge-conflict, startup: false, activationEvent: 'onStartupFinished'
2024-08-27 13:30:38.544 [debug] ProxyResolver#loadSystemCertificates count 143
2024-08-27 13:30:38.545 [debug] ProxyResolver#loadSystemCertificates parse error Error: error:0480006C:PEM routines::no start line
	at new X509Certificate (node:internal/crypto/x509:119:21)
	at /admin/apps/rhel9/code-server-4.90.2/lib/vscode/node_modules/@vscode/proxy-agent/out/index.js:493:48
	at Array.filter (<anonymous>)
	at /admin/apps/rhel9/code-server-4.90.2/lib/vscode/node_modules/@vscode/proxy-agent/out/index.js:491:26
	at Generator.next (<anonymous>)
	at fulfilled (/admin/apps/rhel9/code-server-4.90.2/lib/vscode/node_modules/@vscode/proxy-agent/out/index.js:32:58)
2024-08-27 13:30:38.612 [debug] ProxyResolver#loadSystemCertificates count filtered 139
2024-08-27 13:30:38.616 [debug] ProxyResolver#resolveProxy unconfigured https://mobile.events.data.microsoft.com/OneCollector/1.0?cors=true&content-type=application/x-json-stream DIRECT 
2024-08-27 13:30:45.903 [info] ExtensionService#_doActivateExtension vscode.emmet, startup: false, activationEvent: 'onLanguage'
2024-08-27 13:31:20.422 [info] ExtensionService#_doActivateExtension vscode.ipynb, startup: false, activationEvent: 'onNotebookSerializer:jupyter-notebook'
2024-08-27 13:31:20.919 [debug] ExtHostNotebook#$acceptEditorPropertiesChanged 386341d3-a488-432a-99f6-167fdf467000 {"selections":{"selections":[{"start":0,"end":1}]}}
2024-08-27 13:31:20.920 [debug] ExtHostNotebook#$acceptEditorPropertiesChanged 386341d3-a488-432a-99f6-167fdf467000 {"visibleRanges":{"ranges":[{"start":0,"end":3}]}}
2024-08-27 13:31:20.920 [debug] ExtHostNotebook#$acceptEditorPropertiesChanged 386341d3-a488-432a-99f6-167fdf467000 {"selections":{"selections":[{"start":0,"end":1}]}}
2024-08-27 13:31:26.521 [debug] ExtHostNotebook#$acceptEditorPropertiesChanged 386341d3-a488-432a-99f6-167fdf467000 {"selections":{"selections":[{"start":2,"end":3}]}}
