2024-08-23 07:29:49.388 [info] Log level: Debug
2024-08-23 07:29:49.388 [info] Validating found git in: "git"
2024-08-23 07:29:49.388 [info] Using git "2.43.0" from "git"
2024-08-23 07:29:49.388 [info] > git rev-parse --show-toplevel [5ms]
2024-08-23 07:29:49.388 [info] fatal: not a git repository (or any parent up to mount point /hpc)
Stopping at filesystem boundary (GIT_DISCOVERY_ACROSS_FILESYSTEM not set).
2024-08-23 07:29:49.388 [info] > git rev-parse --show-toplevel [5ms]
2024-08-23 07:29:49.388 [info] fatal: not a git repository (or any parent up to mount point /hpc)
Stopping at filesystem boundary (GIT_DISCOVERY_ACROSS_FILESYSTEM not set).
2024-08-23 07:29:49.390 [info] > git rev-parse --show-toplevel [5ms]
2024-08-23 07:29:49.390 [info] fatal: not a git repository (or any parent up to mount point /hpc)
Stopping at filesystem boundary (GIT_DISCOVERY_ACROSS_FILESYSTEM not set).
2024-08-23 07:29:49.400 [info] > git rev-parse --show-toplevel [5ms]
2024-08-23 07:29:49.401 [info] fatal: not a git repository (or any parent up to mount point /hpc)
Stopping at filesystem boundary (GIT_DISCOVERY_ACROSS_FILESYSTEM not set).
2024-08-23 07:29:49.421 [info] > git rev-parse --show-toplevel [14ms]
2024-08-23 07:29:49.421 [info] fatal: not a git repository (or any parent up to mount point /hpc)
Stopping at filesystem boundary (GIT_DISCOVERY_ACROSS_FILESYSTEM not set).
2024-08-23 07:29:49.432 [info] > git rev-parse --show-toplevel [5ms]
2024-08-23 07:29:49.432 [info] fatal: not a git repository (or any parent up to mount point /hpc)
Stopping at filesystem boundary (GIT_DISCOVERY_ACROSS_FILESYSTEM not set).
2024-08-23 07:29:49.444 [info] > git rev-parse --show-toplevel [6ms]
2024-08-23 07:29:49.444 [info] fatal: not a git repository (or any parent up to mount point /hpc)
Stopping at filesystem boundary (GIT_DISCOVERY_ACROSS_FILESYSTEM not set).
2024-08-23 07:29:49.457 [info] > git rev-parse --show-toplevel [7ms]
2024-08-23 07:29:49.457 [info] fatal: not a git repository (or any parent up to mount point /hpc)
Stopping at filesystem boundary (GIT_DISCOVERY_ACROSS_FILESYSTEM not set).
2024-08-23 07:29:49.470 [info] > git rev-parse --show-toplevel [7ms]
2024-08-23 07:29:49.470 [info] fatal: not a git repository (or any parent up to mount point /hpc)
Stopping at filesystem boundary (GIT_DISCOVERY_ACROSS_FILESYSTEM not set).
2024-08-23 07:29:49.480 [info] > git rev-parse --show-toplevel [4ms]
2024-08-23 07:29:49.480 [info] fatal: not a git repository (or any parent up to mount point /hpc)
Stopping at filesystem boundary (GIT_DISCOVERY_ACROSS_FILESYSTEM not set).
2024-08-23 07:29:49.493 [info] > git rev-parse --show-toplevel [7ms]
2024-08-23 07:29:49.493 [info] fatal: not a git repository (or any parent up to mount point /hpc)
Stopping at filesystem boundary (GIT_DISCOVERY_ACROSS_FILESYSTEM not set).
2024-08-23 07:29:49.502 [info] > git rev-parse --show-toplevel [4ms]
2024-08-23 07:29:49.502 [info] fatal: not a git repository (or any parent up to mount point /hpc)
Stopping at filesystem boundary (GIT_DISCOVERY_ACROSS_FILESYSTEM not set).
2024-08-23 07:29:49.513 [info] > git rev-parse --show-toplevel [6ms]
2024-08-23 07:29:49.513 [info] fatal: not a git repository (or any parent up to mount point /hpc)
Stopping at filesystem boundary (GIT_DISCOVERY_ACROSS_FILESYSTEM not set).
2024-08-23 07:29:49.523 [info] > git rev-parse --show-toplevel [4ms]
2024-08-23 07:29:49.523 [info] fatal: not a git repository (or any parent up to mount point /hpc)
Stopping at filesystem boundary (GIT_DISCOVERY_ACROSS_FILESYSTEM not set).
2024-08-23 07:29:49.535 [info] > git rev-parse --show-toplevel [6ms]
2024-08-23 07:29:49.535 [info] fatal: not a git repository (or any parent up to mount point /hpc)
Stopping at filesystem boundary (GIT_DISCOVERY_ACROSS_FILESYSTEM not set).
2024-08-23 07:29:49.544 [info] > git rev-parse --show-toplevel [4ms]
2024-08-23 07:29:49.544 [info] fatal: not a git repository (or any parent up to mount point /hpc)
Stopping at filesystem boundary (GIT_DISCOVERY_ACROSS_FILESYSTEM not set).
2024-08-23 07:30:11.486 [info] > git rev-parse --show-toplevel [190ms]
2024-08-23 07:30:11.486 [info] fatal: not a git repository (or any parent up to mount point /hpc)
Stopping at filesystem boundary (GIT_DISCOVERY_ACROSS_FILESYSTEM not set).
