2024-08-27 13:42:29.636 [info] Log level: Debug
2024-08-27 13:42:29.637 [info] Validating found git in: "git"
2024-08-27 13:42:29.637 [info] Using git "2.43.0" from "git"
2024-08-27 13:42:29.637 [info] > git rev-parse --show-toplevel [81ms]
2024-08-27 13:42:29.637 [info] fatal: not a git repository (or any parent up to mount point /hpc)
Stopping at filesystem boundary (GIT_DISCOVERY_ACROSS_FILESYSTEM not set).
2024-08-27 13:42:29.637 [info] > git rev-parse --show-toplevel [8ms]
2024-08-27 13:42:29.637 [info] fatal: not a git repository (or any parent up to mount point /hpc)
Stopping at filesystem boundary (GIT_DISCOVERY_ACROSS_FILESYSTEM not set).
2024-08-27 13:42:29.637 [info] > git rev-parse --show-toplevel [6ms]
2024-08-27 13:42:29.637 [info] fatal: not a git repository (or any parent up to mount point /hpc)
Stopping at filesystem boundary (GIT_DISCOVERY_ACROSS_FILESYSTEM not set).
2024-08-27 13:42:29.637 [info] > git rev-parse --show-toplevel [12ms]
2024-08-27 13:42:29.637 [info] fatal: not a git repository (or any parent up to mount point /hpc)
Stopping at filesystem boundary (GIT_DISCOVERY_ACROSS_FILESYSTEM not set).
2024-08-27 13:42:29.637 [info] > git rev-parse --show-toplevel [5ms]
2024-08-27 13:42:29.637 [info] fatal: not a git repository (or any parent up to mount point /hpc)
Stopping at filesystem boundary (GIT_DISCOVERY_ACROSS_FILESYSTEM not set).
2024-08-27 13:42:29.637 [info] > git rev-parse --show-toplevel [4ms]
2024-08-27 13:42:29.637 [info] fatal: not a git repository (or any parent up to mount point /hpc)
Stopping at filesystem boundary (GIT_DISCOVERY_ACROSS_FILESYSTEM not set).
2024-08-27 13:42:29.637 [info] > git rev-parse --show-toplevel [2ms]
2024-08-27 13:42:29.637 [info] fatal: not a git repository (or any parent up to mount point /hpc)
Stopping at filesystem boundary (GIT_DISCOVERY_ACROSS_FILESYSTEM not set).
2024-08-27 13:42:29.637 [info] > git rev-parse --show-toplevel [5ms]
2024-08-27 13:42:29.637 [info] fatal: not a git repository (or any parent up to mount point /hpc)
Stopping at filesystem boundary (GIT_DISCOVERY_ACROSS_FILESYSTEM not set).
2024-08-27 13:42:29.637 [info] > git rev-parse --show-toplevel [5ms]
2024-08-27 13:42:29.637 [info] fatal: not a git repository (or any parent up to mount point /hpc)
Stopping at filesystem boundary (GIT_DISCOVERY_ACROSS_FILESYSTEM not set).
2024-08-27 13:42:29.637 [info] > git rev-parse --show-toplevel [3ms]
2024-08-27 13:42:29.637 [info] fatal: not a git repository (or any parent up to mount point /hpc)
Stopping at filesystem boundary (GIT_DISCOVERY_ACROSS_FILESYSTEM not set).
2024-08-27 13:42:29.637 [info] > git rev-parse --show-toplevel [5ms]
2024-08-27 13:42:29.637 [info] fatal: not a git repository (or any parent up to mount point /hpc)
Stopping at filesystem boundary (GIT_DISCOVERY_ACROSS_FILESYSTEM not set).
2024-08-27 13:42:29.639 [info] > git rev-parse --show-toplevel [119ms]
2024-08-27 13:42:29.639 [info] fatal: not a git repository (or any parent up to mount point /hpc)
Stopping at filesystem boundary (GIT_DISCOVERY_ACROSS_FILESYSTEM not set).
2024-08-27 13:42:29.777 [info] > git rev-parse --show-toplevel [110ms]
2024-08-27 13:42:29.777 [info] fatal: not a git repository (or any parent up to mount point /hpc)
Stopping at filesystem boundary (GIT_DISCOVERY_ACROSS_FILESYSTEM not set).
2024-08-27 13:42:29.795 [info] > git rev-parse --show-toplevel [11ms]
2024-08-27 13:42:29.795 [info] fatal: not a git repository (or any parent up to mount point /hpc)
Stopping at filesystem boundary (GIT_DISCOVERY_ACROSS_FILESYSTEM not set).
2024-08-27 13:42:29.809 [info] > git rev-parse --show-toplevel [6ms]
2024-08-27 13:42:29.809 [info] fatal: not a git repository (or any parent up to mount point /hpc)
Stopping at filesystem boundary (GIT_DISCOVERY_ACROSS_FILESYSTEM not set).
2024-08-27 13:42:29.826 [info] > git rev-parse --show-toplevel [9ms]
2024-08-27 13:42:29.826 [info] fatal: not a git repository (or any parent up to mount point /hpc)
Stopping at filesystem boundary (GIT_DISCOVERY_ACROSS_FILESYSTEM not set).
2024-08-27 13:42:29.838 [info] > git rev-parse --show-toplevel [5ms]
2024-08-27 13:42:29.838 [info] fatal: not a git repository (or any parent up to mount point /hpc)
Stopping at filesystem boundary (GIT_DISCOVERY_ACROSS_FILESYSTEM not set).
2024-08-27 13:42:29.849 [info] > git rev-parse --show-toplevel [5ms]
2024-08-27 13:42:29.849 [info] fatal: not a git repository (or any parent up to mount point /hpc)
Stopping at filesystem boundary (GIT_DISCOVERY_ACROSS_FILESYSTEM not set).
2024-08-27 13:42:37.206 [info] > git rev-parse --show-toplevel [5ms]
2024-08-27 13:42:37.206 [info] fatal: not a git repository (or any parent up to mount point /hpc)
Stopping at filesystem boundary (GIT_DISCOVERY_ACROSS_FILESYSTEM not set).
2024-08-27 13:45:10.603 [info] > git rev-parse --show-toplevel [11ms]
2024-08-27 13:45:10.603 [info] fatal: not a git repository (or any parent up to mount point /hpc)
Stopping at filesystem boundary (GIT_DISCOVERY_ACROSS_FILESYSTEM not set).
2024-08-27 13:45:11.303 [warning] Failed to get repository realpath for: "/hpc/home/ajj54/.local/share/code-server/extensions/.0e336cf0-d8d4-4cc0-adc9-6434f2c2d267/bundled/libs/debugpy/_vendored/pydevd/pydevd_attach_to_process/linux_and_mac/". Error: ENOENT: no such file or directory, realpath '/hpc/home/ajj54/.local/share/code-server/extensions/.0e336cf0-d8d4-4cc0-adc9-6434f2c2d267/bundled/libs/debugpy/_vendored/pydevd/pydevd_attach_to_process/linux_and_mac/'
2024-08-27 13:45:31.105 [info] > git rev-parse --show-toplevel [54ms]
2024-08-27 13:45:31.106 [info] fatal: not a git repository (or any parent up to mount point /hpc)
Stopping at filesystem boundary (GIT_DISCOVERY_ACROSS_FILESYSTEM not set).
2024-08-27 13:45:36.944 [info] > git rev-parse --show-toplevel [4ms]
2024-08-27 13:45:36.944 [info] fatal: not a git repository (or any parent up to mount point /hpc)
Stopping at filesystem boundary (GIT_DISCOVERY_ACROSS_FILESYSTEM not set).
2024-08-27 14:08:57.641 [info] > git rev-parse --show-toplevel [5ms]
2024-08-27 14:08:57.642 [info] fatal: not a git repository (or any parent up to mount point /hpc)
Stopping at filesystem boundary (GIT_DISCOVERY_ACROSS_FILESYSTEM not set).
2024-08-27 14:09:01.522 [info] > git rev-parse --show-toplevel [5ms]
2024-08-27 14:09:01.522 [info] fatal: not a git repository (or any parent up to mount point /hpc)
Stopping at filesystem boundary (GIT_DISCOVERY_ACROSS_FILESYSTEM not set).
2024-08-27 14:11:39.534 [info] > git rev-parse --show-toplevel [3ms]
2024-08-27 14:11:39.534 [info] fatal: not a git repository (or any parent up to mount point /hpc)
Stopping at filesystem boundary (GIT_DISCOVERY_ACROSS_FILESYSTEM not set).
2024-08-27 14:11:42.246 [info] > git rev-parse --show-toplevel [3ms]
2024-08-27 14:11:42.246 [info] fatal: not a git repository (or any parent up to mount point /hpc)
Stopping at filesystem boundary (GIT_DISCOVERY_ACROSS_FILESYSTEM not set).
2024-08-27 14:11:43.723 [info] > git rev-parse --show-toplevel [3ms]
2024-08-27 14:11:43.724 [info] fatal: not a git repository (or any parent up to mount point /hpc)
Stopping at filesystem boundary (GIT_DISCOVERY_ACROSS_FILESYSTEM not set).
2024-08-27 14:11:51.633 [info] > git rev-parse --show-toplevel [3ms]
2024-08-27 14:11:51.633 [info] fatal: not a git repository (or any parent up to mount point /hpc)
Stopping at filesystem boundary (GIT_DISCOVERY_ACROSS_FILESYSTEM not set).
2024-08-27 14:12:31.886 [info] > git rev-parse --show-toplevel [2ms]
2024-08-27 14:12:31.886 [info] fatal: not a git repository (or any parent up to mount point /hpc)
Stopping at filesystem boundary (GIT_DISCOVERY_ACROSS_FILESYSTEM not set).
2024-08-27 14:12:48.394 [info] > git rev-parse --show-toplevel [4ms]
2024-08-27 14:12:48.394 [info] fatal: not a git repository (or any parent up to mount point /hpc)
Stopping at filesystem boundary (GIT_DISCOVERY_ACROSS_FILESYSTEM not set).
