Script starting...
Waiting for Jupyter Lab server to open port 52605...
TIMING - Starting wait at: Fri Sep  6 03:06:03 PM EDT 2024
TIMING - Starting main script at: Fri Sep  6 03:06:03 PM EDT 2024
Anaconda3 2021.05
Currently Loaded Modulefiles:
 1) Anaconda3/2021.05  
TIMING - Starting jupyter at: Fri Sep  6 03:06:05 PM EDT 2024
+ jupyter lab --config=/hpc/home/ajj54/ondemand/data/sys/dashboard/batch_connect/sys/bc_jupyter/output/9d0610b8-1d4b-4bcd-a58f-2f428d52b457/config.py
[I 2024-09-06 15:06:16.518 ServerApp] jupyterlab | extension was successfully linked.
[I 2024-09-06 15:06:18.385 ServerApp] nbclassic | extension was successfully linked.
[W 2024-09-06 15:06:18.568 ServerApp] WARNING: The Jupyter server is listening on all IP addresses and not using encryption. This is not recommended.
[I 2024-09-06 15:06:18.595 LabApp] JupyterLab extension loaded from /opt/apps/rhel8/Anaconda3-2021.05/lib/python3.8/site-packages/jupyterlab
[I 2024-09-06 15:06:18.596 LabApp] JupyterLab application directory is /admin/apps/rhel8/Anaconda3-2021.05/share/jupyter/lab
[I 2024-09-06 15:06:18.606 ServerApp] jupyterlab | extension was successfully loaded.
[I 2024-09-06 15:06:18.636 ServerApp] nbclassic | extension was successfully loaded.
[I 2024-09-06 15:06:18.636 ServerApp] Serving notebooks from local directory: /hpc/home/ajj54
[I 2024-09-06 15:06:18.636 ServerApp] Jupyter Server 1.4.1 is running at:
[I 2024-09-06 15:06:18.636 ServerApp] http://dcc-core-25:52605/node/dcc-core-25/52605/lab
[I 2024-09-06 15:06:18.636 ServerApp]  or http://127.0.0.1:52605/node/dcc-core-25/52605/lab
[I 2024-09-06 15:06:18.637 ServerApp] Use Control-C to stop this server and shut down all kernels (twice to skip confirmation).
[W 2024-09-06 15:06:18.696 ServerApp] No web browser found: could not locate runnable browser.
Discovered Jupyter Lab server listening on port 52605!
TIMING - Wait ended at: Fri Sep  6 03:06:18 PM EDT 2024
Generating connection YAML file...
[I 2024-09-06 15:07:15.209 ServerApp] 302 POST /node/dcc-core-25/52605/login (10.183.18.196) 4.36ms
[I 2024-09-06 15:07:15.286 ServerApp] 302 GET /node/dcc-core-25/52605/ (10.183.18.196) 1.55ms
[W 2024-09-06 15:07:23.562 LabApp] Could not determine jupyterlab build status without nodejs
[W 2024-09-06 15:07:26.001 ServerApp] 500 GET /node/dcc-core-25/52605/api/nbconvert?1725649642916 (10.183.18.196): Could not import nbconvert: cannot import name 'contextfilter' from 'jinja2' (/hpc/home/ajj54/.local/lib/python3.8/site-packages/jinja2/__init__.py)
[W 2024-09-06 15:07:26.002 ServerApp] Could not import nbconvert: cannot import name 'contextfilter' from 'jinja2' (/hpc/home/ajj54/.local/lib/python3.8/site-packages/jinja2/__init__.py)
[E 2024-09-06 15:07:26.003 ServerApp] {
      "Host": "dcc-core-25:52605",
      "Sec-Ch-Ua": "\"Chromium\";v=\"128\", \"Not;A=Brand\";v=\"24\", \"Google Chrome\";v=\"128\"",
      "Sec-Ch-Ua-Platform": "\"Windows\"",
      "X-Xsrftoken": "2|d35778c6|197e7e034386372ee46da792e60f85c5|1725649635",
      "Sec-Ch-Ua-Mobile": "?0",
      "User-Agent": "Mozilla/5.0 (Windows NT 10.0; Win64; x64) AppleWebKit/537.36 (KHTML, like Gecko) Chrome/128.0.0.0 Safari/537.36",
      "Content-Type": "application/json",
      "Accept": "*/*",
      "Sec-Fetch-Site": "same-origin",
      "Sec-Fetch-Mode": "cors",
      "Sec-Fetch-Dest": "empty",
      "Referer": "https://dcc-ondemand-01.oit.duke.edu/node/dcc-core-25/52605/lab?",
      "Accept-Encoding": "gzip, deflate, br, zstd",
      "Accept-Language": "en-US,en;q=0.9",
      "Cookie": "username-dcc-core-25-52605=\"2|1:0|10:1725649635|26:username-dcc-core-25-52605|44:YmU0YWE5NThjMzNjNDQ5NjlhM2YzZGVmMzJmZDJjMjA=|43cf5070c58699a72374651a7fd316ad7714b718fa009f18ff8345fd02c33d6f\"; _xsrf=2|d35778c6|197e7e034386372ee46da792e60f85c5|1725649635; _ga_5R4BP9RPSY=GS1.1.1721934655.1.1.1721935869.0.0.0; _gcl_au=1.1.93754352.1721940098; _rdt_uuid=1721940098878.dabc33fa-484e-4dec-881d-b82df815ed07; _fbp=fb.1.1721940099129.232582454193655244; _hjSessionUser_3209393=eyJpZCI6ImQwYjViNDc1LTMzYjUtNTI3Yy05YTM2LTY2Njg5YjcyNjE2YSIsImNyZWF0ZWQiOjE3MjE5NDAwOTkyNjUsImV4aXN0aW5nIjpmYWxzZX0=; _ga_JDRK8M0914=GS1.1.1721940098.1.0.1721940100.0.0.0; _ga_VP33BWKZP1=GS1.1.1721940098.1.0.1721940100.58.0.0; _ga_FQH8MG1Z9C=GS1.1.1721940097.2.1.1721940122.35.0.0; _ga_T7KHMBY40X=GS1.2.1721940141.1.0.1721940141.0.0.0; _ga_18T0J58HVL=GS1.1.1721940139.1.1.1721940261.0.0.0; _ga_THGXZ7DM6Q=GS1.1.1721946265.3.0.1721946283.0.0.0; _ga_2BEJD95ZW1=GS1.1.1721946265.3.0.1721946283.0.0.0; _ga_RB5H4BVBQT=GS1.1.1722516832.4.0.1722516832.0.0.0; _ga_HJ9GVFLS08=GS1.1.1722868908.1.1.1722868942.0.0.0; _ga_T34M7MV779=GS1.1.1723046187.2.1.1723046230.0.0.0; _ga_STDXEBPYV0=GS1.1.1723836371.2.0.1723836375.0.0.0; _clck=gppc4e%7C2%7Cfok%7C0%7C1667; _ga_GJFVDNDC6R=GS1.1.1724416384.1.1.1724417971.0.0.0; _ga_CNR00DKCGC=GS1.1.1724419204.2.0.1724419204.0.0.0; fpestid=YuMy8l61xBOxJMmrwPXsLH9IO9nod1WVaCi0H0OGeWzzSbxFT1CVffHq1a5R6XC8f7KKTA; _cc_id=e34c23b3d68f4570548755eef3c55801; _ga=GA1.1.1481303474.1721829798; _ga_7LNNFG7NW2=GS1.1.1724609648.1.1.1724609667.0.0.0; _ga_ZGEZX7R0BR=GS1.1.1724609649.1.1.1724609667.0.0.0; _ga_LH9ENGBHNG=GS1.1.1724610552.3.0.1724610552.0.0.0; _ga_SYW5D2PTM9=GS1.1.1724610561.1.1.1724610927.0.0.0; _ga_3VP6LF1NFL=GS1.1.1724610640.1.1.1724610927.0.0.0; _ga_4KL7HLELGY=GS1.1.1724722840.4.0.1724722840.60.0.0; _ga_79GD7X288Z=GS1.1.1724947241.6.0.1724947241.0.0.0; SAPWP_active=1; _ga_9SLH7QHRC3=GS1.1.1725147211.2.0.1725147211.0.0.0; PS_TokenSite=https://dukehub.duke.edu/psp/CSPRD01_9/?siss-csweb-303-5600-PORTAL-PSJSESSIONID; SignOnDefault=; hpt_institution=DUKEU; ExpirePage=https://dukehub.duke.edu/psp/CSPRD01_9/; PS_LOGINLIST=https://dukehub.duke.edu/CSPRD01; PS_TOKEN=ogAAAAQDAgEBAAAAvAIAAAAAAAAsAAAABABTaGRyAk4Abwg4AC4AMQAwABR8YMvwUFLO6kJw1aQs5Qh/2P+TumIAAAAFAFNkYXRhVnicHYzBCYAwEAQnUXymE8XkEiRvFX8iWogNWpxL7jGz7MK9QN955+TP0y4YM0alsBAZdk4OwsrDxc2mNZKTlMiMcm00MaqblItYWjY565Fp4wdKYAq9; PS_LASTSITE=https://dukehub.duke.edu/psp/CSPRD01_9/; ps_theme=node:SA portal:EMPLOYEE theme_id:DU_PRD_DEFAULT_THEME_FLUID css:DU_PRD_BRAND_CLASSIC_TMPL_860 css_f:DU_PRD_BRAND_FLUID_TMPL_860 accessibility:N macroset:DU_MACROSET_PRD_860 formfactor:3 piamode:2; CSRFCookie=c4443684-5d37-4f86-b063-37144581bc21; PS_TOKENEXPIRE=3_Sep_2024_20:06:32_GMT; _ga_WB1N5CCGML=GS1.1.1725394887.7.0.1725394888.0.0.0; _ga_8PZ75Y3FMV=GS1.1.1725541955.8.0.1725541957.0.0.0; _hp2_props.3001039959=%7B%22Base.appName%22%3A%22Canvas%22%7D; _hp2_id.3001039959=%7B%22userId%22%3A%225230993266289319%22%2C%22pageviewId%22%3A%22346337821668856%22%2C%22sessionId%22%3A%223458565838805923%22%2C%22identity%22%3A%22uu-2-bfb8cec48274feadf5dcba5a8bdcfc3a247717c162275eb6c4327f7892066a12-aSv0eXf2o2liik7LauscbHJllzIjnV1XuSfipj9L%22%2C%22trackerVersion%22%3A%224.0%22%2C%22identityField%22%3Anull%2C%22isIdentified%22%3A1%7D",
      "X-Forwarded-Proto": "https",
      "X-Forwarded-User": "ajj54",
      "X-Forwarded-Escaped-Uri": "%2fnode%2fdcc-core-25%2f52605%2fapi%2fnbconvert%3f1725649642916",
      "Via": "1.1 dcc-ondemand-01.oit.duke.edu",
      "X-Forwarded-For": "76.36.237.156",
      "X-Forwarded-Host": "dcc-ondemand-01.oit.duke.edu",
      "X-Forwarded-Server": "dcc-ondemand-01.oit.duke.edu",
      "Connection": "close"
    }
[E 2024-09-06 15:07:26.003 ServerApp] 500 GET /node/dcc-core-25/52605/api/nbconvert?1725649642916 (10.183.18.196) 49.92ms referer=https://dcc-ondemand-01.oit.duke.edu/node/dcc-core-25/52605/lab?
[W 2024-09-06 15:07:26.009 ServerApp] 500 GET /node/dcc-core-25/52605/api/nbconvert?1725649642971 (10.183.18.196): Could not import nbconvert: cannot import name 'contextfilter' from 'jinja2' (/hpc/home/ajj54/.local/lib/python3.8/site-packages/jinja2/__init__.py)
[W 2024-09-06 15:07:26.010 ServerApp] Could not import nbconvert: cannot import name 'contextfilter' from 'jinja2' (/hpc/home/ajj54/.local/lib/python3.8/site-packages/jinja2/__init__.py)
[E 2024-09-06 15:07:26.011 ServerApp] {
      "Host": "dcc-core-25:52605",
      "Sec-Ch-Ua": "\"Chromium\";v=\"128\", \"Not;A=Brand\";v=\"24\", \"Google Chrome\";v=\"128\"",
      "Sec-Ch-Ua-Platform": "\"Windows\"",
      "X-Xsrftoken": "2|d35778c6|197e7e034386372ee46da792e60f85c5|1725649635",
      "Sec-Ch-Ua-Mobile": "?0",
      "User-Agent": "Mozilla/5.0 (Windows NT 10.0; Win64; x64) AppleWebKit/537.36 (KHTML, like Gecko) Chrome/128.0.0.0 Safari/537.36",
      "Content-Type": "application/json",
      "Accept": "*/*",
      "Sec-Fetch-Site": "same-origin",
      "Sec-Fetch-Mode": "cors",
      "Sec-Fetch-Dest": "empty",
      "Referer": "https://dcc-ondemand-01.oit.duke.edu/node/dcc-core-25/52605/lab?",
      "Accept-Encoding": "gzip, deflate, br, zstd",
      "Accept-Language": "en-US,en;q=0.9",
      "Cookie": "username-dcc-core-25-52605=\"2|1:0|10:1725649635|26:username-dcc-core-25-52605|44:YmU0YWE5NThjMzNjNDQ5NjlhM2YzZGVmMzJmZDJjMjA=|43cf5070c58699a72374651a7fd316ad7714b718fa009f18ff8345fd02c33d6f\"; _xsrf=2|d35778c6|197e7e034386372ee46da792e60f85c5|1725649635; _ga_5R4BP9RPSY=GS1.1.1721934655.1.1.1721935869.0.0.0; _gcl_au=1.1.93754352.1721940098; _rdt_uuid=1721940098878.dabc33fa-484e-4dec-881d-b82df815ed07; _fbp=fb.1.1721940099129.232582454193655244; _hjSessionUser_3209393=eyJpZCI6ImQwYjViNDc1LTMzYjUtNTI3Yy05YTM2LTY2Njg5YjcyNjE2YSIsImNyZWF0ZWQiOjE3MjE5NDAwOTkyNjUsImV4aXN0aW5nIjpmYWxzZX0=; _ga_JDRK8M0914=GS1.1.1721940098.1.0.1721940100.0.0.0; _ga_VP33BWKZP1=GS1.1.1721940098.1.0.1721940100.58.0.0; _ga_FQH8MG1Z9C=GS1.1.1721940097.2.1.1721940122.35.0.0; _ga_T7KHMBY40X=GS1.2.1721940141.1.0.1721940141.0.0.0; _ga_18T0J58HVL=GS1.1.1721940139.1.1.1721940261.0.0.0; _ga_THGXZ7DM6Q=GS1.1.1721946265.3.0.1721946283.0.0.0; _ga_2BEJD95ZW1=GS1.1.1721946265.3.0.1721946283.0.0.0; _ga_RB5H4BVBQT=GS1.1.1722516832.4.0.1722516832.0.0.0; _ga_HJ9GVFLS08=GS1.1.1722868908.1.1.1722868942.0.0.0; _ga_T34M7MV779=GS1.1.1723046187.2.1.1723046230.0.0.0; _ga_STDXEBPYV0=GS1.1.1723836371.2.0.1723836375.0.0.0; _clck=gppc4e%7C2%7Cfok%7C0%7C1667; _ga_GJFVDNDC6R=GS1.1.1724416384.1.1.1724417971.0.0.0; _ga_CNR00DKCGC=GS1.1.1724419204.2.0.1724419204.0.0.0; fpestid=YuMy8l61xBOxJMmrwPXsLH9IO9nod1WVaCi0H0OGeWzzSbxFT1CVffHq1a5R6XC8f7KKTA; _cc_id=e34c23b3d68f4570548755eef3c55801; _ga=GA1.1.1481303474.1721829798; _ga_7LNNFG7NW2=GS1.1.1724609648.1.1.1724609667.0.0.0; _ga_ZGEZX7R0BR=GS1.1.1724609649.1.1.1724609667.0.0.0; _ga_LH9ENGBHNG=GS1.1.1724610552.3.0.1724610552.0.0.0; _ga_SYW5D2PTM9=GS1.1.1724610561.1.1.1724610927.0.0.0; _ga_3VP6LF1NFL=GS1.1.1724610640.1.1.1724610927.0.0.0; _ga_4KL7HLELGY=GS1.1.1724722840.4.0.1724722840.60.0.0; _ga_79GD7X288Z=GS1.1.1724947241.6.0.1724947241.0.0.0; SAPWP_active=1; _ga_9SLH7QHRC3=GS1.1.1725147211.2.0.1725147211.0.0.0; PS_TokenSite=https://dukehub.duke.edu/psp/CSPRD01_9/?siss-csweb-303-5600-PORTAL-PSJSESSIONID; SignOnDefault=; hpt_institution=DUKEU; ExpirePage=https://dukehub.duke.edu/psp/CSPRD01_9/; PS_LOGINLIST=https://dukehub.duke.edu/CSPRD01; PS_TOKEN=ogAAAAQDAgEBAAAAvAIAAAAAAAAsAAAABABTaGRyAk4Abwg4AC4AMQAwABR8YMvwUFLO6kJw1aQs5Qh/2P+TumIAAAAFAFNkYXRhVnicHYzBCYAwEAQnUXymE8XkEiRvFX8iWogNWpxL7jGz7MK9QN955+TP0y4YM0alsBAZdk4OwsrDxc2mNZKTlMiMcm00MaqblItYWjY565Fp4wdKYAq9; PS_LASTSITE=https://dukehub.duke.edu/psp/CSPRD01_9/; ps_theme=node:SA portal:EMPLOYEE theme_id:DU_PRD_DEFAULT_THEME_FLUID css:DU_PRD_BRAND_CLASSIC_TMPL_860 css_f:DU_PRD_BRAND_FLUID_TMPL_860 accessibility:N macroset:DU_MACROSET_PRD_860 formfactor:3 piamode:2; CSRFCookie=c4443684-5d37-4f86-b063-37144581bc21; PS_TOKENEXPIRE=3_Sep_2024_20:06:32_GMT; _ga_WB1N5CCGML=GS1.1.1725394887.7.0.1725394888.0.0.0; _ga_8PZ75Y3FMV=GS1.1.1725541955.8.0.1725541957.0.0.0; _hp2_props.3001039959=%7B%22Base.appName%22%3A%22Canvas%22%7D; _hp2_id.3001039959=%7B%22userId%22%3A%225230993266289319%22%2C%22pageviewId%22%3A%22346337821668856%22%2C%22sessionId%22%3A%223458565838805923%22%2C%22identity%22%3A%22uu-2-bfb8cec48274feadf5dcba5a8bdcfc3a247717c162275eb6c4327f7892066a12-aSv0eXf2o2liik7LauscbHJllzIjnV1XuSfipj9L%22%2C%22trackerVersion%22%3A%224.0%22%2C%22identityField%22%3Anull%2C%22isIdentified%22%3A1%7D",
      "X-Forwarded-Proto": "https",
      "X-Forwarded-User": "ajj54",
      "X-Forwarded-Escaped-Uri": "%2fnode%2fdcc-core-25%2f52605%2fapi%2fnbconvert%3f1725649642971",
      "Via": "1.1 dcc-ondemand-01.oit.duke.edu",
      "X-Forwarded-For": "76.36.237.156",
      "X-Forwarded-Host": "dcc-ondemand-01.oit.duke.edu",
      "X-Forwarded-Server": "dcc-ondemand-01.oit.duke.edu",
      "Connection": "close"
    }
[E 2024-09-06 15:07:26.011 ServerApp] 500 GET /node/dcc-core-25/52605/api/nbconvert?1725649642971 (10.183.18.196) 55.78ms referer=https://dcc-ondemand-01.oit.duke.edu/node/dcc-core-25/52605/lab?
TermSocket.open: 2
[I 2024-09-06 15:07:26.487 ServerApp] New terminal with specified name: 2
TermSocket.open: Opened 2
[W 2024-09-06 15:07:27.631 ServerApp] Notebook STORMS/01_windstorm/Hazard_assessment_STORMS.ipynb is not trusted
[W 2024-09-06 15:07:27.979 ServerApp] Notebook STORMS/01_windstorm/Risk_assessment_STORMS.ipynb is not trusted
[I 2024-09-06 15:07:31.376 ServerApp] Kernel started: bfac0942-264f-4c53-98ca-9e51ab30e624
[I 2024-09-06 15:07:31.467 ServerApp] Kernel started: f0a60f43-ecdc-46bb-9f2d-ff6de84b74f9
[I 2024-09-06 15:07:31.474 ServerApp] Kernel started: 549d9cef-2569-4bbd-bc14-dea485fcb846
[I 2024-09-06 15:28:06.533 ServerApp] Saving file at /Return_Period_Example.ipynb
[I 2024-09-06 15:30:06.796 ServerApp] Saving file at /Return_Period_Example.ipynb
[I 2024-09-06 15:32:06.988 ServerApp] Saving file at /Return_Period_Example.ipynb
[I 2024-09-06 15:36:08.482 ServerApp] Saving file at /Return_Period_Example.ipynb
[I 2024-09-06 15:40:09.562 ServerApp] Saving file at /Return_Period_Example.ipynb
[I 2024-09-06 15:42:09.765 ServerApp] Saving file at /Return_Period_Example.ipynb
[I 2024-09-06 15:44:10.380 ServerApp] Saving file at /Return_Period_Example.ipynb
[I 2024-09-06 15:46:11.760 ServerApp] Saving file at /Return_Period_Example.ipynb
[I 2024-09-06 15:48:11.985 ServerApp] Saving file at /Return_Period_Example.ipynb
[I 2024-09-06 15:50:12.658 ServerApp] Saving file at /Return_Period_Example.ipynb
[I 2024-09-06 15:52:12.879 ServerApp] Saving file at /Return_Period_Example.ipynb
[I 2024-09-06 15:54:13.179 ServerApp] Saving file at /Return_Period_Example.ipynb
[I 2024-09-06 15:56:13.428 ServerApp] Saving file at /Return_Period_Example.ipynb
[I 2024-09-06 15:58:14.594 ServerApp] Saving file at /Return_Period_Example.ipynb
[I 2024-09-06 16:00:14.876 ServerApp] Saving file at /Return_Period_Example.ipynb
[I 2024-09-06 16:02:15.594 ServerApp] Saving file at /Return_Period_Example.ipynb
[I 2024-09-06 16:04:15.888 ServerApp] Saving file at /Return_Period_Example.ipynb
slurmstepd: error: *** JOB 15632876 ON dcc-core-25 CANCELLED AT 2024-09-06T16:05:58 DUE TO TIME LIMIT ***
