Setting VNC password...
Starting VNC server...

Desktop 'TurboVNC: dcc-core-15:1 (ajj54)' started on display dcc-core-15:1

Log file is vnc.log
Successfully started VNC server on dcc-core-15:5901...
Script starting...
Starting websocket server...
Launching desktop 'xfce'...
[websockify]: pid: 1141023 (proxying 40447 ==> localhost:5901)
[websockify]: log file: ./websockify.log
[websockify]: waiting ...
[websockify]: started successfully (proxying 40447 ==> localhost:5901)
Scanning VNC log file for user authentications...
Generating connection YAML file...
_IceTransmkdir: ERROR: euid != 0,directory /tmp/.ICE-unix will not be created.
Setting VNC password...
Generating connection YAML file...

(xfwm4:1141071): xfwm4-WARNING **: 12:23:50.112: Unsupported GL renderer (llvmpipe (LLVM 17.0.6, 256 bits)).

(tracker-miner-fs-3:1141140): Tracker-WARNING **: 12:23:53.970: Unable to get XDG user directory path for special directory &DOCUMENTS. Ignoring this location.

(tracker-miner-fs-3:1141140): Tracker-WARNING **: 12:23:53.970: Unable to get XDG user directory path for special directory &MUSIC. Ignoring this location.

(tracker-miner-fs-3:1141140): Tracker-WARNING **: 12:23:53.970: Unable to get XDG user directory path for special directory &PICTURES. Ignoring this location.

(tracker-miner-fs-3:1141140): Tracker-WARNING **: 12:23:53.970: Unable to get XDG user directory path for special directory &VIDEOS. Ignoring this location.

(tracker-miner-fs-3:1141140): Tracker-WARNING **: 12:23:53.970: Unable to get XDG user directory path for special directory &DOWNLOAD. Ignoring this location.

(tracker-miner-fs-3:1141140): Tracker-WARNING **: 12:23:53.970: Unable to get XDG user directory path for special directory &DOCUMENTS. Ignoring this location.

(tracker-miner-fs-3:1141140): Tracker-WARNING **: 12:23:53.970: Unable to get XDG user directory path for special directory &MUSIC. Ignoring this location.

(tracker-miner-fs-3:1141140): Tracker-WARNING **: 12:23:53.970: Unable to get XDG user directory path for special directory &PICTURES. Ignoring this location.

(tracker-miner-fs-3:1141140): Tracker-WARNING **: 12:23:53.970: Unable to get XDG user directory path for special directory &VIDEOS. Ignoring this location.

(xfce4-panel:1141099): xfce4-panel-CRITICAL **: 12:24:07.952: panel-window.c:2346 (panel_window_active_window_geometry_changed): expression 'WNCK_IS_WINDOW (active_window)' failed.
slurmstepd: error: *** JOB 14869926 ON dcc-core-15 CANCELLED AT 2024-08-22T12:25:40 ***
