2024-08-27 13:42:28.508 [info] Extension host with pid 757433 started
2024-08-27 13:42:28.508 [info] ExtensionService#_doActivateExtension vscode.git-base, startup: true, activationEvent: '*', root cause: vscode.git
2024-08-27 13:42:28.508 [error] Error: EEXIST: file already exists, open '/hpc/home/ajj54/.local/share/code-server/User/workspaceStorage/28b74b7f/vscode.lock'
2024-08-27 13:42:28.522 [info] Lock '/hpc/home/ajj54/.local/share/code-server/User/workspaceStorage/28b74b7f/vscode.lock': Could not acquire lock, checking if the file is stale.
2024-08-27 13:42:28.528 [info] Lock '/hpc/home/ajj54/.local/share/code-server/User/workspaceStorage/28b74b7f/vscode.lock': The pid 755223 appears to be gone.
2024-08-27 13:42:28.528 [info] Lock '/hpc/home/ajj54/.local/share/code-server/User/workspaceStorage/28b74b7f/vscode.lock': Deleting a stale lock.
2024-08-27 13:42:28.684 [info] Lock '/hpc/home/ajj54/.local/share/code-server/User/workspaceStorage/28b74b7f/vscode.lock': Lock acquired.
2024-08-27 13:42:28.696 [info] ExtensionService#_doActivateExtension vscode.git, startup: true, activationEvent: '*'
2024-08-27 13:42:28.696 [info] ExtensionService#_doActivateExtension vscode.github, startup: true, activationEvent: '*'
2024-08-27 13:42:29.085 [info] Eager extensions activated
2024-08-27 13:42:29.085 [info] ExtensionService#_doActivateExtension vscode.debug-auto-launch, startup: false, activationEvent: 'onStartupFinished'
2024-08-27 13:42:29.086 [info] ExtensionService#_doActivateExtension vscode.merge-conflict, startup: false, activationEvent: 'onStartupFinished'
2024-08-27 13:42:31.883 [debug] ProxyResolver#loadSystemCertificates count 143
2024-08-27 13:42:31.884 [debug] ProxyResolver#loadSystemCertificates parse error Error: error:0480006C:PEM routines::no start line
	at new X509Certificate (node:internal/crypto/x509:119:21)
	at /admin/apps/rhel9/code-server-4.90.2/lib/vscode/node_modules/@vscode/proxy-agent/out/index.js:493:48
	at Array.filter (<anonymous>)
	at /admin/apps/rhel9/code-server-4.90.2/lib/vscode/node_modules/@vscode/proxy-agent/out/index.js:491:26
	at Generator.next (<anonymous>)
	at fulfilled (/admin/apps/rhel9/code-server-4.90.2/lib/vscode/node_modules/@vscode/proxy-agent/out/index.js:32:58)
2024-08-27 13:42:31.961 [debug] ProxyResolver#loadSystemCertificates count filtered 139
2024-08-27 13:42:31.965 [debug] ProxyResolver#resolveProxy unconfigured https://mobile.events.data.microsoft.com/OneCollector/1.0?cors=true&content-type=application/x-json-stream DIRECT 
2024-08-27 13:42:37.162 [info] ExtensionService#_doActivateExtension vscode.emmet, startup: false, activationEvent: 'onLanguage'
2024-08-27 13:44:13.411 [debug] ExtHostSearch /admin/apps/rhel9/code-server-4.90.2/lib/vscode/node_modules/@vscode/ripgrep/bin/rg --files --hidden --case-sensitive --no-require-git -g '!**/.git' -g '!**/.svn' -g '!**/.hg' -g '!**/CVS' -g '!**/.DS_Store' -g '!**/Thumbs.db' -g '!**/*.crswap' -g '!**/node_modules' -g '!**/bower_components' -g '!**/*.code-search' --no-ignore-parent --follow --no-config --no-ignore-global
 - cwd: /hpc/home/ajj54
 - Sibling clauses: {}
2024-08-27 13:44:13.722 [debug] ExtHostSearch Search finished. Stats: {"cmdTime":383,"fileWalkTime":383,"directoriesWalked":0,"filesWalked":0,"cmdResultCount":2247}
2024-08-27 13:44:13.724 [debug] Ext host file search time: 388ms
2024-08-27 13:44:59.476 [info] ExtensionService#_doActivateExtension vscode.debug-server-ready, startup: false, activationEvent: 'onDebugResolve'
2024-08-27 13:45:31.167 [info] ExtensionService#_doActivateExtension ms-python.python, startup: false, activationEvent: 'onLanguage:python', root cause: ms-python.debugpy
2024-08-27 13:45:32.186 [error] Error: spawn /hpc/home/ajj54/.local/share/code-server/extensions/ms-python.python-2024.12.3-universal/python-env-tools/bin/pet ENOENT
	at ChildProcess._handle.onexit (node:internal/child_process:286:19)
	at onErrorNT (node:internal/child_process:484:16)
	at process.processTicksAndRejections (node:internal/process/task_queues:82:21)
2024-08-27 13:45:32.334 [info] ExtensionService#_doActivateExtension ms-python.debugpy, startup: false, activationEvent: 'onLanguage:python'
2024-08-27 13:45:34.866 [debug] ProxyResolver#resolveProxy unconfigured https://mobile.events.data.microsoft.com/OneCollector/1.0?cors=true&content-type=application/x-json-stream DIRECT 
2024-08-27 13:45:49.543 [debug] ExtHostSearch /admin/apps/rhel9/code-server-4.90.2/lib/vscode/node_modules/@vscode/ripgrep/bin/rg --files --hidden --case-sensitive --no-require-git -g '**/*requirement*.txt' -g '!**/.git' -g '!**/.svn' -g '!**/.hg' -g '!**/CVS' -g '!**/.DS_Store' -g '!**/Thumbs.db' -g '!**/*.crswap' -g '!**/{.venv*,.git,.nox,.tox,.conda,site-packages,__pypackages__}/**' --no-ignore --follow --no-config --no-ignore-global
 - cwd: /hpc/home/ajj54
 - Sibling clauses: {}
2024-08-27 13:45:49.551 [debug] ExtHostSearch /admin/apps/rhel9/code-server-4.90.2/lib/vscode/node_modules/@vscode/ripgrep/bin/rg --files --hidden --case-sensitive --no-require-git -g '**/requirements/*.txt' -g '!**/.git' -g '!**/.svn' -g '!**/.hg' -g '!**/CVS' -g '!**/.DS_Store' -g '!**/Thumbs.db' -g '!**/*.crswap' -g '!**/{.venv*,.git,.nox,.tox,.conda,site-packages,__pypackages__}/**' --no-ignore --follow --no-config --no-ignore-global
 - cwd: /hpc/home/ajj54
 - Sibling clauses: {}
2024-08-27 13:45:50.495 [debug] ExtHostSearch Search finished. Stats: {"cmdTime":950,"fileWalkTime":950,"directoriesWalked":0,"filesWalked":0,"cmdResultCount":0}
2024-08-27 13:45:50.495 [debug] Ext host file search time: 951ms
2024-08-27 13:45:50.541 [debug] ExtHostSearch Search finished. Stats: {"cmdTime":1005,"fileWalkTime":1005,"directoriesWalked":0,"filesWalked":0,"cmdResultCount":2}
2024-08-27 13:45:50.541 [debug] Ext host file search time: 1007ms
2024-08-27 13:46:14.686 [info] ExtensionService#_doActivateExtension vscode.npm, startup: false, activationEvent: 'onTerminalQuickFixRequest:ms-vscode.npm-command'
2024-08-27 13:46:15.067 [debug] ExtHostSearch /admin/apps/rhel9/code-server-4.90.2/lib/vscode/node_modules/@vscode/ripgrep/bin/rg --files --hidden --case-sensitive --no-require-git -g '**/package.json' -g '!**/.git' -g '!**/.svn' -g '!**/.hg' -g '!**/CVS' -g '!**/.DS_Store' -g '!**/Thumbs.db' -g '!**/*.crswap' --no-ignore --follow --no-config --no-ignore-global
 - cwd: /hpc/home/ajj54
 - Sibling clauses: {}
2024-08-27 13:46:15.173 [debug] ExtHostSearch Search finished. Stats: {"cmdTime":115,"fileWalkTime":115,"directoriesWalked":0,"filesWalked":0,"cmdResultCount":3}
2024-08-27 13:46:15.174 [debug] Ext host file search time: 116ms
