Script starting...
Waiting for Jupyter Lab server to open port 40402...
TIMING - Starting wait at: Tue Aug 27 01:32:18 PM EDT 2024
TIMING - Starting main script at: Tue Aug 27 01:32:18 PM EDT 2024
Anaconda3 2021.05
Currently Loaded Modulefiles:
 1) Anaconda3/2021.05  
TIMING - Starting jupyter at: Tue Aug 27 01:32:18 PM EDT 2024
+ jupyter lab --config=/hpc/home/ajj54/ondemand/data/sys/dashboard/batch_connect/sys/bc_jupyter/output/d72c11ff-e79b-41e9-b2e2-24bb5899bbf5/config.py
[I 2024-08-27 13:32:23.777 ServerApp] jupyterlab | extension was successfully linked.
[I 2024-08-27 13:32:26.282 ServerApp] nbclassic | extension was successfully linked.
[W 2024-08-27 13:32:26.526 ServerApp] WARNING: The Jupyter server is listening on all IP addresses and not using encryption. This is not recommended.
[I 2024-08-27 13:32:26.562 LabApp] JupyterLab extension loaded from /opt/apps/rhel8/Anaconda3-2021.05/lib/python3.8/site-packages/jupyterlab
[I 2024-08-27 13:32:26.562 LabApp] JupyterLab application directory is /admin/apps/rhel8/Anaconda3-2021.05/share/jupyter/lab
[I 2024-08-27 13:32:26.571 ServerApp] jupyterlab | extension was successfully loaded.
[I 2024-08-27 13:32:26.608 ServerApp] nbclassic | extension was successfully loaded.
[I 2024-08-27 13:32:26.608 ServerApp] Serving notebooks from local directory: /hpc/home/ajj54
[I 2024-08-27 13:32:26.608 ServerApp] Jupyter Server 1.4.1 is running at:
[I 2024-08-27 13:32:26.608 ServerApp] http://dcc-core-49:40402/node/dcc-core-49/40402/lab
[I 2024-08-27 13:32:26.608 ServerApp]  or http://127.0.0.1:40402/node/dcc-core-49/40402/lab
[I 2024-08-27 13:32:26.609 ServerApp] Use Control-C to stop this server and shut down all kernels (twice to skip confirmation).
[W 2024-08-27 13:32:26.994 ServerApp] No web browser found: could not locate runnable browser.
Discovered Jupyter Lab server listening on port 40402!
TIMING - Wait ended at: Tue Aug 27 01:32:27 PM EDT 2024
Generating connection YAML file...
[I 2024-08-27 13:34:30.108 ServerApp] 302 POST /node/dcc-core-49/40402/login (10.183.18.196) 3.52ms
[I 2024-08-27 13:34:30.132 ServerApp] 302 GET /node/dcc-core-49/40402/ (10.183.18.196) 1.39ms
[W 2024-08-27 13:34:34.323 LabApp] Could not determine jupyterlab build status without nodejs
[E 2024-08-27 13:34:36.870 ServerApp] Uncaught exception GET /node/dcc-core-49/40402/api/nbconvert?1724780073548 (10.183.18.196)
    HTTPServerRequest(protocol='http', host='dcc-core-49:40402', method='GET', uri='/node/dcc-core-49/40402/api/nbconvert?1724780073548', version='HTTP/1.1', remote_ip='10.183.18.196')
    Traceback (most recent call last):
      File "/opt/apps/rhel8/Anaconda3-2021.05/lib/python3.8/site-packages/tornado/web.py", line 1702, in _execute
        result = method(*self.path_args, **self.path_kwargs)
      File "/opt/apps/rhel8/Anaconda3-2021.05/lib/python3.8/site-packages/tornado/web.py", line 3173, in wrapper
        return method(self, *args, **kwargs)
      File "/opt/apps/rhel8/Anaconda3-2021.05/lib/python3.8/site-packages/jupyter_server/services/nbconvert/handlers.py", line 17, in get
        exporters = base.get_export_names()
      File "/opt/apps/rhel8/Anaconda3-2021.05/lib/python3.8/site-packages/nbconvert/exporters/base.py", line 141, in get_export_names
        e = get_exporter(exporter_name)(config=config)
      File "/opt/apps/rhel8/Anaconda3-2021.05/lib/python3.8/site-packages/nbconvert/exporters/base.py", line 102, in get_exporter
        if getattr(exporter(config=config), 'enabled', True):
      File "/opt/apps/rhel8/Anaconda3-2021.05/lib/python3.8/site-packages/nbconvert/exporters/templateexporter.py", line 325, in __init__
        super().__init__(config=config, **kw)
      File "/opt/apps/rhel8/Anaconda3-2021.05/lib/python3.8/site-packages/nbconvert/exporters/exporter.py", line 114, in __init__
        self._init_preprocessors()
      File "/opt/apps/rhel8/Anaconda3-2021.05/lib/python3.8/site-packages/nbconvert/exporters/templateexporter.py", line 491, in _init_preprocessors
        conf = self._get_conf()
      File "/opt/apps/rhel8/Anaconda3-2021.05/lib/python3.8/site-packages/nbconvert/exporters/templateexporter.py", line 509, in _get_conf
        if conf_path.exists():
      File "/opt/apps/rhel8/Anaconda3-2021.05/lib/python3.8/pathlib.py", line 1400, in exists
        self.stat()
      File "/opt/apps/rhel8/Anaconda3-2021.05/lib/python3.8/pathlib.py", line 1197, in stat
        return self._accessor.stat(self)
    PermissionError: [Errno 13] Permission denied: '/opt/apps/rhel8/Anaconda3-2021.05/share/jupyter/nbconvert/templates/html/conf.json'
[W 2024-08-27 13:34:36.890 ServerApp] Unhandled error
[E 2024-08-27 13:34:36.891 ServerApp] {
      "Host": "dcc-core-49:40402",
      "Sec-Ch-Ua": "\"Not)A;Brand\";v=\"99\", \"Google Chrome\";v=\"127\", \"Chromium\";v=\"127\"",
      "Sec-Ch-Ua-Platform": "\"Windows\"",
      "X-Xsrftoken": "2|b57be5ab|d99c44c2ddd2f79f74b4e007389a4e4d|1724780070",
      "Sec-Ch-Ua-Mobile": "?0",
      "User-Agent": "Mozilla/5.0 (Windows NT 10.0; Win64; x64) AppleWebKit/537.36 (KHTML, like Gecko) Chrome/127.0.0.0 Safari/537.36",
      "Content-Type": "application/json",
      "Accept": "*/*",
      "Sec-Fetch-Site": "same-origin",
      "Sec-Fetch-Mode": "cors",
      "Sec-Fetch-Dest": "empty",
      "Referer": "https://dcc-ondemand-01.oit.duke.edu/node/dcc-core-49/40402/lab?",
      "Accept-Encoding": "gzip, deflate, br, zstd",
      "Accept-Language": "en-US,en;q=0.9",
      "Cookie": "username-dcc-core-49-40402=\"2|1:0|10:1724780070|26:username-dcc-core-49-40402|44:ZThkNzMyOWRhOTVkNGI3NWE0OTEwODFhYjg1N2M0ZjU=|b8bd0b66894656e6f4ee0ee2ba4f5c5fabf69ceb7be8ab7deefd03295f9b977b\"; _xsrf=2|b57be5ab|d99c44c2ddd2f79f74b4e007389a4e4d|1724780070; _ga_5R4BP9RPSY=GS1.1.1721934655.1.1.1721935869.0.0.0; _gcl_au=1.1.93754352.1721940098; _rdt_uuid=1721940098878.dabc33fa-484e-4dec-881d-b82df815ed07; _fbp=fb.1.1721940099129.232582454193655244; _hjSessionUser_3209393=eyJpZCI6ImQwYjViNDc1LTMzYjUtNTI3Yy05YTM2LTY2Njg5YjcyNjE2YSIsImNyZWF0ZWQiOjE3MjE5NDAwOTkyNjUsImV4aXN0aW5nIjpmYWxzZX0=; _ga_JDRK8M0914=GS1.1.1721940098.1.0.1721940100.0.0.0; _ga_VP33BWKZP1=GS1.1.1721940098.1.0.1721940100.58.0.0; _ga_FQH8MG1Z9C=GS1.1.1721940097.2.1.1721940122.35.0.0; _ga_T7KHMBY40X=GS1.2.1721940141.1.0.1721940141.0.0.0; _ga_18T0J58HVL=GS1.1.1721940139.1.1.1721940261.0.0.0; _ga_THGXZ7DM6Q=GS1.1.1721946265.3.0.1721946283.0.0.0; _ga_2BEJD95ZW1=GS1.1.1721946265.3.0.1721946283.0.0.0; _ga_RB5H4BVBQT=GS1.1.1722516832.4.0.1722516832.0.0.0; _ga_HJ9GVFLS08=GS1.1.1722868908.1.1.1722868942.0.0.0; _ga_T34M7MV779=GS1.1.1723046187.2.1.1723046230.0.0.0; _ga_STDXEBPYV0=GS1.1.1723836371.2.0.1723836375.0.0.0; _clck=gppc4e%7C2%7Cfok%7C0%7C1667; _ga_GJFVDNDC6R=GS1.1.1724416384.1.1.1724417971.0.0.0; _ga_CNR00DKCGC=GS1.1.1724419204.2.0.1724419204.0.0.0; fpestid=YuMy8l61xBOxJMmrwPXsLH9IO9nod1WVaCi0H0OGeWzzSbxFT1CVffHq1a5R6XC8f7KKTA; _cc_id=e34c23b3d68f4570548755eef3c55801; panoramaId_expiry=1725033662202; panoramaId=4e477ff82f05f7b2628e33f8061816d539381af49e5b2d4fd6eae400b9e4f981; panoramaIdType=panoIndiv; SAPWP_active=1; _ga=GA1.1.1481303474.1721829798; _ga_7LNNFG7NW2=GS1.1.1724609648.1.1.1724609667.0.0.0; _ga_ZGEZX7R0BR=GS1.1.1724609649.1.1.1724609667.0.0.0; _ga_LH9ENGBHNG=GS1.1.1724610552.3.0.1724610552.0.0.0; _ga_SYW5D2PTM9=GS1.1.1724610561.1.1.1724610927.0.0.0; _ga_3VP6LF1NFL=GS1.1.1724610640.1.1.1724610927.0.0.0; ExpirePage=https://dukehub.duke.edu/psp/CSPRD01_9/; PS_LOGINLIST=https://dukehub.duke.edu/CSPRD01; PS_TokenSite=https://dukehub.duke.edu/psp/CSPRD01_9/?siss-csweb-308-5600-PORTAL-PSJSESSIONID; SignOnDefault=; PS_LASTSITE=https://dukehub.duke.edu/psp/CSPRD01_9/; ps_theme=node:SA portal:EMPLOYEE theme_id:DU_PRD_DEFAULT_THEME_FLUID css:DU_PRD_BRAND_CLASSIC_TMPL_860 css_f:DU_PRD_BRAND_FLUID_TMPL_860 accessibility:N macroset:DU_MACROSET_PRD_860 formfactor:3 piamode:2; hpt_institution=DUKEU; _ga_8PZ75Y3FMV=GS1.1.1724678865.6.0.1724678867.0.0.0; MYSAPSSO2=AjExMDAgAAxwb3J0YWw6QUpKNTSIABNiYXNpY2F1dGhlbnRpY2F0aW9uAQAFQUpKNTQCAAMwMDADAANOUFAEAAwyMDI0MDgyNjEzMjcFAAQAAAAICgAFQUpKNTT%2FAQUwggEBBgkqhkiG9w0BBwKggfMwgfACAQExCzAJBgUrDgMCGgUAMAsGCSqGSIb3DQEHATGB0DCBzQIBATAiMB0xDDAKBgNVBAMTA05QUDENMAsGA1UECxMESjJFRQIBADAJBgUrDgMCGgUAoF0wGAYJKoZIhvcNAQkDMQsGCSqGSIb3DQEHATAcBgkqhkiG9w0BCQUxDxcNMjQwODI2MTMyNzU4WjAjBgkqhkiG9w0BCQQxFgQUB0xk8Dcuo0yMyzHjIEUJd84390UwCQYHKoZIzjgEAwQvMC0CFQC57tRVHxI7AYdbzPUwPaDVEqv39AIUSHfCugi7xKlFeFMy9QUHLjq4w2I%3D; _ga_WB1N5CCGML=GS1.1.1724721274.4.0.1724721280.0.0.0; _ga_4KL7HLELGY=GS1.1.1724722840.4.0.1724722840.60.0.0; _hp2_props.3001039959=%7B%22Base.appName%22%3A%22Canvas%22%7D; _hp2_id.3001039959=%7B%22userId%22%3A%225230993266289319%22%2C%22pageviewId%22%3A%224223652502652500%22%2C%22sessionId%22%3A%221667663811379304%22%2C%22identity%22%3A%22uu-2-bfb8cec48274feadf5dcba5a8bdcfc3a247717c162275eb6c4327f7892066a12-aSv0eXf2o2liik7LauscbHJllzIjnV1XuSfipj9L%22%2C%22trackerVersion%22%3A%224.0%22%2C%22identityField%22%3Anull%2C%22isIdentified%22%3A1%7D; PS_TOKEN=owAAAAQDAgEBAAAAvAIAAAAAAAAsAAAABABTaGRyAk4Abwg4AC4AMQAwABSqG2zpu+qYlWQx+nyV9Bm2TvbKUmMAAAAFAFNkYXRhV3icJYtNDkBAFIO/QSznJibzh7FG7EQ4iAs6nIYu+r2XtjfQ1JUx4lPxySY8iYmekUC7srNhZy4OThalgRyFSKYTizyq/N9OQy8PolMjKxv0FXgBS4EKyA==; CSRFCookie=a0cff971-a6cf-444d-ac51-4923e9490f47; PS_TOKENEXPIRE=27_Aug_2024_16:50:19_GMT; _ga_79GD7X288Z=GS1.1.1724778658.3.1.1724779408.0.0.0",
      "X-Forwarded-Proto": "https",
      "X-Forwarded-User": "ajj54",
      "X-Forwarded-Escaped-Uri": "%2fnode%2fdcc-core-49%2f40402%2fapi%2fnbconvert%3f1724780073548",
      "Via": "1.1 dcc-ondemand-01.oit.duke.edu",
      "X-Forwarded-For": "198.86.29.10",
      "X-Forwarded-Host": "dcc-ondemand-01.oit.duke.edu",
      "X-Forwarded-Server": "dcc-ondemand-01.oit.duke.edu",
      "Connection": "close"
    }
[E 2024-08-27 13:34:36.892 ServerApp] 500 GET /node/dcc-core-49/40402/api/nbconvert?1724780073548 (10.183.18.196) 688.36ms referer=https://dcc-ondemand-01.oit.duke.edu/node/dcc-core-49/40402/lab?
[E 2024-08-27 13:34:37.183 ServerApp] Uncaught exception GET /node/dcc-core-49/40402/api/nbconvert?1724780073567 (10.183.18.196)
    HTTPServerRequest(protocol='http', host='dcc-core-49:40402', method='GET', uri='/node/dcc-core-49/40402/api/nbconvert?1724780073567', version='HTTP/1.1', remote_ip='10.183.18.196')
    Traceback (most recent call last):
      File "/opt/apps/rhel8/Anaconda3-2021.05/lib/python3.8/site-packages/tornado/web.py", line 1702, in _execute
        result = method(*self.path_args, **self.path_kwargs)
      File "/opt/apps/rhel8/Anaconda3-2021.05/lib/python3.8/site-packages/tornado/web.py", line 3173, in wrapper
        return method(self, *args, **kwargs)
      File "/opt/apps/rhel8/Anaconda3-2021.05/lib/python3.8/site-packages/jupyter_server/services/nbconvert/handlers.py", line 17, in get
        exporters = base.get_export_names()
      File "/opt/apps/rhel8/Anaconda3-2021.05/lib/python3.8/site-packages/nbconvert/exporters/base.py", line 141, in get_export_names
        e = get_exporter(exporter_name)(config=config)
      File "/opt/apps/rhel8/Anaconda3-2021.05/lib/python3.8/site-packages/nbconvert/exporters/base.py", line 102, in get_exporter
        if getattr(exporter(config=config), 'enabled', True):
      File "/opt/apps/rhel8/Anaconda3-2021.05/lib/python3.8/site-packages/nbconvert/exporters/templateexporter.py", line 325, in __init__
        super().__init__(config=config, **kw)
      File "/opt/apps/rhel8/Anaconda3-2021.05/lib/python3.8/site-packages/nbconvert/exporters/exporter.py", line 114, in __init__
        self._init_preprocessors()
      File "/opt/apps/rhel8/Anaconda3-2021.05/lib/python3.8/site-packages/nbconvert/exporters/templateexporter.py", line 491, in _init_preprocessors
        conf = self._get_conf()
      File "/opt/apps/rhel8/Anaconda3-2021.05/lib/python3.8/site-packages/nbconvert/exporters/templateexporter.py", line 509, in _get_conf
        if conf_path.exists():
      File "/opt/apps/rhel8/Anaconda3-2021.05/lib/python3.8/pathlib.py", line 1400, in exists
        self.stat()
      File "/opt/apps/rhel8/Anaconda3-2021.05/lib/python3.8/pathlib.py", line 1197, in stat
        return self._accessor.stat(self)
    PermissionError: [Errno 13] Permission denied: '/opt/apps/rhel8/Anaconda3-2021.05/share/jupyter/nbconvert/templates/html/conf.json'
[W 2024-08-27 13:34:37.185 ServerApp] Unhandled error
[E 2024-08-27 13:34:37.186 ServerApp] {
      "Host": "dcc-core-49:40402",
      "Sec-Ch-Ua": "\"Not)A;Brand\";v=\"99\", \"Google Chrome\";v=\"127\", \"Chromium\";v=\"127\"",
      "Sec-Ch-Ua-Platform": "\"Windows\"",
      "X-Xsrftoken": "2|b57be5ab|d99c44c2ddd2f79f74b4e007389a4e4d|1724780070",
      "Sec-Ch-Ua-Mobile": "?0",
      "User-Agent": "Mozilla/5.0 (Windows NT 10.0; Win64; x64) AppleWebKit/537.36 (KHTML, like Gecko) Chrome/127.0.0.0 Safari/537.36",
      "Content-Type": "application/json",
      "Accept": "*/*",
      "Sec-Fetch-Site": "same-origin",
      "Sec-Fetch-Mode": "cors",
      "Sec-Fetch-Dest": "empty",
      "Referer": "https://dcc-ondemand-01.oit.duke.edu/node/dcc-core-49/40402/lab?",
      "Accept-Encoding": "gzip, deflate, br, zstd",
      "Accept-Language": "en-US,en;q=0.9",
      "Cookie": "username-dcc-core-49-40402=\"2|1:0|10:1724780070|26:username-dcc-core-49-40402|44:ZThkNzMyOWRhOTVkNGI3NWE0OTEwODFhYjg1N2M0ZjU=|b8bd0b66894656e6f4ee0ee2ba4f5c5fabf69ceb7be8ab7deefd03295f9b977b\"; _xsrf=2|b57be5ab|d99c44c2ddd2f79f74b4e007389a4e4d|1724780070; _ga_5R4BP9RPSY=GS1.1.1721934655.1.1.1721935869.0.0.0; _gcl_au=1.1.93754352.1721940098; _rdt_uuid=1721940098878.dabc33fa-484e-4dec-881d-b82df815ed07; _fbp=fb.1.1721940099129.232582454193655244; _hjSessionUser_3209393=eyJpZCI6ImQwYjViNDc1LTMzYjUtNTI3Yy05YTM2LTY2Njg5YjcyNjE2YSIsImNyZWF0ZWQiOjE3MjE5NDAwOTkyNjUsImV4aXN0aW5nIjpmYWxzZX0=; _ga_JDRK8M0914=GS1.1.1721940098.1.0.1721940100.0.0.0; _ga_VP33BWKZP1=GS1.1.1721940098.1.0.1721940100.58.0.0; _ga_FQH8MG1Z9C=GS1.1.1721940097.2.1.1721940122.35.0.0; _ga_T7KHMBY40X=GS1.2.1721940141.1.0.1721940141.0.0.0; _ga_18T0J58HVL=GS1.1.1721940139.1.1.1721940261.0.0.0; _ga_THGXZ7DM6Q=GS1.1.1721946265.3.0.1721946283.0.0.0; _ga_2BEJD95ZW1=GS1.1.1721946265.3.0.1721946283.0.0.0; _ga_RB5H4BVBQT=GS1.1.1722516832.4.0.1722516832.0.0.0; _ga_HJ9GVFLS08=GS1.1.1722868908.1.1.1722868942.0.0.0; _ga_T34M7MV779=GS1.1.1723046187.2.1.1723046230.0.0.0; _ga_STDXEBPYV0=GS1.1.1723836371.2.0.1723836375.0.0.0; _clck=gppc4e%7C2%7Cfok%7C0%7C1667; _ga_GJFVDNDC6R=GS1.1.1724416384.1.1.1724417971.0.0.0; _ga_CNR00DKCGC=GS1.1.1724419204.2.0.1724419204.0.0.0; fpestid=YuMy8l61xBOxJMmrwPXsLH9IO9nod1WVaCi0H0OGeWzzSbxFT1CVffHq1a5R6XC8f7KKTA; _cc_id=e34c23b3d68f4570548755eef3c55801; panoramaId_expiry=1725033662202; panoramaId=4e477ff82f05f7b2628e33f8061816d539381af49e5b2d4fd6eae400b9e4f981; panoramaIdType=panoIndiv; SAPWP_active=1; _ga=GA1.1.1481303474.1721829798; _ga_7LNNFG7NW2=GS1.1.1724609648.1.1.1724609667.0.0.0; _ga_ZGEZX7R0BR=GS1.1.1724609649.1.1.1724609667.0.0.0; _ga_LH9ENGBHNG=GS1.1.1724610552.3.0.1724610552.0.0.0; _ga_SYW5D2PTM9=GS1.1.1724610561.1.1.1724610927.0.0.0; _ga_3VP6LF1NFL=GS1.1.1724610640.1.1.1724610927.0.0.0; ExpirePage=https://dukehub.duke.edu/psp/CSPRD01_9/; PS_LOGINLIST=https://dukehub.duke.edu/CSPRD01; PS_TokenSite=https://dukehub.duke.edu/psp/CSPRD01_9/?siss-csweb-308-5600-PORTAL-PSJSESSIONID; SignOnDefault=; PS_LASTSITE=https://dukehub.duke.edu/psp/CSPRD01_9/; ps_theme=node:SA portal:EMPLOYEE theme_id:DU_PRD_DEFAULT_THEME_FLUID css:DU_PRD_BRAND_CLASSIC_TMPL_860 css_f:DU_PRD_BRAND_FLUID_TMPL_860 accessibility:N macroset:DU_MACROSET_PRD_860 formfactor:3 piamode:2; hpt_institution=DUKEU; _ga_8PZ75Y3FMV=GS1.1.1724678865.6.0.1724678867.0.0.0; MYSAPSSO2=AjExMDAgAAxwb3J0YWw6QUpKNTSIABNiYXNpY2F1dGhlbnRpY2F0aW9uAQAFQUpKNTQCAAMwMDADAANOUFAEAAwyMDI0MDgyNjEzMjcFAAQAAAAICgAFQUpKNTT%2FAQUwggEBBgkqhkiG9w0BBwKggfMwgfACAQExCzAJBgUrDgMCGgUAMAsGCSqGSIb3DQEHATGB0DCBzQIBATAiMB0xDDAKBgNVBAMTA05QUDENMAsGA1UECxMESjJFRQIBADAJBgUrDgMCGgUAoF0wGAYJKoZIhvcNAQkDMQsGCSqGSIb3DQEHATAcBgkqhkiG9w0BCQUxDxcNMjQwODI2MTMyNzU4WjAjBgkqhkiG9w0BCQQxFgQUB0xk8Dcuo0yMyzHjIEUJd84390UwCQYHKoZIzjgEAwQvMC0CFQC57tRVHxI7AYdbzPUwPaDVEqv39AIUSHfCugi7xKlFeFMy9QUHLjq4w2I%3D; _ga_WB1N5CCGML=GS1.1.1724721274.4.0.1724721280.0.0.0; _ga_4KL7HLELGY=GS1.1.1724722840.4.0.1724722840.60.0.0; _hp2_props.3001039959=%7B%22Base.appName%22%3A%22Canvas%22%7D; _hp2_id.3001039959=%7B%22userId%22%3A%225230993266289319%22%2C%22pageviewId%22%3A%224223652502652500%22%2C%22sessionId%22%3A%221667663811379304%22%2C%22identity%22%3A%22uu-2-bfb8cec48274feadf5dcba5a8bdcfc3a247717c162275eb6c4327f7892066a12-aSv0eXf2o2liik7LauscbHJllzIjnV1XuSfipj9L%22%2C%22trackerVersion%22%3A%224.0%22%2C%22identityField%22%3Anull%2C%22isIdentified%22%3A1%7D; PS_TOKEN=owAAAAQDAgEBAAAAvAIAAAAAAAAsAAAABABTaGRyAk4Abwg4AC4AMQAwABSqG2zpu+qYlWQx+nyV9Bm2TvbKUmMAAAAFAFNkYXRhV3icJYtNDkBAFIO/QSznJibzh7FG7EQ4iAs6nIYu+r2XtjfQ1JUx4lPxySY8iYmekUC7srNhZy4OThalgRyFSKYTizyq/N9OQy8PolMjKxv0FXgBS4EKyA==; CSRFCookie=a0cff971-a6cf-444d-ac51-4923e9490f47; PS_TOKENEXPIRE=27_Aug_2024_16:50:19_GMT; _ga_79GD7X288Z=GS1.1.1724778658.3.1.1724779408.0.0.0",
      "X-Forwarded-Proto": "https",
      "X-Forwarded-User": "ajj54",
      "X-Forwarded-Escaped-Uri": "%2fnode%2fdcc-core-49%2f40402%2fapi%2fnbconvert%3f1724780073567",
      "Via": "1.1 dcc-ondemand-01.oit.duke.edu",
      "X-Forwarded-For": "198.86.29.10",
      "X-Forwarded-Host": "dcc-ondemand-01.oit.duke.edu",
      "X-Forwarded-Server": "dcc-ondemand-01.oit.duke.edu",
      "Connection": "close"
    }
[E 2024-08-27 13:34:37.186 ServerApp] 500 GET /node/dcc-core-49/40402/api/nbconvert?1724780073567 (10.183.18.196) 981.37ms referer=https://dcc-ondemand-01.oit.duke.edu/node/dcc-core-49/40402/lab?
TermSocket.open: 1
[I 2024-08-27 13:34:37.312 ServerApp] New terminal with specified name: 1
TermSocket.open: Opened 1
slurmstepd: error: *** JOB 15142650 ON dcc-core-49 CANCELLED AT 2024-08-27T13:35:24 ***
