Script starting...
Waiting for Jupyter Lab server to open port 33128...
TIMING - Starting wait at: Thu Aug 29 07:33:54 AM EDT 2024
TIMING - Starting main script at: Thu Aug 29 07:33:54 AM EDT 2024
Anaconda3 2021.05
Currently Loaded Modulefiles:
 1) Anaconda3/2021.05  
TIMING - Starting jupyter at: Thu Aug 29 07:33:54 AM EDT 2024
+ jupyter lab --config=/hpc/home/ajj54/ondemand/data/sys/dashboard/batch_connect/sys/bc_jupyter/output/b0eef0ed-3d62-46cf-99d7-ccb6046b39b7/config.py
[I 2024-08-29 07:34:15.765 ServerApp] jupyterlab | extension was successfully linked.
[I 2024-08-29 07:34:17.417 ServerApp] nbclassic | extension was successfully linked.
[W 2024-08-29 07:34:18.818 ServerApp] WARNING: The Jupyter server is listening on all IP addresses and not using encryption. This is not recommended.
[I 2024-08-29 07:34:18.950 LabApp] JupyterLab extension loaded from /opt/apps/rhel8/Anaconda3-2021.05/lib/python3.8/site-packages/jupyterlab
[I 2024-08-29 07:34:18.950 LabApp] JupyterLab application directory is /admin/apps/rhel8/Anaconda3-2021.05/share/jupyter/lab
[I 2024-08-29 07:34:18.959 ServerApp] jupyterlab | extension was successfully loaded.
[I 2024-08-29 07:34:19.078 ServerApp] nbclassic | extension was successfully loaded.
[I 2024-08-29 07:34:19.079 ServerApp] Serving notebooks from local directory: /hpc/home/ajj54
[I 2024-08-29 07:34:19.079 ServerApp] Jupyter Server 1.4.1 is running at:
[I 2024-08-29 07:34:19.079 ServerApp] http://dcc-core-12:33128/node/dcc-core-12/33128/lab
[I 2024-08-29 07:34:19.079 ServerApp]  or http://127.0.0.1:33128/node/dcc-core-12/33128/lab
[I 2024-08-29 07:34:19.079 ServerApp] Use Control-C to stop this server and shut down all kernels (twice to skip confirmation).
[W 2024-08-29 07:34:19.111 ServerApp] No web browser found: could not locate runnable browser.
Discovered Jupyter Lab server listening on port 33128!
TIMING - Wait ended at: Thu Aug 29 07:34:19 AM EDT 2024
Generating connection YAML file...
[I 2024-08-29 07:34:37.606 ServerApp] 302 POST /node/dcc-core-12/33128/login (10.183.18.196) 3.14ms
[I 2024-08-29 07:34:37.657 ServerApp] 302 GET /node/dcc-core-12/33128/ (10.183.18.196) 1.20ms
[W 2024-08-29 07:34:54.150 LabApp] Could not determine jupyterlab build status without nodejs
[E 2024-08-29 07:34:56.145 ServerApp] Uncaught exception GET /node/dcc-core-12/33128/api/nbconvert?1724931290895 (10.183.18.196)
    HTTPServerRequest(protocol='http', host='dcc-core-12:33128', method='GET', uri='/node/dcc-core-12/33128/api/nbconvert?1724931290895', version='HTTP/1.1', remote_ip='10.183.18.196')
    Traceback (most recent call last):
      File "/opt/apps/rhel8/Anaconda3-2021.05/lib/python3.8/site-packages/tornado/web.py", line 1702, in _execute
        result = method(*self.path_args, **self.path_kwargs)
      File "/opt/apps/rhel8/Anaconda3-2021.05/lib/python3.8/site-packages/tornado/web.py", line 3173, in wrapper
        return method(self, *args, **kwargs)
      File "/opt/apps/rhel8/Anaconda3-2021.05/lib/python3.8/site-packages/jupyter_server/services/nbconvert/handlers.py", line 17, in get
        exporters = base.get_export_names()
      File "/opt/apps/rhel8/Anaconda3-2021.05/lib/python3.8/site-packages/nbconvert/exporters/base.py", line 141, in get_export_names
        e = get_exporter(exporter_name)(config=config)
      File "/opt/apps/rhel8/Anaconda3-2021.05/lib/python3.8/site-packages/nbconvert/exporters/base.py", line 102, in get_exporter
        if getattr(exporter(config=config), 'enabled', True):
      File "/opt/apps/rhel8/Anaconda3-2021.05/lib/python3.8/site-packages/nbconvert/exporters/templateexporter.py", line 325, in __init__
        super().__init__(config=config, **kw)
      File "/opt/apps/rhel8/Anaconda3-2021.05/lib/python3.8/site-packages/nbconvert/exporters/exporter.py", line 114, in __init__
        self._init_preprocessors()
      File "/opt/apps/rhel8/Anaconda3-2021.05/lib/python3.8/site-packages/nbconvert/exporters/templateexporter.py", line 491, in _init_preprocessors
        conf = self._get_conf()
      File "/opt/apps/rhel8/Anaconda3-2021.05/lib/python3.8/site-packages/nbconvert/exporters/templateexporter.py", line 509, in _get_conf
        if conf_path.exists():
      File "/opt/apps/rhel8/Anaconda3-2021.05/lib/python3.8/pathlib.py", line 1400, in exists
        self.stat()
      File "/opt/apps/rhel8/Anaconda3-2021.05/lib/python3.8/pathlib.py", line 1197, in stat
        return self._accessor.stat(self)
    PermissionError: [Errno 13] Permission denied: '/opt/apps/rhel8/Anaconda3-2021.05/share/jupyter/nbconvert/templates/html/conf.json'
[W 2024-08-29 07:34:56.238 ServerApp] Unhandled error
[E 2024-08-29 07:34:56.239 ServerApp] {
      "Host": "dcc-core-12:33128",
      "Sec-Ch-Ua": "\"Chromium\";v=\"128\", \"Not;A=Brand\";v=\"24\", \"Google Chrome\";v=\"128\"",
      "Sec-Ch-Ua-Platform": "\"Windows\"",
      "X-Xsrftoken": "2|ce6f8abd|3cdb4bca257bfa338ecc1eb501d51876|1724931277",
      "Sec-Ch-Ua-Mobile": "?0",
      "User-Agent": "Mozilla/5.0 (Windows NT 10.0; Win64; x64) AppleWebKit/537.36 (KHTML, like Gecko) Chrome/128.0.0.0 Safari/537.36",
      "Content-Type": "application/json",
      "Accept": "*/*",
      "Sec-Fetch-Site": "same-origin",
      "Sec-Fetch-Mode": "cors",
      "Sec-Fetch-Dest": "empty",
      "Referer": "https://dcc-ondemand-01.oit.duke.edu/node/dcc-core-12/33128/lab?",
      "Accept-Encoding": "gzip, deflate, br, zstd",
      "Accept-Language": "en-US,en;q=0.9",
      "Cookie": "username-dcc-core-12-33128=\"2|1:0|10:1724931277|26:username-dcc-core-12-33128|44:NmNmZTZhMDQ0YmJjNDVhYjkyMDNkYzU3NDliMjRkODc=|87e672e51ec4066246d136c23bffca82684e644d72977006b4520e744d5a0163\"; _xsrf=2|ce6f8abd|3cdb4bca257bfa338ecc1eb501d51876|1724931277; _ga_5R4BP9RPSY=GS1.1.1721934655.1.1.1721935869.0.0.0; _gcl_au=1.1.93754352.1721940098; _rdt_uuid=1721940098878.dabc33fa-484e-4dec-881d-b82df815ed07; _fbp=fb.1.1721940099129.232582454193655244; _hjSessionUser_3209393=eyJpZCI6ImQwYjViNDc1LTMzYjUtNTI3Yy05YTM2LTY2Njg5YjcyNjE2YSIsImNyZWF0ZWQiOjE3MjE5NDAwOTkyNjUsImV4aXN0aW5nIjpmYWxzZX0=; _ga_JDRK8M0914=GS1.1.1721940098.1.0.1721940100.0.0.0; _ga_VP33BWKZP1=GS1.1.1721940098.1.0.1721940100.58.0.0; _ga_FQH8MG1Z9C=GS1.1.1721940097.2.1.1721940122.35.0.0; _ga_T7KHMBY40X=GS1.2.1721940141.1.0.1721940141.0.0.0; _ga_18T0J58HVL=GS1.1.1721940139.1.1.1721940261.0.0.0; _ga_THGXZ7DM6Q=GS1.1.1721946265.3.0.1721946283.0.0.0; _ga_2BEJD95ZW1=GS1.1.1721946265.3.0.1721946283.0.0.0; _ga_RB5H4BVBQT=GS1.1.1722516832.4.0.1722516832.0.0.0; _ga_HJ9GVFLS08=GS1.1.1722868908.1.1.1722868942.0.0.0; _ga_T34M7MV779=GS1.1.1723046187.2.1.1723046230.0.0.0; _ga_STDXEBPYV0=GS1.1.1723836371.2.0.1723836375.0.0.0; _clck=gppc4e%7C2%7Cfok%7C0%7C1667; _ga_GJFVDNDC6R=GS1.1.1724416384.1.1.1724417971.0.0.0; _ga_CNR00DKCGC=GS1.1.1724419204.2.0.1724419204.0.0.0; fpestid=YuMy8l61xBOxJMmrwPXsLH9IO9nod1WVaCi0H0OGeWzzSbxFT1CVffHq1a5R6XC8f7KKTA; _cc_id=e34c23b3d68f4570548755eef3c55801; panoramaId_expiry=1725033662202; panoramaId=4e477ff82f05f7b2628e33f8061816d539381af49e5b2d4fd6eae400b9e4f981; panoramaIdType=panoIndiv; SAPWP_active=1; _ga=GA1.1.1481303474.1721829798; _ga_7LNNFG7NW2=GS1.1.1724609648.1.1.1724609667.0.0.0; _ga_ZGEZX7R0BR=GS1.1.1724609649.1.1.1724609667.0.0.0; _ga_LH9ENGBHNG=GS1.1.1724610552.3.0.1724610552.0.0.0; _ga_SYW5D2PTM9=GS1.1.1724610561.1.1.1724610927.0.0.0; _ga_3VP6LF1NFL=GS1.1.1724610640.1.1.1724610927.0.0.0; PS_TokenSite=https://dukehub.duke.edu/psp/CSPRD01_9/?siss-csweb-308-5600-PORTAL-PSJSESSIONID; SignOnDefault=; hpt_institution=DUKEU; _ga_8PZ75Y3FMV=GS1.1.1724678865.6.0.1724678867.0.0.0; MYSAPSSO2=AjExMDAgAAxwb3J0YWw6QUpKNTSIABNiYXNpY2F1dGhlbnRpY2F0aW9uAQAFQUpKNTQCAAMwMDADAANOUFAEAAwyMDI0MDgyNjEzMjcFAAQAAAAICgAFQUpKNTT%2FAQUwggEBBgkqhkiG9w0BBwKggfMwgfACAQExCzAJBgUrDgMCGgUAMAsGCSqGSIb3DQEHATGB0DCBzQIBATAiMB0xDDAKBgNVBAMTA05QUDENMAsGA1UECxMESjJFRQIBADAJBgUrDgMCGgUAoF0wGAYJKoZIhvcNAQkDMQsGCSqGSIb3DQEHATAcBgkqhkiG9w0BCQUxDxcNMjQwODI2MTMyNzU4WjAjBgkqhkiG9w0BCQQxFgQUB0xk8Dcuo0yMyzHjIEUJd84390UwCQYHKoZIzjgEAwQvMC0CFQC57tRVHxI7AYdbzPUwPaDVEqv39AIUSHfCugi7xKlFeFMy9QUHLjq4w2I%3D; _ga_WB1N5CCGML=GS1.1.1724721274.4.0.1724721280.0.0.0; _ga_4KL7HLELGY=GS1.1.1724722840.4.0.1724722840.60.0.0; ExpirePage=https://dukehub.duke.edu/psp/CSPRD01_9/; PS_LOGINLIST=https://dukehub.duke.edu/CSPRD01; PS_LASTSITE=https://dukehub.duke.edu/psp/CSPRD01_9/; ps_theme=node:SA portal:EMPLOYEE theme_id:DU_PRD_DEFAULT_THEME_FLUID css:DU_PRD_BRAND_CLASSIC_TMPL_860 css_f:DU_PRD_BRAND_FLUID_TMPL_860 accessibility:N macroset:DU_MACROSET_PRD_860 formfactor:3 piamode:2; PS_TOKEN=owAAAAQDAgEBAAAAvAIAAAAAAAAsAAAABABTaGRyAk4Abwg4AC4AMQAwABTezJaiRTeCZA+3a9o0gFqhsTJrGmMAAAAFAFNkYXRhV3icHYxLDkBAEAXLEMu5CTE947dG7EQ4iAs6nGd6UZV+nX4PUJWuKOTXkcdHOiIzPSOBeuNgxy/cnFysugaSSUaikSfRMoNeWqVRNAbxrzKlnTY+S7MKxg==; CSRFCookie=684f5c51-9634-4d9a-bdd4-8ceab0b426e4; PS_TOKENEXPIRE=29_Aug_2024_01:55:11_GMT; _hp2_props.3001039959=%7B%22Base.appName%22%3A%22Canvas%22%7D; _hp2_id.3001039959=%7B%22userId%22%3A%225230993266289319%22%2C%22pageviewId%22%3A%222702686580378791%22%2C%22sessionId%22%3A%221775115064264004%22%2C%22identity%22%3A%22uu-2-bfb8cec48274feadf5dcba5a8bdcfc3a247717c162275eb6c4327f7892066a12-aSv0eXf2o2liik7LauscbHJllzIjnV1XuSfipj9L%22%2C%22trackerVersion%22%3A%224.0%22%2C%22identityField%22%3Anull%2C%22isIdentified%22%3A1%7D; _ga_79GD7X288Z=GS1.1.1724931275.5.0.1724931275.0.0.0",
      "X-Forwarded-Proto": "https",
      "X-Forwarded-User": "ajj54",
      "X-Forwarded-Escaped-Uri": "%2fnode%2fdcc-core-12%2f33128%2fapi%2fnbconvert%3f1724931290895",
      "Via": "1.1 dcc-ondemand-01.oit.duke.edu",
      "X-Forwarded-For": "76.36.237.156",
      "X-Forwarded-Host": "dcc-ondemand-01.oit.duke.edu",
      "X-Forwarded-Server": "dcc-ondemand-01.oit.duke.edu",
      "Connection": "close"
    }
[E 2024-08-29 07:34:56.239 ServerApp] 500 GET /node/dcc-core-12/33128/api/nbconvert?1724931290895 (10.183.18.196) 2085.98ms referer=https://dcc-ondemand-01.oit.duke.edu/node/dcc-core-12/33128/lab?
[E 2024-08-29 07:34:56.420 ServerApp] Uncaught exception GET /node/dcc-core-12/33128/api/nbconvert?1724931290909 (10.183.18.196)
    HTTPServerRequest(protocol='http', host='dcc-core-12:33128', method='GET', uri='/node/dcc-core-12/33128/api/nbconvert?1724931290909', version='HTTP/1.1', remote_ip='10.183.18.196')
    Traceback (most recent call last):
      File "/opt/apps/rhel8/Anaconda3-2021.05/lib/python3.8/site-packages/tornado/web.py", line 1702, in _execute
        result = method(*self.path_args, **self.path_kwargs)
      File "/opt/apps/rhel8/Anaconda3-2021.05/lib/python3.8/site-packages/tornado/web.py", line 3173, in wrapper
        return method(self, *args, **kwargs)
      File "/opt/apps/rhel8/Anaconda3-2021.05/lib/python3.8/site-packages/jupyter_server/services/nbconvert/handlers.py", line 17, in get
        exporters = base.get_export_names()
      File "/opt/apps/rhel8/Anaconda3-2021.05/lib/python3.8/site-packages/nbconvert/exporters/base.py", line 141, in get_export_names
        e = get_exporter(exporter_name)(config=config)
      File "/opt/apps/rhel8/Anaconda3-2021.05/lib/python3.8/site-packages/nbconvert/exporters/base.py", line 102, in get_exporter
        if getattr(exporter(config=config), 'enabled', True):
      File "/opt/apps/rhel8/Anaconda3-2021.05/lib/python3.8/site-packages/nbconvert/exporters/templateexporter.py", line 325, in __init__
        super().__init__(config=config, **kw)
      File "/opt/apps/rhel8/Anaconda3-2021.05/lib/python3.8/site-packages/nbconvert/exporters/exporter.py", line 114, in __init__
        self._init_preprocessors()
      File "/opt/apps/rhel8/Anaconda3-2021.05/lib/python3.8/site-packages/nbconvert/exporters/templateexporter.py", line 491, in _init_preprocessors
        conf = self._get_conf()
      File "/opt/apps/rhel8/Anaconda3-2021.05/lib/python3.8/site-packages/nbconvert/exporters/templateexporter.py", line 509, in _get_conf
        if conf_path.exists():
      File "/opt/apps/rhel8/Anaconda3-2021.05/lib/python3.8/pathlib.py", line 1400, in exists
        self.stat()
      File "/opt/apps/rhel8/Anaconda3-2021.05/lib/python3.8/pathlib.py", line 1197, in stat
        return self._accessor.stat(self)
    PermissionError: [Errno 13] Permission denied: '/opt/apps/rhel8/Anaconda3-2021.05/share/jupyter/nbconvert/templates/html/conf.json'
[W 2024-08-29 07:34:56.421 ServerApp] Unhandled error
[E 2024-08-29 07:34:56.422 ServerApp] {
      "Host": "dcc-core-12:33128",
      "Sec-Ch-Ua": "\"Chromium\";v=\"128\", \"Not;A=Brand\";v=\"24\", \"Google Chrome\";v=\"128\"",
      "Sec-Ch-Ua-Platform": "\"Windows\"",
      "X-Xsrftoken": "2|ce6f8abd|3cdb4bca257bfa338ecc1eb501d51876|1724931277",
      "Sec-Ch-Ua-Mobile": "?0",
      "User-Agent": "Mozilla/5.0 (Windows NT 10.0; Win64; x64) AppleWebKit/537.36 (KHTML, like Gecko) Chrome/128.0.0.0 Safari/537.36",
      "Content-Type": "application/json",
      "Accept": "*/*",
      "Sec-Fetch-Site": "same-origin",
      "Sec-Fetch-Mode": "cors",
      "Sec-Fetch-Dest": "empty",
      "Referer": "https://dcc-ondemand-01.oit.duke.edu/node/dcc-core-12/33128/lab?",
      "Accept-Encoding": "gzip, deflate, br, zstd",
      "Accept-Language": "en-US,en;q=0.9",
      "Cookie": "username-dcc-core-12-33128=\"2|1:0|10:1724931277|26:username-dcc-core-12-33128|44:NmNmZTZhMDQ0YmJjNDVhYjkyMDNkYzU3NDliMjRkODc=|87e672e51ec4066246d136c23bffca82684e644d72977006b4520e744d5a0163\"; _xsrf=2|ce6f8abd|3cdb4bca257bfa338ecc1eb501d51876|1724931277; _ga_5R4BP9RPSY=GS1.1.1721934655.1.1.1721935869.0.0.0; _gcl_au=1.1.93754352.1721940098; _rdt_uuid=1721940098878.dabc33fa-484e-4dec-881d-b82df815ed07; _fbp=fb.1.1721940099129.232582454193655244; _hjSessionUser_3209393=eyJpZCI6ImQwYjViNDc1LTMzYjUtNTI3Yy05YTM2LTY2Njg5YjcyNjE2YSIsImNyZWF0ZWQiOjE3MjE5NDAwOTkyNjUsImV4aXN0aW5nIjpmYWxzZX0=; _ga_JDRK8M0914=GS1.1.1721940098.1.0.1721940100.0.0.0; _ga_VP33BWKZP1=GS1.1.1721940098.1.0.1721940100.58.0.0; _ga_FQH8MG1Z9C=GS1.1.1721940097.2.1.1721940122.35.0.0; _ga_T7KHMBY40X=GS1.2.1721940141.1.0.1721940141.0.0.0; _ga_18T0J58HVL=GS1.1.1721940139.1.1.1721940261.0.0.0; _ga_THGXZ7DM6Q=GS1.1.1721946265.3.0.1721946283.0.0.0; _ga_2BEJD95ZW1=GS1.1.1721946265.3.0.1721946283.0.0.0; _ga_RB5H4BVBQT=GS1.1.1722516832.4.0.1722516832.0.0.0; _ga_HJ9GVFLS08=GS1.1.1722868908.1.1.1722868942.0.0.0; _ga_T34M7MV779=GS1.1.1723046187.2.1.1723046230.0.0.0; _ga_STDXEBPYV0=GS1.1.1723836371.2.0.1723836375.0.0.0; _clck=gppc4e%7C2%7Cfok%7C0%7C1667; _ga_GJFVDNDC6R=GS1.1.1724416384.1.1.1724417971.0.0.0; _ga_CNR00DKCGC=GS1.1.1724419204.2.0.1724419204.0.0.0; fpestid=YuMy8l61xBOxJMmrwPXsLH9IO9nod1WVaCi0H0OGeWzzSbxFT1CVffHq1a5R6XC8f7KKTA; _cc_id=e34c23b3d68f4570548755eef3c55801; panoramaId_expiry=1725033662202; panoramaId=4e477ff82f05f7b2628e33f8061816d539381af49e5b2d4fd6eae400b9e4f981; panoramaIdType=panoIndiv; SAPWP_active=1; _ga=GA1.1.1481303474.1721829798; _ga_7LNNFG7NW2=GS1.1.1724609648.1.1.1724609667.0.0.0; _ga_ZGEZX7R0BR=GS1.1.1724609649.1.1.1724609667.0.0.0; _ga_LH9ENGBHNG=GS1.1.1724610552.3.0.1724610552.0.0.0; _ga_SYW5D2PTM9=GS1.1.1724610561.1.1.1724610927.0.0.0; _ga_3VP6LF1NFL=GS1.1.1724610640.1.1.1724610927.0.0.0; PS_TokenSite=https://dukehub.duke.edu/psp/CSPRD01_9/?siss-csweb-308-5600-PORTAL-PSJSESSIONID; SignOnDefault=; hpt_institution=DUKEU; _ga_8PZ75Y3FMV=GS1.1.1724678865.6.0.1724678867.0.0.0; MYSAPSSO2=AjExMDAgAAxwb3J0YWw6QUpKNTSIABNiYXNpY2F1dGhlbnRpY2F0aW9uAQAFQUpKNTQCAAMwMDADAANOUFAEAAwyMDI0MDgyNjEzMjcFAAQAAAAICgAFQUpKNTT%2FAQUwggEBBgkqhkiG9w0BBwKggfMwgfACAQExCzAJBgUrDgMCGgUAMAsGCSqGSIb3DQEHATGB0DCBzQIBATAiMB0xDDAKBgNVBAMTA05QUDENMAsGA1UECxMESjJFRQIBADAJBgUrDgMCGgUAoF0wGAYJKoZIhvcNAQkDMQsGCSqGSIb3DQEHATAcBgkqhkiG9w0BCQUxDxcNMjQwODI2MTMyNzU4WjAjBgkqhkiG9w0BCQQxFgQUB0xk8Dcuo0yMyzHjIEUJd84390UwCQYHKoZIzjgEAwQvMC0CFQC57tRVHxI7AYdbzPUwPaDVEqv39AIUSHfCugi7xKlFeFMy9QUHLjq4w2I%3D; _ga_WB1N5CCGML=GS1.1.1724721274.4.0.1724721280.0.0.0; _ga_4KL7HLELGY=GS1.1.1724722840.4.0.1724722840.60.0.0; ExpirePage=https://dukehub.duke.edu/psp/CSPRD01_9/; PS_LOGINLIST=https://dukehub.duke.edu/CSPRD01; PS_LASTSITE=https://dukehub.duke.edu/psp/CSPRD01_9/; ps_theme=node:SA portal:EMPLOYEE theme_id:DU_PRD_DEFAULT_THEME_FLUID css:DU_PRD_BRAND_CLASSIC_TMPL_860 css_f:DU_PRD_BRAND_FLUID_TMPL_860 accessibility:N macroset:DU_MACROSET_PRD_860 formfactor:3 piamode:2; PS_TOKEN=owAAAAQDAgEBAAAAvAIAAAAAAAAsAAAABABTaGRyAk4Abwg4AC4AMQAwABTezJaiRTeCZA+3a9o0gFqhsTJrGmMAAAAFAFNkYXRhV3icHYxLDkBAEAXLEMu5CTE947dG7EQ4iAs6nGd6UZV+nX4PUJWuKOTXkcdHOiIzPSOBeuNgxy/cnFysugaSSUaikSfRMoNeWqVRNAbxrzKlnTY+S7MKxg==; CSRFCookie=684f5c51-9634-4d9a-bdd4-8ceab0b426e4; PS_TOKENEXPIRE=29_Aug_2024_01:55:11_GMT; _hp2_props.3001039959=%7B%22Base.appName%22%3A%22Canvas%22%7D; _hp2_id.3001039959=%7B%22userId%22%3A%225230993266289319%22%2C%22pageviewId%22%3A%222702686580378791%22%2C%22sessionId%22%3A%221775115064264004%22%2C%22identity%22%3A%22uu-2-bfb8cec48274feadf5dcba5a8bdcfc3a247717c162275eb6c4327f7892066a12-aSv0eXf2o2liik7LauscbHJllzIjnV1XuSfipj9L%22%2C%22trackerVersion%22%3A%224.0%22%2C%22identityField%22%3Anull%2C%22isIdentified%22%3A1%7D; _ga_79GD7X288Z=GS1.1.1724931275.5.0.1724931275.0.0.0",
      "X-Forwarded-Proto": "https",
      "X-Forwarded-User": "ajj54",
      "X-Forwarded-Escaped-Uri": "%2fnode%2fdcc-core-12%2f33128%2fapi%2fnbconvert%3f1724931290909",
      "Via": "1.1 dcc-ondemand-01.oit.duke.edu",
      "X-Forwarded-For": "76.36.237.156",
      "X-Forwarded-Host": "dcc-ondemand-01.oit.duke.edu",
      "X-Forwarded-Server": "dcc-ondemand-01.oit.duke.edu",
      "Connection": "close"
    }
[E 2024-08-29 07:34:56.422 ServerApp] 500 GET /node/dcc-core-12/33128/api/nbconvert?1724931290909 (10.183.18.196) 2263.38ms referer=https://dcc-ondemand-01.oit.duke.edu/node/dcc-core-12/33128/lab?
TermSocket.open: 1
[I 2024-08-29 07:34:56.719 ServerApp] New terminal with specified name: 1
TermSocket.open: Opened 1
Websocket closed
[I 2024-08-29 07:35:00.947 ServerApp] Creating new notebook in 
[I 2024-08-29 07:35:03.042 ServerApp] Kernel started: 76ec57b7-7954-49e1-93da-ed865dc587da
[I 2024-08-29 07:35:24.806 ServerApp] Saving file at /Untitled.ipynb
[I 2024-08-29 07:37:26.619 ServerApp] Saving file at /Untitled.ipynb
[I 2024-08-29 07:39:26.916 ServerApp] Saving file at /Untitled.ipynb
[I 2024-08-29 07:41:27.280 ServerApp] Saving file at /Untitled.ipynb
[I 2024-08-29 07:43:27.590 ServerApp] Saving file at /Untitled.ipynb
[I 2024-08-29 07:47:28.046 ServerApp] Saving file at /Untitled.ipynb
[I 2024-08-29 07:49:28.738 ServerApp] Saving file at /Untitled.ipynb
[W 2024-08-29 07:51:18.274 ServerApp] 404 GET /node/dcc-core-12/33128/api/contents/Return_Period_Example.ipynb?1724932277286 (10.183.18.196): No such file or directory: Return_Period_Example.ipynb
[W 2024-08-29 07:51:18.274 ServerApp] No such file or directory: Return_Period_Example.ipynb
[W 2024-08-29 07:51:18.275 ServerApp] 404 GET /node/dcc-core-12/33128/api/contents/Return_Period_Example.ipynb?1724932277286 (10.183.18.196) 4.29ms referer=https://dcc-ondemand-01.oit.duke.edu/node/dcc-core-12/33128/lab/tree/Untitled.ipynb
[W 2024-08-29 07:51:18.459 ServerApp] 404 GET /node/dcc-core-12/33128/api/contents/Return_Period_Example.ipynb?content=0&1724932277442 (10.183.18.196): No such file or directory: Return_Period_Example.ipynb
[W 2024-08-29 07:51:18.459 ServerApp] No such file or directory: Return_Period_Example.ipynb
[W 2024-08-29 07:51:18.460 ServerApp] 404 GET /node/dcc-core-12/33128/api/contents/Return_Period_Example.ipynb?content=0&1724932277442 (10.183.18.196) 2.66ms referer=https://dcc-ondemand-01.oit.duke.edu/node/dcc-core-12/33128/lab/tree/Untitled.ipynb
[I 2024-08-29 07:51:18.636 ServerApp] Uploading file to /Return_Period_Example.ipynb
[I 2024-08-29 07:53:18.856 ServerApp] Saving file at /Return_Period_Example.ipynb
[W 2024-08-29 08:02:41.641 ServerApp] WebSocket ping timeout after 119948 ms.
[W 2024-08-29 08:02:41.794 ServerApp] WebSocket ping timeout after 119942 ms.
[I 2024-08-29 08:02:46.796 ServerApp] Starting buffering for 76ec57b7-7954-49e1-93da-ed865dc587da:e3554a09-0ace-45aa-9c92-e4b0b23c2ec2
slurmstepd: error: *** JOB 15179936 ON dcc-core-12 CANCELLED AT 2024-08-29T08:34:00 DUE TO TIME LIMIT ***
