Setting VNC password...
Starting VNC server...
xauth:  file /hpc/home/ajj54/.Xauthority does not exist

Desktop 'TurboVNC: dcc-core-16:1 (ajj54)' started on display dcc-core-16:1

Log file is vnc.log
Successfully started VNC server on dcc-core-16:5901...
Script starting...
Starting websocket server...
Launching desktop 'xfce'...
[websockify]: pid: 3087061 (proxying 58696 ==> localhost:5901)
[websockify]: log file: ./websockify.log
[websockify]: waiting ...
[websockify]: started successfully (proxying 58696 ==> localhost:5901)
Scanning VNC log file for user authentications...
Generating connection YAML file...
_IceTransmkdir: ERROR: euid != 0,directory /tmp/.ICE-unix will not be created.
gpg-agent[3087095]: directory '/hpc/home/ajj54/.gnupg' created
gpg-agent[3087095]: directory '/hpc/home/ajj54/.gnupg/private-keys-v1.d' created
gpg-agent[3087096]: gpg-agent (GnuPG) 2.3.3 started

(xfwm4:3087097): xfwm4-WARNING **: 12:14:36.185: Another compositing manager is running on screen 0
xfce4-panel-Message: 12:14:37.537: Plugin "(null)-7" was not found and has been removed from the configuration
xfce4-panel-Message: 12:14:37.539: Plugin "pulseaudio-8" was not found and has been removed from the configuration
xfce4-panel-Message: 12:14:37.542: Plugin "power-manager-plugin-9" was not found and has been removed from the configuration
xfce4-panel-Message: 12:14:37.544: Plugin "notification-plugin-10" was not found and has been removed from the configuration

(xfdesktop:3087125): GLib-GObject-CRITICAL **: 12:14:38.065: g_object_unref: assertion 'G_IS_OBJECT (object)' failed

(tracker-miner-fs-3:3087133): Tracker-WARNING **: 12:14:39.110: Unable to get XDG user directory path for special directory &DOCUMENTS. Ignoring this location.

(tracker-miner-fs-3:3087133): Tracker-WARNING **: 12:14:39.110: Unable to get XDG user directory path for special directory &MUSIC. Ignoring this location.

(tracker-miner-fs-3:3087133): Tracker-WARNING **: 12:14:39.110: Unable to get XDG user directory path for special directory &PICTURES. Ignoring this location.

(tracker-miner-fs-3:3087133): Tracker-WARNING **: 12:14:39.110: Unable to get XDG user directory path for special directory &VIDEOS. Ignoring this location.

(tracker-miner-fs-3:3087133): Tracker-WARNING **: 12:14:39.110: Unable to get XDG user directory path for special directory &DOWNLOAD. Ignoring this location.

(tracker-miner-fs-3:3087133): Tracker-WARNING **: 12:14:39.110: Unable to get XDG user directory path for special directory &DOCUMENTS. Ignoring this location.

(tracker-miner-fs-3:3087133): Tracker-WARNING **: 12:14:39.110: Unable to get XDG user directory path for special directory &MUSIC. Ignoring this location.

(tracker-miner-fs-3:3087133): Tracker-WARNING **: 12:14:39.110: Unable to get XDG user directory path for special directory &PICTURES. Ignoring this location.

(tracker-miner-fs-3:3087133): Tracker-WARNING **: 12:14:39.110: Unable to get XDG user directory path for special directory &VIDEOS. Ignoring this location.
Setting VNC password...
Generating connection YAML file...
slurmstepd: error: *** JOB 14869637 ON dcc-core-16 CANCELLED AT 2024-08-22T12:16:21 ***
