Script starting...
Waiting for Jupyter Lab server to open port 25889...
TIMING - Starting main script at: Fri Sep  6 04:06:37 PM EDT 2024
TIMING - Starting wait at: Fri Sep  6 04:06:37 PM EDT 2024
Anaconda3 2021.05
Currently Loaded Modulefiles:
 1) Anaconda3/2021.05  
TIMING - Starting jupyter at: Fri Sep  6 04:06:37 PM EDT 2024
+ jupyter lab --config=/hpc/home/ajj54/ondemand/data/sys/dashboard/batch_connect/sys/bc_jupyter/output/8198c99f-81fa-4a31-acf5-70939310fc88/config.py
[I 2024-09-06 16:06:50.560 ServerApp] jupyterlab | extension was successfully linked.
[I 2024-09-06 16:06:52.194 ServerApp] nbclassic | extension was successfully linked.
[W 2024-09-06 16:06:52.624 ServerApp] WARNING: The Jupyter server is listening on all IP addresses and not using encryption. This is not recommended.
[I 2024-09-06 16:06:52.649 LabApp] JupyterLab extension loaded from /opt/apps/rhel8/Anaconda3-2021.05/lib/python3.8/site-packages/jupyterlab
[I 2024-09-06 16:06:52.649 LabApp] JupyterLab application directory is /admin/apps/rhel8/Anaconda3-2021.05/share/jupyter/lab
[I 2024-09-06 16:06:52.657 ServerApp] jupyterlab | extension was successfully loaded.
[I 2024-09-06 16:06:52.685 ServerApp] nbclassic | extension was successfully loaded.
[I 2024-09-06 16:06:52.685 ServerApp] Serving notebooks from local directory: /hpc/home/ajj54
[I 2024-09-06 16:06:52.685 ServerApp] Jupyter Server 1.4.1 is running at:
[I 2024-09-06 16:06:52.685 ServerApp] http://dcc-core-19:25889/node/dcc-core-19/25889/lab
[I 2024-09-06 16:06:52.685 ServerApp]  or http://127.0.0.1:25889/node/dcc-core-19/25889/lab
[I 2024-09-06 16:06:52.685 ServerApp] Use Control-C to stop this server and shut down all kernels (twice to skip confirmation).
[W 2024-09-06 16:06:52.699 ServerApp] No web browser found: could not locate runnable browser.
Discovered Jupyter Lab server listening on port 25889!
TIMING - Wait ended at: Fri Sep  6 04:06:52 PM EDT 2024
Generating connection YAML file...
[I 2024-09-06 16:06:58.738 ServerApp] 302 POST /node/dcc-core-19/25889/login (10.183.18.196) 2.68ms
[I 2024-09-06 16:06:58.797 ServerApp] 302 GET /node/dcc-core-19/25889/ (10.183.18.196) 0.99ms
[W 2024-09-06 16:07:04.429 LabApp] Could not determine jupyterlab build status without nodejs
[W 2024-09-06 16:07:06.379 ServerApp] 500 GET /node/dcc-core-19/25889/api/nbconvert?1725653223674 (10.183.18.196): Could not import nbconvert: cannot import name 'contextfilter' from 'jinja2' (/hpc/home/ajj54/.local/lib/python3.8/site-packages/jinja2/__init__.py)
[W 2024-09-06 16:07:06.380 ServerApp] Could not import nbconvert: cannot import name 'contextfilter' from 'jinja2' (/hpc/home/ajj54/.local/lib/python3.8/site-packages/jinja2/__init__.py)
[E 2024-09-06 16:07:06.381 ServerApp] {
      "Host": "dcc-core-19:25889",
      "Sec-Ch-Ua": "\"Chromium\";v=\"128\", \"Not;A=Brand\";v=\"24\", \"Google Chrome\";v=\"128\"",
      "Sec-Ch-Ua-Platform": "\"Windows\"",
      "X-Xsrftoken": "2|e81a736c|2c5a8d9cbccaff4f94aae2fbc4d0d8b5|1725653218",
      "Sec-Ch-Ua-Mobile": "?0",
      "User-Agent": "Mozilla/5.0 (Windows NT 10.0; Win64; x64) AppleWebKit/537.36 (KHTML, like Gecko) Chrome/128.0.0.0 Safari/537.36",
      "Content-Type": "application/json",
      "Accept": "*/*",
      "Sec-Fetch-Site": "same-origin",
      "Sec-Fetch-Mode": "cors",
      "Sec-Fetch-Dest": "empty",
      "Referer": "https://dcc-ondemand-01.oit.duke.edu/node/dcc-core-19/25889/lab/workspaces/auto-i?reset",
      "Accept-Encoding": "gzip, deflate, br, zstd",
      "Accept-Language": "en-US,en;q=0.9",
      "Cookie": "username-dcc-core-19-25889=\"2|1:0|10:1725653218|26:username-dcc-core-19-25889|44:NzA1NzY5MmUxODk1NDY4YWE5NmI3YzA3NDNiMDBmOWU=|3b939aa2739ce8636fc54ee0e30191f23e0517a417b75994720e4ffb4a3bc6a6\"; _xsrf=2|e81a736c|2c5a8d9cbccaff4f94aae2fbc4d0d8b5|1725653218; _ga_5R4BP9RPSY=GS1.1.1721934655.1.1.1721935869.0.0.0; _gcl_au=1.1.93754352.1721940098; _rdt_uuid=1721940098878.dabc33fa-484e-4dec-881d-b82df815ed07; _fbp=fb.1.1721940099129.232582454193655244; _hjSessionUser_3209393=eyJpZCI6ImQwYjViNDc1LTMzYjUtNTI3Yy05YTM2LTY2Njg5YjcyNjE2YSIsImNyZWF0ZWQiOjE3MjE5NDAwOTkyNjUsImV4aXN0aW5nIjpmYWxzZX0=; _ga_JDRK8M0914=GS1.1.1721940098.1.0.1721940100.0.0.0; _ga_VP33BWKZP1=GS1.1.1721940098.1.0.1721940100.58.0.0; _ga_FQH8MG1Z9C=GS1.1.1721940097.2.1.1721940122.35.0.0; _ga_T7KHMBY40X=GS1.2.1721940141.1.0.1721940141.0.0.0; _ga_18T0J58HVL=GS1.1.1721940139.1.1.1721940261.0.0.0; _ga_THGXZ7DM6Q=GS1.1.1721946265.3.0.1721946283.0.0.0; _ga_2BEJD95ZW1=GS1.1.1721946265.3.0.1721946283.0.0.0; _ga_RB5H4BVBQT=GS1.1.1722516832.4.0.1722516832.0.0.0; _ga_HJ9GVFLS08=GS1.1.1722868908.1.1.1722868942.0.0.0; _ga_T34M7MV779=GS1.1.1723046187.2.1.1723046230.0.0.0; _ga_STDXEBPYV0=GS1.1.1723836371.2.0.1723836375.0.0.0; _clck=gppc4e%7C2%7Cfok%7C0%7C1667; _ga_GJFVDNDC6R=GS1.1.1724416384.1.1.1724417971.0.0.0; _ga_CNR00DKCGC=GS1.1.1724419204.2.0.1724419204.0.0.0; fpestid=YuMy8l61xBOxJMmrwPXsLH9IO9nod1WVaCi0H0OGeWzzSbxFT1CVffHq1a5R6XC8f7KKTA; _cc_id=e34c23b3d68f4570548755eef3c55801; _ga=GA1.1.1481303474.1721829798; _ga_7LNNFG7NW2=GS1.1.1724609648.1.1.1724609667.0.0.0; _ga_ZGEZX7R0BR=GS1.1.1724609649.1.1.1724609667.0.0.0; _ga_LH9ENGBHNG=GS1.1.1724610552.3.0.1724610552.0.0.0; _ga_SYW5D2PTM9=GS1.1.1724610561.1.1.1724610927.0.0.0; _ga_3VP6LF1NFL=GS1.1.1724610640.1.1.1724610927.0.0.0; _ga_4KL7HLELGY=GS1.1.1724722840.4.0.1724722840.60.0.0; _ga_79GD7X288Z=GS1.1.1724947241.6.0.1724947241.0.0.0; SAPWP_active=1; _ga_9SLH7QHRC3=GS1.1.1725147211.2.0.1725147211.0.0.0; PS_TokenSite=https://dukehub.duke.edu/psp/CSPRD01_9/?siss-csweb-303-5600-PORTAL-PSJSESSIONID; SignOnDefault=; hpt_institution=DUKEU; ExpirePage=https://dukehub.duke.edu/psp/CSPRD01_9/; PS_LOGINLIST=https://dukehub.duke.edu/CSPRD01; PS_TOKEN=ogAAAAQDAgEBAAAAvAIAAAAAAAAsAAAABABTaGRyAk4Abwg4AC4AMQAwABR8YMvwUFLO6kJw1aQs5Qh/2P+TumIAAAAFAFNkYXRhVnicHYzBCYAwEAQnUXymE8XkEiRvFX8iWogNWpxL7jGz7MK9QN955+TP0y4YM0alsBAZdk4OwsrDxc2mNZKTlMiMcm00MaqblItYWjY565Fp4wdKYAq9; PS_LASTSITE=https://dukehub.duke.edu/psp/CSPRD01_9/; ps_theme=node:SA portal:EMPLOYEE theme_id:DU_PRD_DEFAULT_THEME_FLUID css:DU_PRD_BRAND_CLASSIC_TMPL_860 css_f:DU_PRD_BRAND_FLUID_TMPL_860 accessibility:N macroset:DU_MACROSET_PRD_860 formfactor:3 piamode:2; CSRFCookie=c4443684-5d37-4f86-b063-37144581bc21; PS_TOKENEXPIRE=3_Sep_2024_20:06:32_GMT; _ga_WB1N5CCGML=GS1.1.1725394887.7.0.1725394888.0.0.0; _ga_8PZ75Y3FMV=GS1.1.1725541955.8.0.1725541957.0.0.0; _hp2_props.3001039959=%7B%22Base.appName%22%3A%22Canvas%22%7D; _hp2_id.3001039959=%7B%22userId%22%3A%225230993266289319%22%2C%22pageviewId%22%3A%22346337821668856%22%2C%22sessionId%22%3A%223458565838805923%22%2C%22identity%22%3A%22uu-2-bfb8cec48274feadf5dcba5a8bdcfc3a247717c162275eb6c4327f7892066a12-aSv0eXf2o2liik7LauscbHJllzIjnV1XuSfipj9L%22%2C%22trackerVersion%22%3A%224.0%22%2C%22identityField%22%3Anull%2C%22isIdentified%22%3A1%7D",
      "X-Forwarded-Proto": "https",
      "X-Forwarded-User": "ajj54",
      "X-Forwarded-Escaped-Uri": "%2fnode%2fdcc-core-19%2f25889%2fapi%2fnbconvert%3f1725653223674",
      "Via": "1.1 dcc-ondemand-01.oit.duke.edu",
      "X-Forwarded-For": "76.36.237.156",
      "X-Forwarded-Host": "dcc-ondemand-01.oit.duke.edu",
      "X-Forwarded-Server": "dcc-ondemand-01.oit.duke.edu",
      "Connection": "close"
    }
[E 2024-09-06 16:07:06.381 ServerApp] 500 GET /node/dcc-core-19/25889/api/nbconvert?1725653223674 (10.183.18.196) 42.77ms referer=https://dcc-ondemand-01.oit.duke.edu/node/dcc-core-19/25889/lab/workspaces/auto-i?reset
[W 2024-09-06 16:07:06.391 ServerApp] 500 GET /node/dcc-core-19/25889/api/nbconvert?1725653223692 (10.183.18.196): Could not import nbconvert: cannot import name 'contextfilter' from 'jinja2' (/hpc/home/ajj54/.local/lib/python3.8/site-packages/jinja2/__init__.py)
[W 2024-09-06 16:07:06.391 ServerApp] Could not import nbconvert: cannot import name 'contextfilter' from 'jinja2' (/hpc/home/ajj54/.local/lib/python3.8/site-packages/jinja2/__init__.py)
[E 2024-09-06 16:07:06.392 ServerApp] {
      "Host": "dcc-core-19:25889",
      "Sec-Ch-Ua": "\"Chromium\";v=\"128\", \"Not;A=Brand\";v=\"24\", \"Google Chrome\";v=\"128\"",
      "Sec-Ch-Ua-Platform": "\"Windows\"",
      "X-Xsrftoken": "2|e81a736c|2c5a8d9cbccaff4f94aae2fbc4d0d8b5|1725653218",
      "Sec-Ch-Ua-Mobile": "?0",
      "User-Agent": "Mozilla/5.0 (Windows NT 10.0; Win64; x64) AppleWebKit/537.36 (KHTML, like Gecko) Chrome/128.0.0.0 Safari/537.36",
      "Content-Type": "application/json",
      "Accept": "*/*",
      "Sec-Fetch-Site": "same-origin",
      "Sec-Fetch-Mode": "cors",
      "Sec-Fetch-Dest": "empty",
      "Referer": "https://dcc-ondemand-01.oit.duke.edu/node/dcc-core-19/25889/lab/workspaces/auto-i?reset",
      "Accept-Encoding": "gzip, deflate, br, zstd",
      "Accept-Language": "en-US,en;q=0.9",
      "Cookie": "username-dcc-core-19-25889=\"2|1:0|10:1725653218|26:username-dcc-core-19-25889|44:NzA1NzY5MmUxODk1NDY4YWE5NmI3YzA3NDNiMDBmOWU=|3b939aa2739ce8636fc54ee0e30191f23e0517a417b75994720e4ffb4a3bc6a6\"; _xsrf=2|e81a736c|2c5a8d9cbccaff4f94aae2fbc4d0d8b5|1725653218; _ga_5R4BP9RPSY=GS1.1.1721934655.1.1.1721935869.0.0.0; _gcl_au=1.1.93754352.1721940098; _rdt_uuid=1721940098878.dabc33fa-484e-4dec-881d-b82df815ed07; _fbp=fb.1.1721940099129.232582454193655244; _hjSessionUser_3209393=eyJpZCI6ImQwYjViNDc1LTMzYjUtNTI3Yy05YTM2LTY2Njg5YjcyNjE2YSIsImNyZWF0ZWQiOjE3MjE5NDAwOTkyNjUsImV4aXN0aW5nIjpmYWxzZX0=; _ga_JDRK8M0914=GS1.1.1721940098.1.0.1721940100.0.0.0; _ga_VP33BWKZP1=GS1.1.1721940098.1.0.1721940100.58.0.0; _ga_FQH8MG1Z9C=GS1.1.1721940097.2.1.1721940122.35.0.0; _ga_T7KHMBY40X=GS1.2.1721940141.1.0.1721940141.0.0.0; _ga_18T0J58HVL=GS1.1.1721940139.1.1.1721940261.0.0.0; _ga_THGXZ7DM6Q=GS1.1.1721946265.3.0.1721946283.0.0.0; _ga_2BEJD95ZW1=GS1.1.1721946265.3.0.1721946283.0.0.0; _ga_RB5H4BVBQT=GS1.1.1722516832.4.0.1722516832.0.0.0; _ga_HJ9GVFLS08=GS1.1.1722868908.1.1.1722868942.0.0.0; _ga_T34M7MV779=GS1.1.1723046187.2.1.1723046230.0.0.0; _ga_STDXEBPYV0=GS1.1.1723836371.2.0.1723836375.0.0.0; _clck=gppc4e%7C2%7Cfok%7C0%7C1667; _ga_GJFVDNDC6R=GS1.1.1724416384.1.1.1724417971.0.0.0; _ga_CNR00DKCGC=GS1.1.1724419204.2.0.1724419204.0.0.0; fpestid=YuMy8l61xBOxJMmrwPXsLH9IO9nod1WVaCi0H0OGeWzzSbxFT1CVffHq1a5R6XC8f7KKTA; _cc_id=e34c23b3d68f4570548755eef3c55801; _ga=GA1.1.1481303474.1721829798; _ga_7LNNFG7NW2=GS1.1.1724609648.1.1.1724609667.0.0.0; _ga_ZGEZX7R0BR=GS1.1.1724609649.1.1.1724609667.0.0.0; _ga_LH9ENGBHNG=GS1.1.1724610552.3.0.1724610552.0.0.0; _ga_SYW5D2PTM9=GS1.1.1724610561.1.1.1724610927.0.0.0; _ga_3VP6LF1NFL=GS1.1.1724610640.1.1.1724610927.0.0.0; _ga_4KL7HLELGY=GS1.1.1724722840.4.0.1724722840.60.0.0; _ga_79GD7X288Z=GS1.1.1724947241.6.0.1724947241.0.0.0; SAPWP_active=1; _ga_9SLH7QHRC3=GS1.1.1725147211.2.0.1725147211.0.0.0; PS_TokenSite=https://dukehub.duke.edu/psp/CSPRD01_9/?siss-csweb-303-5600-PORTAL-PSJSESSIONID; SignOnDefault=; hpt_institution=DUKEU; ExpirePage=https://dukehub.duke.edu/psp/CSPRD01_9/; PS_LOGINLIST=https://dukehub.duke.edu/CSPRD01; PS_TOKEN=ogAAAAQDAgEBAAAAvAIAAAAAAAAsAAAABABTaGRyAk4Abwg4AC4AMQAwABR8YMvwUFLO6kJw1aQs5Qh/2P+TumIAAAAFAFNkYXRhVnicHYzBCYAwEAQnUXymE8XkEiRvFX8iWogNWpxL7jGz7MK9QN955+TP0y4YM0alsBAZdk4OwsrDxc2mNZKTlMiMcm00MaqblItYWjY565Fp4wdKYAq9; PS_LASTSITE=https://dukehub.duke.edu/psp/CSPRD01_9/; ps_theme=node:SA portal:EMPLOYEE theme_id:DU_PRD_DEFAULT_THEME_FLUID css:DU_PRD_BRAND_CLASSIC_TMPL_860 css_f:DU_PRD_BRAND_FLUID_TMPL_860 accessibility:N macroset:DU_MACROSET_PRD_860 formfactor:3 piamode:2; CSRFCookie=c4443684-5d37-4f86-b063-37144581bc21; PS_TOKENEXPIRE=3_Sep_2024_20:06:32_GMT; _ga_WB1N5CCGML=GS1.1.1725394887.7.0.1725394888.0.0.0; _ga_8PZ75Y3FMV=GS1.1.1725541955.8.0.1725541957.0.0.0; _hp2_props.3001039959=%7B%22Base.appName%22%3A%22Canvas%22%7D; _hp2_id.3001039959=%7B%22userId%22%3A%225230993266289319%22%2C%22pageviewId%22%3A%22346337821668856%22%2C%22sessionId%22%3A%223458565838805923%22%2C%22identity%22%3A%22uu-2-bfb8cec48274feadf5dcba5a8bdcfc3a247717c162275eb6c4327f7892066a12-aSv0eXf2o2liik7LauscbHJllzIjnV1XuSfipj9L%22%2C%22trackerVersion%22%3A%224.0%22%2C%22identityField%22%3Anull%2C%22isIdentified%22%3A1%7D",
      "X-Forwarded-Proto": "https",
      "X-Forwarded-User": "ajj54",
      "X-Forwarded-Escaped-Uri": "%2fnode%2fdcc-core-19%2f25889%2fapi%2fnbconvert%3f1725653223692",
      "Via": "1.1 dcc-ondemand-01.oit.duke.edu",
      "X-Forwarded-For": "76.36.237.156",
      "X-Forwarded-Host": "dcc-ondemand-01.oit.duke.edu",
      "X-Forwarded-Server": "dcc-ondemand-01.oit.duke.edu",
      "Connection": "close"
    }
[E 2024-09-06 16:07:06.392 ServerApp] 500 GET /node/dcc-core-19/25889/api/nbconvert?1725653223692 (10.183.18.196) 49.60ms referer=https://dcc-ondemand-01.oit.duke.edu/node/dcc-core-19/25889/lab/workspaces/auto-i?reset
[I 2024-09-06 16:07:14.070 ServerApp] Kernel started: 63fa77f6-2cb3-4218-b7ee-11095cdd0c9c
[I 2024-09-06 16:08:28.467 ServerApp] Saving file at /Return_Period_Example.ipynb
[I 2024-09-06 16:10:29.661 ServerApp] Saving file at /Return_Period_Example.ipynb
[I 2024-09-06 16:16:31.616 ServerApp] Saving file at /Return_Period_Example.ipynb
[W 2024-09-06 16:17:23.315 ServerApp] Notebook STORMS/01_windstorm/Hazard_assessment_STORMS.ipynb is not trusted
[I 2024-09-06 16:17:24.106 ServerApp] Kernel started: 913c2174-c129-49dd-8185-7db78861a407
ERROR 1: PROJ: internal_proj_create_from_database: /hpc/group/borsuklab/ajj54/miniconda3/share/proj/proj.db contains DATABASE.LAYOUT.VERSION.MINOR = 2 whereas a number >= 3 is expected. It comes from another PROJ installation.
ERROR 1: PROJ: internal_proj_create_from_database: /hpc/group/borsuklab/ajj54/miniconda3/share/proj/proj.db contains DATABASE.LAYOUT.VERSION.MINOR = 2 whereas a number >= 3 is expected. It comes from another PROJ installation.
ERROR 1: PROJ: internal_proj_identify: /hpc/group/borsuklab/ajj54/miniconda3/share/proj/proj.db contains DATABASE.LAYOUT.VERSION.MINOR = 2 whereas a number >= 3 is expected. It comes from another PROJ installation.
ERROR 1: PROJ: internal_proj_identify: /hpc/group/borsuklab/ajj54/miniconda3/share/proj/proj.db contains DATABASE.LAYOUT.VERSION.MINOR = 2 whereas a number >= 3 is expected. It comes from another PROJ installation.
[I 2024-09-06 16:19:24.294 ServerApp] Saving file at /STORMS/01_windstorm/Hazard_assessment_STORMS.ipynb
[W 2024-09-06 16:19:24.294 ServerApp] Notebook STORMS/01_windstorm/Hazard_assessment_STORMS.ipynb is not trusted
[W 2024-09-06 16:21:16.654 ServerApp] Notebook STORMS/01_windstorm/Risk_assessment_STORMS.ipynb is not trusted
[I 2024-09-06 16:21:17.881 ServerApp] Kernel started: 21e896c4-fad5-4f99-8eee-a5b67cfad872
[I 2024-09-06 16:21:24.782 ServerApp] Saving file at /STORMS/01_windstorm/Hazard_assessment_STORMS.ipynb
[W 2024-09-06 16:21:24.783 ServerApp] Notebook STORMS/01_windstorm/Hazard_assessment_STORMS.ipynb is not trusted
ERROR 1: PROJ: internal_proj_create_from_database: /hpc/group/borsuklab/ajj54/miniconda3/share/proj/proj.db contains DATABASE.LAYOUT.VERSION.MINOR = 2 whereas a number >= 3 is expected. It comes from another PROJ installation.
ERROR 1: PROJ: internal_proj_create_from_database: /hpc/group/borsuklab/ajj54/miniconda3/share/proj/proj.db contains DATABASE.LAYOUT.VERSION.MINOR = 2 whereas a number >= 3 is expected. It comes from another PROJ installation.
ERROR 1: PROJ: internal_proj_identify: /hpc/group/borsuklab/ajj54/miniconda3/share/proj/proj.db contains DATABASE.LAYOUT.VERSION.MINOR = 2 whereas a number >= 3 is expected. It comes from another PROJ installation.
ERROR 1: PROJ: internal_proj_identify: /hpc/group/borsuklab/ajj54/miniconda3/share/proj/proj.db contains DATABASE.LAYOUT.VERSION.MINOR = 2 whereas a number >= 3 is expected. It comes from another PROJ installation.
ERROR 1: PROJ: internal_proj_create_from_database: /hpc/group/borsuklab/ajj54/miniconda3/share/proj/proj.db contains DATABASE.LAYOUT.VERSION.MINOR = 2 whereas a number >= 3 is expected. It comes from another PROJ installation.
ERROR 1: PROJ: internal_proj_create_from_database: /hpc/group/borsuklab/ajj54/miniconda3/share/proj/proj.db contains DATABASE.LAYOUT.VERSION.MINOR = 2 whereas a number >= 3 is expected. It comes from another PROJ installation.
[I 2024-09-06 16:23:18.198 ServerApp] Saving file at /STORMS/01_windstorm/Risk_assessment_STORMS.ipynb
[W 2024-09-06 16:23:18.199 ServerApp] Notebook STORMS/01_windstorm/Risk_assessment_STORMS.ipynb is not trusted
ERROR 1: PROJ: internal_proj_create_from_database: /hpc/group/borsuklab/ajj54/miniconda3/share/proj/proj.db contains DATABASE.LAYOUT.VERSION.MINOR = 2 whereas a number >= 3 is expected. It comes from another PROJ installation.
ERROR 1: PROJ: internal_proj_create_from_database: /hpc/group/borsuklab/ajj54/miniconda3/share/proj/proj.db contains DATABASE.LAYOUT.VERSION.MINOR = 2 whereas a number >= 3 is expected. It comes from another PROJ installation.
ERROR 1: PROJ: internal_proj_identify: /hpc/group/borsuklab/ajj54/miniconda3/share/proj/proj.db contains DATABASE.LAYOUT.VERSION.MINOR = 2 whereas a number >= 3 is expected. It comes from another PROJ installation.
ERROR 1: PROJ: internal_proj_identify: /hpc/group/borsuklab/ajj54/miniconda3/share/proj/proj.db contains DATABASE.LAYOUT.VERSION.MINOR = 2 whereas a number >= 3 is expected. It comes from another PROJ installation.
ERROR 1: PROJ: internal_proj_create_from_database: /hpc/group/borsuklab/ajj54/miniconda3/share/proj/proj.db contains DATABASE.LAYOUT.VERSION.MINOR = 2 whereas a number >= 3 is expected. It comes from another PROJ installation.
ERROR 1: PROJ: internal_proj_create_from_database: /hpc/group/borsuklab/ajj54/miniconda3/share/proj/proj.db contains DATABASE.LAYOUT.VERSION.MINOR = 2 whereas a number >= 3 is expected. It comes from another PROJ installation.
[I 2024-09-06 16:24:56.881 ServerApp] AsyncIOLoopKernelRestarter: restarting kernel (1/5), keep random ports
kernel 21e896c4-fad5-4f99-8eee-a5b67cfad872 restarted
[I 2024-09-06 16:24:56.929 ServerApp] Starting buffering for 21e896c4-fad5-4f99-8eee-a5b67cfad872:7e98adfe-6673-47c6-9421-586aad33f21f
[I 2024-09-06 16:24:57.068 ServerApp] Restoring connection for 21e896c4-fad5-4f99-8eee-a5b67cfad872:7e98adfe-6673-47c6-9421-586aad33f21f
[I 2024-09-06 16:25:19.093 ServerApp] Saving file at /STORMS/01_windstorm/Risk_assessment_STORMS.ipynb
[W 2024-09-06 16:25:19.095 ServerApp] Notebook STORMS/01_windstorm/Risk_assessment_STORMS.ipynb is not trusted
ERROR 1: PROJ: internal_proj_create_from_database: /hpc/group/borsuklab/ajj54/miniconda3/share/proj/proj.db contains DATABASE.LAYOUT.VERSION.MINOR = 2 whereas a number >= 3 is expected. It comes from another PROJ installation.
ERROR 1: PROJ: internal_proj_create_from_database: /hpc/group/borsuklab/ajj54/miniconda3/share/proj/proj.db contains DATABASE.LAYOUT.VERSION.MINOR = 2 whereas a number >= 3 is expected. It comes from another PROJ installation.
ERROR 1: PROJ: internal_proj_identify: /hpc/group/borsuklab/ajj54/miniconda3/share/proj/proj.db contains DATABASE.LAYOUT.VERSION.MINOR = 2 whereas a number >= 3 is expected. It comes from another PROJ installation.
ERROR 1: PROJ: internal_proj_identify: /hpc/group/borsuklab/ajj54/miniconda3/share/proj/proj.db contains DATABASE.LAYOUT.VERSION.MINOR = 2 whereas a number >= 3 is expected. It comes from another PROJ installation.
ERROR 1: PROJ: internal_proj_create_from_database: /hpc/group/borsuklab/ajj54/miniconda3/share/proj/proj.db contains DATABASE.LAYOUT.VERSION.MINOR = 2 whereas a number >= 3 is expected. It comes from another PROJ installation.
ERROR 1: PROJ: internal_proj_create_from_database: /hpc/group/borsuklab/ajj54/miniconda3/share/proj/proj.db contains DATABASE.LAYOUT.VERSION.MINOR = 2 whereas a number >= 3 is expected. It comes from another PROJ installation.
[I 2024-09-06 16:27:20.047 ServerApp] Saving file at /STORMS/01_windstorm/Risk_assessment_STORMS.ipynb
[W 2024-09-06 16:27:20.064 ServerApp] Notebook STORMS/01_windstorm/Risk_assessment_STORMS.ipynb is not trusted
[I 2024-09-06 16:29:21.643 ServerApp] Saving file at /STORMS/01_windstorm/Risk_assessment_STORMS.ipynb
[W 2024-09-06 16:29:21.645 ServerApp] Notebook STORMS/01_windstorm/Risk_assessment_STORMS.ipynb is not trusted
[I 2024-09-06 16:31:23.037 ServerApp] Saving file at /STORMS/01_windstorm/Risk_assessment_STORMS.ipynb
[W 2024-09-06 16:31:23.039 ServerApp] Notebook STORMS/01_windstorm/Risk_assessment_STORMS.ipynb is not trusted
[I 2024-09-06 16:33:24.336 ServerApp] Saving file at /STORMS/01_windstorm/Risk_assessment_STORMS.ipynb
[W 2024-09-06 16:33:24.337 ServerApp] Notebook STORMS/01_windstorm/Risk_assessment_STORMS.ipynb is not trusted
[I 2024-09-06 16:35:25.562 ServerApp] Saving file at /STORMS/01_windstorm/Risk_assessment_STORMS.ipynb
[W 2024-09-06 16:35:25.563 ServerApp] Notebook STORMS/01_windstorm/Risk_assessment_STORMS.ipynb is not trusted
[I 2024-09-06 16:37:26.884 ServerApp] Saving file at /STORMS/01_windstorm/Risk_assessment_STORMS.ipynb
[W 2024-09-06 16:37:26.885 ServerApp] Notebook STORMS/01_windstorm/Risk_assessment_STORMS.ipynb is not trusted
[I 2024-09-06 16:39:28.285 ServerApp] Saving file at /STORMS/01_windstorm/Risk_assessment_STORMS.ipynb
[W 2024-09-06 16:39:28.286 ServerApp] Notebook STORMS/01_windstorm/Risk_assessment_STORMS.ipynb is not trusted
[I 2024-09-06 16:41:29.533 ServerApp] Saving file at /STORMS/01_windstorm/Risk_assessment_STORMS.ipynb
[W 2024-09-06 16:41:29.535 ServerApp] Notebook STORMS/01_windstorm/Risk_assessment_STORMS.ipynb is not trusted
ERROR 1: PROJ: internal_proj_create_from_database: /hpc/group/borsuklab/ajj54/miniconda3/share/proj/proj.db contains DATABASE.LAYOUT.VERSION.MINOR = 2 whereas a number >= 3 is expected. It comes from another PROJ installation.
ERROR 1: PROJ: internal_proj_identify: /hpc/group/borsuklab/ajj54/miniconda3/share/proj/proj.db contains DATABASE.LAYOUT.VERSION.MINOR = 2 whereas a number >= 3 is expected. It comes from another PROJ installation.
ERROR 1: PROJ: internal_proj_identify: /hpc/group/borsuklab/ajj54/miniconda3/share/proj/proj.db contains DATABASE.LAYOUT.VERSION.MINOR = 2 whereas a number >= 3 is expected. It comes from another PROJ installation.
ERROR 1: PROJ: internal_proj_create_from_database: /hpc/group/borsuklab/ajj54/miniconda3/share/proj/proj.db contains DATABASE.LAYOUT.VERSION.MINOR = 2 whereas a number >= 3 is expected. It comes from another PROJ installation.
ERROR 1: PROJ: internal_proj_create_from_database: /hpc/group/borsuklab/ajj54/miniconda3/share/proj/proj.db contains DATABASE.LAYOUT.VERSION.MINOR = 2 whereas a number >= 3 is expected. It comes from another PROJ installation.
ERROR 1: PROJ: internal_proj_create_from_database: /hpc/group/borsuklab/ajj54/miniconda3/share/proj/proj.db contains DATABASE.LAYOUT.VERSION.MINOR = 2 whereas a number >= 3 is expected. It comes from another PROJ installation.
ERROR 1: PROJ: internal_proj_create_from_database: /hpc/group/borsuklab/ajj54/miniconda3/share/proj/proj.db contains DATABASE.LAYOUT.VERSION.MINOR = 2 whereas a number >= 3 is expected. It comes from another PROJ installation.
ERROR 1: PROJ: internal_proj_identify: /hpc/group/borsuklab/ajj54/miniconda3/share/proj/proj.db contains DATABASE.LAYOUT.VERSION.MINOR = 2 whereas a number >= 3 is expected. It comes from another PROJ installation.
ERROR 1: PROJ: internal_proj_identify: /hpc/group/borsuklab/ajj54/miniconda3/share/proj/proj.db contains DATABASE.LAYOUT.VERSION.MINOR = 2 whereas a number >= 3 is expected. It comes from another PROJ installation.
ERROR 1: PROJ: internal_proj_create_from_database: /hpc/group/borsuklab/ajj54/miniconda3/share/proj/proj.db contains DATABASE.LAYOUT.VERSION.MINOR = 2 whereas a number >= 3 is expected. It comes from another PROJ installation.
ERROR 1: PROJ: internal_proj_create_from_database: /hpc/group/borsuklab/ajj54/miniconda3/share/proj/proj.db contains DATABASE.LAYOUT.VERSION.MINOR = 2 whereas a number >= 3 is expected. It comes from another PROJ installation.
[I 2024-09-06 16:43:14.901 ServerApp] AsyncIOLoopKernelRestarter: restarting kernel (1/5), keep random ports
kernel 21e896c4-fad5-4f99-8eee-a5b67cfad872 restarted
[I 2024-09-06 16:43:14.964 ServerApp] Starting buffering for 21e896c4-fad5-4f99-8eee-a5b67cfad872:7e98adfe-6673-47c6-9421-586aad33f21f
[I 2024-09-06 16:43:15.057 ServerApp] Restoring connection for 21e896c4-fad5-4f99-8eee-a5b67cfad872:7e98adfe-6673-47c6-9421-586aad33f21f
[I 2024-09-06 16:43:22.672 ServerApp] Saving file at /STORMS/01_windstorm/Risk_assessment_STORMS.ipynb
[W 2024-09-06 16:43:22.674 ServerApp] Notebook STORMS/01_windstorm/Risk_assessment_STORMS.ipynb is not trusted
slurmstepd: error: *** JOB 15634203 ON dcc-core-19 CANCELLED AT 2024-09-06T16:43:40 ***
slurmstepd: error: Detected 2 oom_kill events in StepId=15634203.batch. Some of the step tasks have been OOM Killed.
