2024-08-29 06:50:44.581 [info] Experiment 'pythonCreateEnvOnPipInstall' is active
2024-08-29 06:50:44.581 [info] Experiment 'pythonRecommendTensorboardExt' is active
2024-08-29 06:50:44.581 [info] Experiment 'pythonTerminalEnvVarActivation' is active
2024-08-29 06:50:44.581 [info] Experiment 'pythonTestAdapter' is active
2024-08-29 06:50:44.581 [error] Reading directory to watch failed [Error: ENOENT: no such file or directory, scandir '/hpc/home/ajj54/.pixi/envs'
	at Object.readdirSync (node:fs:1515:26)
	at /hpc/home/ajj54/.local/share/code-server/extensions/ms-python.python-2024.12.3-universal/out/client/extension.js:2:586747
	at /hpc/home/ajj54/.local/share/code-server/extensions/ms-python.python-2024.12.3-universal/out/client/extension.js:2:586938
	at Array.map (<anonymous>)
	at d.initWatchers (/hpc/home/ajj54/.local/share/code-server/extensions/ms-python.python-2024.12.3-universal/out/client/extension.js:2:586656)
	at async d.ensureWatchersReady (/hpc/home/ajj54/.local/share/code-server/extensions/ms-python.python-2024.12.3-universal/out/client/extension.js:2:543067)] {
  errno: -2,
  code: 'ENOENT',
  syscall: 'scandir',
  path: '/hpc/home/ajj54/.pixi/envs'
}
2024-08-29 06:50:44.581 [error] Dir "/hpc/home/ajj54/.pixi/envs" is not watchable (directory does not exist)
2024-08-29 06:50:44.581 [debug] Start watching file for changes /hpc/home/ajj54/.conda/environments.txt
2024-08-29 06:50:44.581 [debug] Start watching: /hpc/home/ajj54/.conda with pattern environments.txt using VSCode API
2024-08-29 06:50:44.581 [debug] Start watching root /hpc/home/ajj54 for globs ["python","*/python","*/bin/python"]
2024-08-29 06:50:44.581 [debug] Start watching: /hpc/home/ajj54 with pattern python using VSCode API
2024-08-29 06:50:44.581 [debug] Start watching: /hpc/home/ajj54 with pattern */python using VSCode API
2024-08-29 06:50:44.581 [debug] Start watching: /hpc/home/ajj54 with pattern */bin/python using VSCode API
2024-08-29 06:50:44.581 [info] Default formatter is set to null for workspace /hpc/home/ajj54
2024-08-29 06:50:44.581 [debug] Testing: Setting up watcher for /hpc/home/ajj54
2024-08-29 06:50:44.581 [info] Starting Environment refresh
2024-08-29 06:50:44.581 [debug] Getting pixi
2024-08-29 06:50:44.581 [debug] Probing pixi binary: pixi
2024-08-29 06:50:44.581 [debug] Searching for custom workspace envs
2024-08-29 06:50:44.581 [debug] Probing Hatch binary hatch
2024-08-29 06:50:44.581 [debug] Searching for workspace virtual envs in: /hpc/home/ajj54
2024-08-29 06:50:44.581 [debug] Dump environment variables {
    "SHELL": "/bin/bash",
    "SLURM_JOB_USER": "ajj54",
    "SLURM_TASKS_PER_NODE": "1",
    "SLURM_JOB_UID": "1546375",
    "HISTCONTROL": "ignoreboth",
    "SLURM_EXPORT_ENV": "NONE",
    "SLURM_TASK_PID": "2816504",
    "CONDA_EXE": "/hpc/group/borsuklab/ajj54/miniconda3/bin/conda",
    "_CE_M": "",
    "__MODULES_LMALTNAME": "code-server/4.90.2&as|code-server/default&as|code-server/latest",
    "SLURM_LOCALID": "0",
    "SLURM_SUBMIT_DIR": "/var/www/ood/apps/sys/dashboard",
    "HOSTNAME": "dcc-core-08",
    "HISTSIZE": "1000",
    "SLURMD_NODENAME": "dcc-core-08",
    "SLURM_JOB_START_TIME": "1724928578",
    "HYDRA_LAUNCHER_EXTRA_ARGS": "--external-launcher",
    "SLURM_CLUSTER_NAME": "dcc",
    "SLURM_JOB_END_TIME": "1724932178",
    "SLURM_CPUS_ON_NODE": "2",
    "SLURM_JOB_CPUS_PER_NODE": "2",
    "SACCT_FORMAT": "user%8,JobID%16,state%12,partition%15,start,elapsed%10,nodelist%20,MaxRss%10,ReqMem%6,NCPUS%4,ExitCode,Workdir%110",
    "PRTE_MCA_plm_slurm_args": "--external-launcher",
    "PWD": "/hpc/home/ajj54/ondemand/data/sys/dashboard/batch_connect/sys/bc_codeserver/output/5febb683-3602-4f6c-87c4-892a8d4b2534",
    "SLURM_GTIDS": "0",
    "LOGNAME": "ajj54",
    "CONDA_PREFIX": "/hpc/group/borsuklab/ajj54/miniconda3",
    "SLURM_JOB_PARTITION": "common",
    "MODULESHOME": "/usr/share/Modules",
    "MANPATH": ":/opt/puppetlabs/puppet/share/man",
    "SLURM_TRES_PER_TASK": "cpu=2",
    "SLURM_JOB_NUM_NODES": "1",
    "SLURM_JOBID": "15179672",
    "SLURM_JOB_QOS": "normal",
    "I_MPI_HYDRA_BOOTSTRAP_EXEC_EXTRA_ARGS": "--external-launcher",
    "HOME": "/hpc/home/ajj54",
    "SSH_ASKPASS": "/usr/libexec/openssh/gnome-ssh-askpass",
    "LANG": "en_US.UTF-8",
    "port": "57472",
    "SLURM_PROCID": "0",
    "__MODULES_LMCONFLICT": "code-server/4.90.2&CODE-SERVER",
    "CONDA_PROMPT_MODIFIER": "(base) ",
    "TMPDIR": "/tmp",
    "SLURM_CPUS_PER_TASK": "2",
    "SLURM_NTASKS": "1",
    "SLURM_TOPOLOGY_ADDR": "dcc-core-08",
    "HYDRA_BOOTSTRAP": "slurm",
    "SLURM_TOPOLOGY_ADDR_PATTERN": "node",
    "SLURM_MEM_PER_NODE": "2048",
    "_CE_CONDA": "",
    "LESSOPEN": "||/usr/bin/lesspipe.sh %s",
    "USER": "ajj54",
    "SLURM_NODELIST": "dcc-core-08",
    "ENVIRONMENT": "BATCH",
    "CONDA_SHLVL": "1",
    "MODULES_RUN_QUARANTINE": "LD_LIBRARY_PATH LD_PRELOAD",
    "LOADEDMODULES": "code-server/4.90.2",
    "SLURM_JOB_ACCOUNT": "borsuklab",
    "SLURM_PRIO_PROCESS": "0",
    "SLURM_NPROCS": "1",
    "SHLVL": "2",
    "SLURM_NNODES": "1",
    "SLURM_SUBMIT_HOST": "dcc-ondemand-01",
    "CONDA_PYTHON_EXE": "/hpc/group/borsuklab/ajj54/miniconda3/bin/python",
    "SLURM_JOB_ID": "15179672",
    "password": "pWdjN5QHsquGTPtb",
    "SLURM_NODEID": "0",
    "S_COLORS": "auto",
    "CONDA_DEFAULT_ENV": "base",
    "DEBUGINFOD_URLS": "https://debuginfod.centos.org/ ",
    "which_declare": "declare -f",
    "host": "dcc-core-08",
    "XDG_DATA_DIRS": "/hpc/home/ajj54/.local/share/flatpak/exports/share:/var/lib/flatpak/exports/share:/usr/local/share:/usr/share",
    "SLURM_CONF": "/var/spool/slurmd/conf-cache/slurm.conf",
    "SLURM_JOB_NAME": "sys/dashboard/sys/bc_codeserver",
    "MODULEPATH": "/opt/apps/modulefiles",
    "_LMFILES_": "/opt/apps/modulefiles/code-server/4.90.2",
    "MAIL": "/var/spool/mail/ajj54",
    "OMPI_MCA_plm_slurm_args": "--external-launcher",
    "SLURM_JOB_GID": "1000000",
    "SLURM_GET_USER_ENV": "1",
    "OLDPWD": "/hpc/home/ajj54/ondemand/data/sys/dashboard/batch_connect/sys/bc_codeserver/output/5febb683-3602-4f6c-87c4-892a8d4b2534",
    "SLURM_JOB_NODELIST": "dcc-core-08",
    "MODULES_CMD": "/usr/share/Modules/libexec/modulecmd.tcl",
    "I_MPI_HYDRA_BOOTSTRAP": "slurm",
    "BASH_FUNC_ml%%": "() {  module ml \"$@\"\n}",
    "BASH_FUNC_find_port%%": "() {  local host=\"${1:-localhost}\";\n local min_port=${2:-2000};\n local max_port=${3:-65535};\n local port_range=($(shuf -i ${min_port}-${max_port}));\n local retries=1;\n for ((attempt=0; attempt<=$retries; attempt++))\n do\n for port in \"${port_range[@]}\";\n do\n if port_used \"${host}:${port}\"; then\n continue;\n fi;\n echo \"${port}\";\n return 0;\n done;\n done;\n echo \"error: failed to find available port in range ${min_port}..${max_port}\" 1>&2;\n return 1\n}",
    "BASH_FUNC_which%%": "() {  ( alias;\n eval ${which_declare} ) | /usr/bin/which --tty-only --read-alias --read-functions --show-tilde --show-dot $@\n}",
    "BASH_FUNC_create_passwd%%": "() {  tr -cd 'a-zA-Z0-9' < /dev/urandom 2> /dev/null | head -c${1:-8}\n}",
    "BASH_FUNC_random_number%%": "() {  shuf -i ${1}-${2} -n 1\n}",
    "BASH_FUNC_module%%": "() {  local _mlredir=0;\n if [ -n \"${MODULES_REDIRECT_OUTPUT+x}\" ]; then\n if [ \"$MODULES_REDIRECT_OUTPUT\" = '0' ]; then\n _mlredir=0;\n else\n if [ \"$MODULES_REDIRECT_OUTPUT\" = '1' ]; then\n _mlredir=1;\n fi;\n fi;\n fi;\n case \" $@ \" in \n *' --no-redirect '*)\n _mlredir=0\n ;;\n *' --redirect '*)\n _mlredir=1\n ;;\n esac;\n if [ $_mlredir -eq 0 ]; then\n _module_raw \"$@\";\n else\n _module_raw \"$@\" 2>&1;\n fi\n}",
    "BASH_FUNC_wait_until_port_used%%": "() {  local port=\"${1}\";\n local time=\"${2:-30}\";\n for ((i=1; i<=time*2; i++))\n do\n port_used \"${port}\";\n port_status=$?;\n if [ \"$port_status\" == \"0\" ]; then\n return 0;\n else\n if [ \"$port_status\" == \"127\" ]; then\n echo \"commands to find port were either not found or inaccessible.\";\n echo \"command options are lsof, nc, bash's /dev/tcp, or python (or python3) with socket lib.\";\n return 127;\n fi;\n fi;\n sleep 0.5;\n done;\n return 1\n}",
    "BASH_FUNC__module_raw%%": "() {  eval \"$(/usr/bin/tclsh '/usr/share/Modules/libexec/modulecmd.tcl' bash \"$@\")\";\n _mlstatus=$?;\n return $_mlstatus\n}",
    "BASH_FUNC_port_used%%": "() {  local port=\"${1#*:}\";\n local host=$((expr \"${1}\" : '\\(.*\\):' || echo \"localhost\") | awk 'END{print $NF}');\n local port_strategies=(port_used_nc port_used_lsof port_used_bash port_used_python port_used_python3);\n for strategy in ${port_strategies[@]};\n do\n $strategy $host $port;\n status=$?;\n if [[ \"$status\" == \"0\" ]] || [[ \"$status\" == \"1\" ]]; then\n return $status;\n fi;\n done;\n return 127\n}",
    "BASH_FUNC_source_helpers%%": "() {  function random_number () \n { \n shuf -i ${1}-${2} -n 1\n };\n export -f random_number;\n function port_used_python () \n { \n python -c \"import socket; socket.socket().connect(('$1',$2))\" > /dev/null 2>&1\n };\n function port_used_python3 () \n { \n python3 -c \"import socket; socket.socket().connect(('$1',$2))\" > /dev/null 2>&1\n };\n function port_used_nc () \n { \n nc -w 2 \"$1\" \"$2\" < /dev/null > /dev/null 2>&1\n };\n function port_used_lsof () \n { \n lsof -i :\"$2\" > /dev/null 2>&1\n };\n function port_used_bash () \n { \n local bash_supported=$(strings /bin/bash 2>/dev/null | grep tcp);\n if [ \"$bash_supported\" == \"/dev/tcp/*/*\" ]; then\n ( : < /dev/tcp/$1/$2 ) > /dev/null 2>&1;\n else\n return 127;\n fi\n };\n function port_used () \n { \n local port=\"${1#*:}\";\n local host=$((expr \"${1}\" : '\\(.*\\):' || echo \"localhost\") | awk 'END{print $NF}');\n local port_strategies=(port_used_nc port_used_lsof port_used_bash port_used_python port_used_python3);\n for strategy in ${port_strategies[@]};\n do\n $strategy $host $port;\n status=$?;\n if [[ \"$status\" == \"0\" ]] || [[ \"$status\" == \"1\" ]]; then\n return $status;\n fi;\n done;\n return 127\n };\n export -f port_used;\n function find_port () \n { \n local host=\"${1:-localhost}\";\n local min_port=${2:-2000};\n local max_port=${3:-65535};\n local port_range=($(shuf -i ${min_port}-${max_port}));\n local retries=1;\n for ((attempt=0; attempt<=$retries; attempt++))\n do\n for port in \"${port_range[@]}\";\n do\n if port_used \"${host}:${port}\"; then\n continue;\n fi;\n echo \"${port}\";\n return 0;\n done;\n done;\n echo \"error: failed to find available port in range ${min_port}..${max_port}\" 1>&2;\n return 1\n };\n export -f find_port;\n function wait_until_port_used () \n { \n local port=\"${1}\";\n local time=\"${2:-30}\";\n for ((i=1; i<=time*2; i++))\n do\n port_used \"${port}\";\n port_status=$?;\n if [ \"$port_status\" == \"0\" ]; then\n return 0;\n else\n if [ \"$port_status\" == \"127\" ]; then\n echo \"commands to find port were either not found or inaccessible.\";\n echo \"command options are lsof, nc, bash's /dev/tcp, or python (or python3) with socket lib.\";\n return 127;\n fi;\n fi;\n sleep 0.5;\n done;\n return 1\n };\n export -f wait_until_port_used;\n function create_passwd () \n { \n tr -cd 'a-zA-Z0-9' < /dev/urandom 2> /dev/null | head -c${1:-8}\n };\n export -f create_passwd\n}",
    "CODE_SERVER_SESSION_SOCKET": "/hpc/home/ajj54/.local/share/code-server/code-server-ipc.sock",
    "LOG_LEVEL": "debug",
    "CODE_SERVER_PARENT_PID": "2816603",
    "NODE_EXEC_PATH": "/admin/apps/rhel9/code-server-4.90.2/lib/node",
    "VSCODE_INJECT_NODE_MODULE_LOOKUP_PATH": "/admin/apps/rhel9/code-server-4.90.2/lib/vscode/remote/node_modules",
    "VSCODE_CWD": "/hpc/home/ajj54/ondemand/data/sys/dashboard/batch_connect/sys/bc_codeserver/output/5febb683-3602-4f6c-87c4-892a8d4b2534",
    "FAMILY": "almalinux",
    "LS_COLORS": "",
    "SSI_VERSION": "9.4",
    "PS1": "(base) \\[\\e[32m\\]\\u@\\h  \\[\\e[34;1m\\]\\w $\\[\\e[0m\\] ",
    "_": "/admin/apps/rhel9/code-server-4.90.2/lib/node",
    "VSCODE_AMD_ENTRYPOINT": "vs/workbench/api/node/extensionHostProcess",
    "VSCODE_HANDLES_UNCAUGHT_ERRORS": "true",
    "VSCODE_NLS_CONFIG": "{\"locale\":\"en\",\"osLocale\":\"en\",\"availableLanguages\":{}}",
    "VSCODE_PROXY_URI": "https://dcc-ondemand-01.oit.duke.edu/rnode/dcc-core-08/57472/proxy/{{port}}/",
    "BROWSER": "/admin/apps/rhel9/code-server-4.90.2/lib/vscode/bin/helpers/browser.sh",
    "ELECTRON_RUN_AS_NODE": "1",
    "VSCODE_IPC_HOOK_CLI": "/tmp/vscode-ipc-988bd95e-767f-4458-b816-d61a64abdfd7.sock",
    "PATH": "/admin/apps/rhel9/code-server-4.90.2/lib/vscode/bin/remote-cli:/opt/apps/rhel9/code-server-4.90.2/bin:/hpc/group/borsuklab/ajj54/miniconda3/bin:/hpc/group/borsuklab/ajj54/miniconda3/condabin:/hpc/home/ajj54/.local/bin:/hpc/home/ajj54/bin:/usr/share/Modules/bin:/usr/local/bin:/usr/bin:/usr/local/sbin:/usr/sbin:/opt/puppetlabs/bin:/opt/slurm/bin"
}
2024-08-29 06:50:44.581 [info] > pixi --version
2024-08-29 06:50:44.581 [error] [Error: spawn pixi ENOENT
	at ChildProcess._handle.onexit (node:internal/child_process:286:19)
	at onErrorNT (node:internal/child_process:484:16)
	at process.processTicksAndRejections (node:internal/process/task_queues:82:21)] {
  errno: -2,
  code: 'ENOENT',
  syscall: 'spawn pixi',
  path: 'pixi',
  spawnargs: [ '--version' ]
}
2024-08-29 06:50:44.581 [debug] Failed to find pixi: pixi
2024-08-29 06:50:44.581 [debug] No pixi binary found
2024-08-29 06:50:44.581 [debug] Finished searching for Pixi envs
2024-08-29 06:50:44.581 [debug] Dump environment variables {
    "SHELL": "/bin/bash",
    "SLURM_JOB_USER": "ajj54",
    "SLURM_TASKS_PER_NODE": "1",
    "SLURM_JOB_UID": "1546375",
    "HISTCONTROL": "ignoreboth",
    "SLURM_EXPORT_ENV": "NONE",
    "SLURM_TASK_PID": "2816504",
    "CONDA_EXE": "/hpc/group/borsuklab/ajj54/miniconda3/bin/conda",
    "_CE_M": "",
    "__MODULES_LMALTNAME": "code-server/4.90.2&as|code-server/default&as|code-server/latest",
    "SLURM_LOCALID": "0",
    "SLURM_SUBMIT_DIR": "/var/www/ood/apps/sys/dashboard",
    "HOSTNAME": "dcc-core-08",
    "HISTSIZE": "1000",
    "SLURMD_NODENAME": "dcc-core-08",
    "SLURM_JOB_START_TIME": "1724928578",
    "HYDRA_LAUNCHER_EXTRA_ARGS": "--external-launcher",
    "SLURM_CLUSTER_NAME": "dcc",
    "SLURM_JOB_END_TIME": "1724932178",
    "SLURM_CPUS_ON_NODE": "2",
    "SLURM_JOB_CPUS_PER_NODE": "2",
    "SACCT_FORMAT": "user%8,JobID%16,state%12,partition%15,start,elapsed%10,nodelist%20,MaxRss%10,ReqMem%6,NCPUS%4,ExitCode,Workdir%110",
    "PRTE_MCA_plm_slurm_args": "--external-launcher",
    "PWD": "/hpc/home/ajj54/ondemand/data/sys/dashboard/batch_connect/sys/bc_codeserver/output/5febb683-3602-4f6c-87c4-892a8d4b2534",
    "SLURM_GTIDS": "0",
    "LOGNAME": "ajj54",
    "CONDA_PREFIX": "/hpc/group/borsuklab/ajj54/miniconda3",
    "SLURM_JOB_PARTITION": "common",
    "MODULESHOME": "/usr/share/Modules",
    "MANPATH": ":/opt/puppetlabs/puppet/share/man",
    "SLURM_TRES_PER_TASK": "cpu=2",
    "SLURM_JOB_NUM_NODES": "1",
    "SLURM_JOBID": "15179672",
    "SLURM_JOB_QOS": "normal",
    "I_MPI_HYDRA_BOOTSTRAP_EXEC_EXTRA_ARGS": "--external-launcher",
    "HOME": "/hpc/home/ajj54",
    "SSH_ASKPASS": "/usr/libexec/openssh/gnome-ssh-askpass",
    "LANG": "en_US.UTF-8",
    "port": "57472",
    "SLURM_PROCID": "0",
    "__MODULES_LMCONFLICT": "code-server/4.90.2&CODE-SERVER",
    "CONDA_PROMPT_MODIFIER": "(base) ",
    "TMPDIR": "/tmp",
    "SLURM_CPUS_PER_TASK": "2",
    "SLURM_NTASKS": "1",
    "SLURM_TOPOLOGY_ADDR": "dcc-core-08",
    "HYDRA_BOOTSTRAP": "slurm",
    "SLURM_TOPOLOGY_ADDR_PATTERN": "node",
    "SLURM_MEM_PER_NODE": "2048",
    "_CE_CONDA": "",
    "LESSOPEN": "||/usr/bin/lesspipe.sh %s",
    "USER": "ajj54",
    "SLURM_NODELIST": "dcc-core-08",
    "ENVIRONMENT": "BATCH",
    "CONDA_SHLVL": "1",
    "MODULES_RUN_QUARANTINE": "LD_LIBRARY_PATH LD_PRELOAD",
    "LOADEDMODULES": "code-server/4.90.2",
    "SLURM_JOB_ACCOUNT": "borsuklab",
    "SLURM_PRIO_PROCESS": "0",
    "SLURM_NPROCS": "1",
    "SHLVL": "2",
    "SLURM_NNODES": "1",
    "SLURM_SUBMIT_HOST": "dcc-ondemand-01",
    "CONDA_PYTHON_EXE": "/hpc/group/borsuklab/ajj54/miniconda3/bin/python",
    "SLURM_JOB_ID": "15179672",
    "password": "pWdjN5QHsquGTPtb",
    "SLURM_NODEID": "0",
    "S_COLORS": "auto",
    "CONDA_DEFAULT_ENV": "base",
    "DEBUGINFOD_URLS": "https://debuginfod.centos.org/ ",
    "which_declare": "declare -f",
    "host": "dcc-core-08",
    "XDG_DATA_DIRS": "/hpc/home/ajj54/.local/share/flatpak/exports/share:/var/lib/flatpak/exports/share:/usr/local/share:/usr/share",
    "SLURM_CONF": "/var/spool/slurmd/conf-cache/slurm.conf",
    "SLURM_JOB_NAME": "sys/dashboard/sys/bc_codeserver",
    "MODULEPATH": "/opt/apps/modulefiles",
    "_LMFILES_": "/opt/apps/modulefiles/code-server/4.90.2",
    "MAIL": "/var/spool/mail/ajj54",
    "OMPI_MCA_plm_slurm_args": "--external-launcher",
    "SLURM_JOB_GID": "1000000",
    "SLURM_GET_USER_ENV": "1",
    "OLDPWD": "/hpc/home/ajj54/ondemand/data/sys/dashboard/batch_connect/sys/bc_codeserver/output/5febb683-3602-4f6c-87c4-892a8d4b2534",
    "SLURM_JOB_NODELIST": "dcc-core-08",
    "MODULES_CMD": "/usr/share/Modules/libexec/modulecmd.tcl",
    "I_MPI_HYDRA_BOOTSTRAP": "slurm",
    "BASH_FUNC_ml%%": "() {  module ml \"$@\"\n}",
    "BASH_FUNC_find_port%%": "() {  local host=\"${1:-localhost}\";\n local min_port=${2:-2000};\n local max_port=${3:-65535};\n local port_range=($(shuf -i ${min_port}-${max_port}));\n local retries=1;\n for ((attempt=0; attempt<=$retries; attempt++))\n do\n for port in \"${port_range[@]}\";\n do\n if port_used \"${host}:${port}\"; then\n continue;\n fi;\n echo \"${port}\";\n return 0;\n done;\n done;\n echo \"error: failed to find available port in range ${min_port}..${max_port}\" 1>&2;\n return 1\n}",
    "BASH_FUNC_which%%": "() {  ( alias;\n eval ${which_declare} ) | /usr/bin/which --tty-only --read-alias --read-functions --show-tilde --show-dot $@\n}",
    "BASH_FUNC_create_passwd%%": "() {  tr -cd 'a-zA-Z0-9' < /dev/urandom 2> /dev/null | head -c${1:-8}\n}",
    "BASH_FUNC_random_number%%": "() {  shuf -i ${1}-${2} -n 1\n}",
    "BASH_FUNC_module%%": "() {  local _mlredir=0;\n if [ -n \"${MODULES_REDIRECT_OUTPUT+x}\" ]; then\n if [ \"$MODULES_REDIRECT_OUTPUT\" = '0' ]; then\n _mlredir=0;\n else\n if [ \"$MODULES_REDIRECT_OUTPUT\" = '1' ]; then\n _mlredir=1;\n fi;\n fi;\n fi;\n case \" $@ \" in \n *' --no-redirect '*)\n _mlredir=0\n ;;\n *' --redirect '*)\n _mlredir=1\n ;;\n esac;\n if [ $_mlredir -eq 0 ]; then\n _module_raw \"$@\";\n else\n _module_raw \"$@\" 2>&1;\n fi\n}",
    "BASH_FUNC_wait_until_port_used%%": "() {  local port=\"${1}\";\n local time=\"${2:-30}\";\n for ((i=1; i<=time*2; i++))\n do\n port_used \"${port}\";\n port_status=$?;\n if [ \"$port_status\" == \"0\" ]; then\n return 0;\n else\n if [ \"$port_status\" == \"127\" ]; then\n echo \"commands to find port were either not found or inaccessible.\";\n echo \"command options are lsof, nc, bash's /dev/tcp, or python (or python3) with socket lib.\";\n return 127;\n fi;\n fi;\n sleep 0.5;\n done;\n return 1\n}",
    "BASH_FUNC__module_raw%%": "() {  eval \"$(/usr/bin/tclsh '/usr/share/Modules/libexec/modulecmd.tcl' bash \"$@\")\";\n _mlstatus=$?;\n return $_mlstatus\n}",
    "BASH_FUNC_port_used%%": "() {  local port=\"${1#*:}\";\n local host=$((expr \"${1}\" : '\\(.*\\):' || echo \"localhost\") | awk 'END{print $NF}');\n local port_strategies=(port_used_nc port_used_lsof port_used_bash port_used_python port_used_python3);\n for strategy in ${port_strategies[@]};\n do\n $strategy $host $port;\n status=$?;\n if [[ \"$status\" == \"0\" ]] || [[ \"$status\" == \"1\" ]]; then\n return $status;\n fi;\n done;\n return 127\n}",
    "BASH_FUNC_source_helpers%%": "() {  function random_number () \n { \n shuf -i ${1}-${2} -n 1\n };\n export -f random_number;\n function port_used_python () \n { \n python -c \"import socket; socket.socket().connect(('$1',$2))\" > /dev/null 2>&1\n };\n function port_used_python3 () \n { \n python3 -c \"import socket; socket.socket().connect(('$1',$2))\" > /dev/null 2>&1\n };\n function port_used_nc () \n { \n nc -w 2 \"$1\" \"$2\" < /dev/null > /dev/null 2>&1\n };\n function port_used_lsof () \n { \n lsof -i :\"$2\" > /dev/null 2>&1\n };\n function port_used_bash () \n { \n local bash_supported=$(strings /bin/bash 2>/dev/null | grep tcp);\n if [ \"$bash_supported\" == \"/dev/tcp/*/*\" ]; then\n ( : < /dev/tcp/$1/$2 ) > /dev/null 2>&1;\n else\n return 127;\n fi\n };\n function port_used () \n { \n local port=\"${1#*:}\";\n local host=$((expr \"${1}\" : '\\(.*\\):' || echo \"localhost\") | awk 'END{print $NF}');\n local port_strategies=(port_used_nc port_used_lsof port_used_bash port_used_python port_used_python3);\n for strategy in ${port_strategies[@]};\n do\n $strategy $host $port;\n status=$?;\n if [[ \"$status\" == \"0\" ]] || [[ \"$status\" == \"1\" ]]; then\n return $status;\n fi;\n done;\n return 127\n };\n export -f port_used;\n function find_port () \n { \n local host=\"${1:-localhost}\";\n local min_port=${2:-2000};\n local max_port=${3:-65535};\n local port_range=($(shuf -i ${min_port}-${max_port}));\n local retries=1;\n for ((attempt=0; attempt<=$retries; attempt++))\n do\n for port in \"${port_range[@]}\";\n do\n if port_used \"${host}:${port}\"; then\n continue;\n fi;\n echo \"${port}\";\n return 0;\n done;\n done;\n echo \"error: failed to find available port in range ${min_port}..${max_port}\" 1>&2;\n return 1\n };\n export -f find_port;\n function wait_until_port_used () \n { \n local port=\"${1}\";\n local time=\"${2:-30}\";\n for ((i=1; i<=time*2; i++))\n do\n port_used \"${port}\";\n port_status=$?;\n if [ \"$port_status\" == \"0\" ]; then\n return 0;\n else\n if [ \"$port_status\" == \"127\" ]; then\n echo \"commands to find port were either not found or inaccessible.\";\n echo \"command options are lsof, nc, bash's /dev/tcp, or python (or python3) with socket lib.\";\n return 127;\n fi;\n fi;\n sleep 0.5;\n done;\n return 1\n };\n export -f wait_until_port_used;\n function create_passwd () \n { \n tr -cd 'a-zA-Z0-9' < /dev/urandom 2> /dev/null | head -c${1:-8}\n };\n export -f create_passwd\n}",
    "CODE_SERVER_SESSION_SOCKET": "/hpc/home/ajj54/.local/share/code-server/code-server-ipc.sock",
    "LOG_LEVEL": "debug",
    "CODE_SERVER_PARENT_PID": "2816603",
    "NODE_EXEC_PATH": "/admin/apps/rhel9/code-server-4.90.2/lib/node",
    "VSCODE_INJECT_NODE_MODULE_LOOKUP_PATH": "/admin/apps/rhel9/code-server-4.90.2/lib/vscode/remote/node_modules",
    "VSCODE_CWD": "/hpc/home/ajj54/ondemand/data/sys/dashboard/batch_connect/sys/bc_codeserver/output/5febb683-3602-4f6c-87c4-892a8d4b2534",
    "FAMILY": "almalinux",
    "LS_COLORS": "",
    "SSI_VERSION": "9.4",
    "PS1": "(base) \\[\\e[32m\\]\\u@\\h  \\[\\e[34;1m\\]\\w $\\[\\e[0m\\] ",
    "_": "/admin/apps/rhel9/code-server-4.90.2/lib/node",
    "VSCODE_AMD_ENTRYPOINT": "vs/workbench/api/node/extensionHostProcess",
    "VSCODE_HANDLES_UNCAUGHT_ERRORS": "true",
    "VSCODE_NLS_CONFIG": "{\"locale\":\"en\",\"osLocale\":\"en\",\"availableLanguages\":{}}",
    "VSCODE_PROXY_URI": "https://dcc-ondemand-01.oit.duke.edu/rnode/dcc-core-08/57472/proxy/{{port}}/",
    "BROWSER": "/admin/apps/rhel9/code-server-4.90.2/lib/vscode/bin/helpers/browser.sh",
    "ELECTRON_RUN_AS_NODE": "1",
    "VSCODE_IPC_HOOK_CLI": "/tmp/vscode-ipc-988bd95e-767f-4458-b816-d61a64abdfd7.sock",
    "PATH": "/admin/apps/rhel9/code-server-4.90.2/lib/vscode/bin/remote-cli:/opt/apps/rhel9/code-server-4.90.2/bin:/hpc/group/borsuklab/ajj54/miniconda3/bin:/hpc/group/borsuklab/ajj54/miniconda3/condabin:/hpc/home/ajj54/.local/bin:/hpc/home/ajj54/bin:/usr/share/Modules/bin:/usr/local/bin:/usr/bin:/usr/local/sbin:/usr/sbin:/opt/puppetlabs/bin:/opt/slurm/bin"
}
2024-08-29 06:50:44.581 [info] > hatch env show --json
2024-08-29 06:50:44.581 [info] cwd: .
2024-08-29 06:50:44.581 [debug] [Error: spawn hatch ENOENT
	at ChildProcess._handle.onexit (node:internal/child_process:286:19)
	at onErrorNT (node:internal/child_process:484:16)
	at process.processTicksAndRejections (node:internal/process/task_queues:82:21)] {
  errno: -2,
  code: 'ENOENT',
  syscall: 'spawn hatch',
  path: 'hatch',
  spawnargs: [ 'env', 'show', '--json' ]
}
2024-08-29 06:50:44.581 [debug] Failed to find Hatch binary hatch
2024-08-29 06:50:44.581 [debug] No Hatch binary found
2024-08-29 06:50:44.581 [debug] Finished searching for Hatch envs
2024-08-29 06:50:44.581 [debug] Finished searching for poetry envs
2024-08-29 06:50:44.957 [debug] Finished searching for workspace virtual envs
2024-08-29 06:50:44.958 [info] Environments refresh finished (event): 681 milliseconds
2024-08-29 06:50:44.958 [debug] Finished with environment resolver
2024-08-29 06:50:44.958 [debug] Finished with environment reducer
2024-08-29 06:50:44.958 [info] Environments refresh paths discovered: 681 milliseconds
2024-08-29 06:50:44.960 [debug] Environments added to cache [{"name":"","location":"","kind":"global-other","executable":{"filename":"/bin/python","sysPrefix":"/usr","ctime":1719518707571,"mtime":1712121854000},"display":"Python 3.9.18 64-bit","version":{"major":3,"minor":9,"micro":18,"release":{"level":"final","serial":0},"sysVersion":"3.9.18 (main, Jan 24 2024, 00:00:00) \n[GCC 11.4.1 20231218 (Red Hat 11.4.1-3)]"},"arch":3,"distro":{"org":""},"source":[],"id":"/bin/python","detailedDisplayName":"Python 3.9.18 64-bit"},{"name":"","location":"","kind":"global-other","executable":{"filename":"/usr/bin/python","sysPrefix":"/usr","ctime":1719518707571,"mtime":1712121854000},"display":"Python 3.9.18 64-bit","version":{"major":3,"minor":9,"micro":18,"release":{"level":"final","serial":0},"sysVersion":"3.9.18 (main, Jan 24 2024, 00:00:00) \n[GCC 11.4.1 20231218 (Red Hat 11.4.1-3)]"},"arch":3,"distro":{"org":""},"source":["path env var"],"id":"/usr/bin/python","detailedDisplayName":"Python 3.9.18 64-bit"},{"name":"base","location":"/hpc/group/borsuklab/ajj54/miniconda3","kind":"virt-conda","executable":{"filename":"/hpc/group/borsuklab/ajj54/miniconda3/bin/python","sysPrefix":"/hpc/group/borsuklab/ajj54/miniconda3","ctime":1724779080825,"mtime":1724779080825},"display":"Python 3.12.4 ('base')","version":{"major":3,"minor":12,"micro":4,"release":{"level":"final","serial":0},"sysVersion":"3.12.4 | packaged by Anaconda, Inc. | (main, Jun 18 2024, 15:12:24) [GCC 11.2.0]"},"arch":3,"distro":{"org":"Anaconda, Inc."},"source":[],"type":"Conda","id":"/hpc/group/borsuklab/ajj54/miniconda3/bin/python","detailedDisplayName":"Python 3.12.4 ('base': conda)"}]
2024-08-29 06:50:44.960 [info] Environment refresh took 683 milliseconds
2024-08-29 06:50:44.972 [info] > pyenv which python
2024-08-29 06:50:44.972 [info] cwd: .
2024-08-29 06:50:45.026 [debug] [Error: Command failed: pyenv which python
/bin/sh: line 1: pyenv: command not found

	at ChildProcess.exithandler (node:child_process:422:12)
	at ChildProcess.emit (node:events:530:35)
	at maybeClose (node:internal/child_process:1105:16)
	at Socket.<anonymous> (node:internal/child_process:457:11)
	at Socket.emit (node:events:518:28)
	at Pipe.<anonymous> (node:net:337:12)] {
  code: 127,
  killed: false,
  signal: null,
  cmd: 'pyenv which python'
}
2024-08-29 06:50:45.046 [debug] Dump environment variables {
    "SHELL": "/bin/bash",
    "SLURM_JOB_USER": "ajj54",
    "SLURM_TASKS_PER_NODE": "1",
    "SLURM_JOB_UID": "1546375",
    "HISTCONTROL": "ignoreboth",
    "SLURM_EXPORT_ENV": "NONE",
    "SLURM_TASK_PID": "2816504",
    "CONDA_EXE": "/hpc/group/borsuklab/ajj54/miniconda3/bin/conda",
    "_CE_M": "",
    "__MODULES_LMALTNAME": "code-server/4.90.2&as|code-server/default&as|code-server/latest",
    "SLURM_LOCALID": "0",
    "SLURM_SUBMIT_DIR": "/var/www/ood/apps/sys/dashboard",
    "HOSTNAME": "dcc-core-08",
    "HISTSIZE": "1000",
    "SLURMD_NODENAME": "dcc-core-08",
    "SLURM_JOB_START_TIME": "1724928578",
    "HYDRA_LAUNCHER_EXTRA_ARGS": "--external-launcher",
    "SLURM_CLUSTER_NAME": "dcc",
    "SLURM_JOB_END_TIME": "1724932178",
    "SLURM_CPUS_ON_NODE": "2",
    "SLURM_JOB_CPUS_PER_NODE": "2",
    "SACCT_FORMAT": "user%8,JobID%16,state%12,partition%15,start,elapsed%10,nodelist%20,MaxRss%10,ReqMem%6,NCPUS%4,ExitCode,Workdir%110",
    "PRTE_MCA_plm_slurm_args": "--external-launcher",
    "PWD": "/hpc/home/ajj54/ondemand/data/sys/dashboard/batch_connect/sys/bc_codeserver/output/5febb683-3602-4f6c-87c4-892a8d4b2534",
    "SLURM_GTIDS": "0",
    "LOGNAME": "ajj54",
    "CONDA_PREFIX": "/hpc/group/borsuklab/ajj54/miniconda3",
    "SLURM_JOB_PARTITION": "common",
    "MODULESHOME": "/usr/share/Modules",
    "MANPATH": ":/opt/puppetlabs/puppet/share/man",
    "SLURM_TRES_PER_TASK": "cpu=2",
    "SLURM_JOB_NUM_NODES": "1",
    "SLURM_JOBID": "15179672",
    "SLURM_JOB_QOS": "normal",
    "I_MPI_HYDRA_BOOTSTRAP_EXEC_EXTRA_ARGS": "--external-launcher",
    "HOME": "/hpc/home/ajj54",
    "SSH_ASKPASS": "/usr/libexec/openssh/gnome-ssh-askpass",
    "LANG": "en_US.UTF-8",
    "port": "57472",
    "SLURM_PROCID": "0",
    "__MODULES_LMCONFLICT": "code-server/4.90.2&CODE-SERVER",
    "CONDA_PROMPT_MODIFIER": "(base) ",
    "TMPDIR": "/tmp",
    "SLURM_CPUS_PER_TASK": "2",
    "SLURM_NTASKS": "1",
    "SLURM_TOPOLOGY_ADDR": "dcc-core-08",
    "HYDRA_BOOTSTRAP": "slurm",
    "SLURM_TOPOLOGY_ADDR_PATTERN": "node",
    "SLURM_MEM_PER_NODE": "2048",
    "_CE_CONDA": "",
    "LESSOPEN": "||/usr/bin/lesspipe.sh %s",
    "USER": "ajj54",
    "SLURM_NODELIST": "dcc-core-08",
    "ENVIRONMENT": "BATCH",
    "CONDA_SHLVL": "1",
    "MODULES_RUN_QUARANTINE": "LD_LIBRARY_PATH LD_PRELOAD",
    "LOADEDMODULES": "code-server/4.90.2",
    "SLURM_JOB_ACCOUNT": "borsuklab",
    "SLURM_PRIO_PROCESS": "0",
    "SLURM_NPROCS": "1",
    "SHLVL": "2",
    "SLURM_NNODES": "1",
    "SLURM_SUBMIT_HOST": "dcc-ondemand-01",
    "CONDA_PYTHON_EXE": "/hpc/group/borsuklab/ajj54/miniconda3/bin/python",
    "SLURM_JOB_ID": "15179672",
    "password": "pWdjN5QHsquGTPtb",
    "SLURM_NODEID": "0",
    "S_COLORS": "auto",
    "CONDA_DEFAULT_ENV": "base",
    "DEBUGINFOD_URLS": "https://debuginfod.centos.org/ ",
    "which_declare": "declare -f",
    "host": "dcc-core-08",
    "XDG_DATA_DIRS": "/hpc/home/ajj54/.local/share/flatpak/exports/share:/var/lib/flatpak/exports/share:/usr/local/share:/usr/share",
    "SLURM_CONF": "/var/spool/slurmd/conf-cache/slurm.conf",
    "SLURM_JOB_NAME": "sys/dashboard/sys/bc_codeserver",
    "MODULEPATH": "/opt/apps/modulefiles",
    "_LMFILES_": "/opt/apps/modulefiles/code-server/4.90.2",
    "MAIL": "/var/spool/mail/ajj54",
    "OMPI_MCA_plm_slurm_args": "--external-launcher",
    "SLURM_JOB_GID": "1000000",
    "SLURM_GET_USER_ENV": "1",
    "OLDPWD": "/hpc/home/ajj54/ondemand/data/sys/dashboard/batch_connect/sys/bc_codeserver/output/5febb683-3602-4f6c-87c4-892a8d4b2534",
    "SLURM_JOB_NODELIST": "dcc-core-08",
    "MODULES_CMD": "/usr/share/Modules/libexec/modulecmd.tcl",
    "I_MPI_HYDRA_BOOTSTRAP": "slurm",
    "BASH_FUNC_ml%%": "() {  module ml \"$@\"\n}",
    "BASH_FUNC_find_port%%": "() {  local host=\"${1:-localhost}\";\n local min_port=${2:-2000};\n local max_port=${3:-65535};\n local port_range=($(shuf -i ${min_port}-${max_port}));\n local retries=1;\n for ((attempt=0; attempt<=$retries; attempt++))\n do\n for port in \"${port_range[@]}\";\n do\n if port_used \"${host}:${port}\"; then\n continue;\n fi;\n echo \"${port}\";\n return 0;\n done;\n done;\n echo \"error: failed to find available port in range ${min_port}..${max_port}\" 1>&2;\n return 1\n}",
    "BASH_FUNC_which%%": "() {  ( alias;\n eval ${which_declare} ) | /usr/bin/which --tty-only --read-alias --read-functions --show-tilde --show-dot $@\n}",
    "BASH_FUNC_create_passwd%%": "() {  tr -cd 'a-zA-Z0-9' < /dev/urandom 2> /dev/null | head -c${1:-8}\n}",
    "BASH_FUNC_random_number%%": "() {  shuf -i ${1}-${2} -n 1\n}",
    "BASH_FUNC_module%%": "() {  local _mlredir=0;\n if [ -n \"${MODULES_REDIRECT_OUTPUT+x}\" ]; then\n if [ \"$MODULES_REDIRECT_OUTPUT\" = '0' ]; then\n _mlredir=0;\n else\n if [ \"$MODULES_REDIRECT_OUTPUT\" = '1' ]; then\n _mlredir=1;\n fi;\n fi;\n fi;\n case \" $@ \" in \n *' --no-redirect '*)\n _mlredir=0\n ;;\n *' --redirect '*)\n _mlredir=1\n ;;\n esac;\n if [ $_mlredir -eq 0 ]; then\n _module_raw \"$@\";\n else\n _module_raw \"$@\" 2>&1;\n fi\n}",
    "BASH_FUNC_wait_until_port_used%%": "() {  local port=\"${1}\";\n local time=\"${2:-30}\";\n for ((i=1; i<=time*2; i++))\n do\n port_used \"${port}\";\n port_status=$?;\n if [ \"$port_status\" == \"0\" ]; then\n return 0;\n else\n if [ \"$port_status\" == \"127\" ]; then\n echo \"commands to find port were either not found or inaccessible.\";\n echo \"command options are lsof, nc, bash's /dev/tcp, or python (or python3) with socket lib.\";\n return 127;\n fi;\n fi;\n sleep 0.5;\n done;\n return 1\n}",
    "BASH_FUNC__module_raw%%": "() {  eval \"$(/usr/bin/tclsh '/usr/share/Modules/libexec/modulecmd.tcl' bash \"$@\")\";\n _mlstatus=$?;\n return $_mlstatus\n}",
    "BASH_FUNC_port_used%%": "() {  local port=\"${1#*:}\";\n local host=$((expr \"${1}\" : '\\(.*\\):' || echo \"localhost\") | awk 'END{print $NF}');\n local port_strategies=(port_used_nc port_used_lsof port_used_bash port_used_python port_used_python3);\n for strategy in ${port_strategies[@]};\n do\n $strategy $host $port;\n status=$?;\n if [[ \"$status\" == \"0\" ]] || [[ \"$status\" == \"1\" ]]; then\n return $status;\n fi;\n done;\n return 127\n}",
    "BASH_FUNC_source_helpers%%": "() {  function random_number () \n { \n shuf -i ${1}-${2} -n 1\n };\n export -f random_number;\n function port_used_python () \n { \n python -c \"import socket; socket.socket().connect(('$1',$2))\" > /dev/null 2>&1\n };\n function port_used_python3 () \n { \n python3 -c \"import socket; socket.socket().connect(('$1',$2))\" > /dev/null 2>&1\n };\n function port_used_nc () \n { \n nc -w 2 \"$1\" \"$2\" < /dev/null > /dev/null 2>&1\n };\n function port_used_lsof () \n { \n lsof -i :\"$2\" > /dev/null 2>&1\n };\n function port_used_bash () \n { \n local bash_supported=$(strings /bin/bash 2>/dev/null | grep tcp);\n if [ \"$bash_supported\" == \"/dev/tcp/*/*\" ]; then\n ( : < /dev/tcp/$1/$2 ) > /dev/null 2>&1;\n else\n return 127;\n fi\n };\n function port_used () \n { \n local port=\"${1#*:}\";\n local host=$((expr \"${1}\" : '\\(.*\\):' || echo \"localhost\") | awk 'END{print $NF}');\n local port_strategies=(port_used_nc port_used_lsof port_used_bash port_used_python port_used_python3);\n for strategy in ${port_strategies[@]};\n do\n $strategy $host $port;\n status=$?;\n if [[ \"$status\" == \"0\" ]] || [[ \"$status\" == \"1\" ]]; then\n return $status;\n fi;\n done;\n return 127\n };\n export -f port_used;\n function find_port () \n { \n local host=\"${1:-localhost}\";\n local min_port=${2:-2000};\n local max_port=${3:-65535};\n local port_range=($(shuf -i ${min_port}-${max_port}));\n local retries=1;\n for ((attempt=0; attempt<=$retries; attempt++))\n do\n for port in \"${port_range[@]}\";\n do\n if port_used \"${host}:${port}\"; then\n continue;\n fi;\n echo \"${port}\";\n return 0;\n done;\n done;\n echo \"error: failed to find available port in range ${min_port}..${max_port}\" 1>&2;\n return 1\n };\n export -f find_port;\n function wait_until_port_used () \n { \n local port=\"${1}\";\n local time=\"${2:-30}\";\n for ((i=1; i<=time*2; i++))\n do\n port_used \"${port}\";\n port_status=$?;\n if [ \"$port_status\" == \"0\" ]; then\n return 0;\n else\n if [ \"$port_status\" == \"127\" ]; then\n echo \"commands to find port were either not found or inaccessible.\";\n echo \"command options are lsof, nc, bash's /dev/tcp, or python (or python3) with socket lib.\";\n return 127;\n fi;\n fi;\n sleep 0.5;\n done;\n return 1\n };\n export -f wait_until_port_used;\n function create_passwd () \n { \n tr -cd 'a-zA-Z0-9' < /dev/urandom 2> /dev/null | head -c${1:-8}\n };\n export -f create_passwd\n}",
    "CODE_SERVER_SESSION_SOCKET": "/hpc/home/ajj54/.local/share/code-server/code-server-ipc.sock",
    "LOG_LEVEL": "debug",
    "CODE_SERVER_PARENT_PID": "2816603",
    "NODE_EXEC_PATH": "/admin/apps/rhel9/code-server-4.90.2/lib/node",
    "VSCODE_INJECT_NODE_MODULE_LOOKUP_PATH": "/admin/apps/rhel9/code-server-4.90.2/lib/vscode/remote/node_modules",
    "VSCODE_CWD": "/hpc/home/ajj54/ondemand/data/sys/dashboard/batch_connect/sys/bc_codeserver/output/5febb683-3602-4f6c-87c4-892a8d4b2534",
    "FAMILY": "almalinux",
    "LS_COLORS": "",
    "SSI_VERSION": "9.4",
    "PS1": "(base) \\[\\e[32m\\]\\u@\\h  \\[\\e[34;1m\\]\\w $\\[\\e[0m\\] ",
    "_": "/admin/apps/rhel9/code-server-4.90.2/lib/node",
    "VSCODE_AMD_ENTRYPOINT": "vs/workbench/api/node/extensionHostProcess",
    "VSCODE_HANDLES_UNCAUGHT_ERRORS": "true",
    "VSCODE_NLS_CONFIG": "{\"locale\":\"en\",\"osLocale\":\"en\",\"availableLanguages\":{}}",
    "VSCODE_PROXY_URI": "https://dcc-ondemand-01.oit.duke.edu/rnode/dcc-core-08/57472/proxy/{{port}}/",
    "BROWSER": "/admin/apps/rhel9/code-server-4.90.2/lib/vscode/bin/helpers/browser.sh",
    "ELECTRON_RUN_AS_NODE": "1",
    "VSCODE_IPC_HOOK_CLI": "/tmp/vscode-ipc-988bd95e-767f-4458-b816-d61a64abdfd7.sock",
    "PATH": "/admin/apps/rhel9/code-server-4.90.2/lib/vscode/bin/remote-cli:/opt/apps/rhel9/code-server-4.90.2/bin:/hpc/group/borsuklab/ajj54/miniconda3/bin:/hpc/group/borsuklab/ajj54/miniconda3/condabin:/hpc/home/ajj54/.local/bin:/hpc/home/ajj54/bin:/usr/share/Modules/bin:/usr/local/bin:/usr/bin:/usr/local/sbin:/usr/sbin:/opt/puppetlabs/bin:/opt/slurm/bin"
}
2024-08-29 06:50:45.047 [warning] could not find a pixi interpreter for the interpreter at /bin/python
2024-08-29 06:50:45.061 [debug] No cached env found for /bin/python
2024-08-29 06:50:45.084 [info] > /bin/python -I ./.local/share/code-server/extensions/ms-python.python-2024.12.3-universal/python_files/get_output_via_markers.py ./.local/share/code-server/extensions/ms-python.python-2024.12.3-universal/python_files/interpreterInfo.py
2024-08-29 06:50:45.104 [debug] Needed to validate /bin/python with latest info
2024-08-29 06:50:45.208 [debug] Found cached env for /bin/python
2024-08-29 06:50:45.321 [debug] Found interpreter for >> /bin/python -I /hpc/home/ajj54/.local/share/code-server/extensions/ms-python.python-2024.12.3-universal/python_files/get_output_via_markers.py /hpc/home/ajj54/.local/share/code-server/extensions/ms-python.python-2024.12.3-universal/python_files/interpreterInfo.py <<: {"versionInfo":[3,9,18,"final",0],"sysPrefix":"/usr","sysVersion":"3.9.18 (main, Jan 24 2024, 00:00:00) \n[GCC 11.4.1 20231218 (Red Hat 11.4.1-3)]","is64Bit":true}
2024-08-29 06:50:45.322 [debug] Environment resolver resolved /bin/python for {"name":"","location":"/","kind":"global-other","executable":{"filename":"/bin/python","sysPrefix":"/","ctime":1719518705283,"mtime":1712121854000},"display":"Python 2.7.x","version":{"major":2,"minor":7,"micro":-1},"arch":1,"distro":{"org":""},"source":[],"id":"/bin/python","detailedDisplayName":"Python 2.7.x"} to {"arch":3,"executable":{"filename":"/bin/python","sysPrefix":"/usr","mtime":-1,"ctime":-1},"version":{"major":3,"minor":9,"micro":18,"release":{"level":"final","serial":0},"sysVersion":"3.9.18 (main, Jan 24 2024, 00:00:00) \n[GCC 11.4.1 20231218 (Red Hat 11.4.1-3)]"}}
2024-08-29 06:50:45.322 [debug] Resolved /bin/python using downstream locator
2024-08-29 06:50:45.322 [debug] Flushing env to cache /bin/python
2024-08-29 06:50:45.323 [info] Python interpreter path: /bin/python
2024-08-29 06:50:45.324 [debug] Found cached env for /bin/python
2024-08-29 06:50:46.104 [debug] Did we determine shell integration to be working for bash ? false
2024-08-29 06:50:46.107 [warning] Shell integration may not be active, environment activated may be overridden by the shell.
2024-08-29 06:50:46.107 [debug] Found cached env for /bin/python
2024-08-29 06:50:46.110 [warning] could not find a pixi interpreter for the interpreter at /bin/python
2024-08-29 06:50:46.191 [debug] Activation Commands received undefined for shell /bin/bash, resource /hpc/home/ajj54 and interpreter /bin/python
2024-08-29 06:50:46.192 [debug] Activated environment variables for /hpc/home/ajj54 undefined
2024-08-29 06:50:47.144 [debug] Received shell integration sequence for bash
2024-08-29 06:50:47.144 [info] Shell integration status changed, can confirm it's working.
2024-08-29 06:50:47.144 [debug] Found cached env for /bin/python
2024-08-29 06:50:47.145 [warning] could not find a pixi interpreter for the interpreter at /bin/python
2024-08-29 06:50:47.232 [debug] Activation Commands received undefined for shell /bin/bash, resource undefined and interpreter /bin/python
2024-08-29 06:50:47.282 [debug] Activated environment variables for undefined undefined
2024-08-29 06:50:54.853 [info] Starting Jedi language server for ajj54.
2024-08-29 06:50:54.855 [debug] Found cached env for /bin/python
2024-08-29 06:50:54.856 [debug] Terminal shell path '/bin/bash' identified as shell 'bash'
2024-08-29 06:50:54.856 [debug] Shell identified as bash 
2024-08-29 06:50:54.857 [debug] Found cached env for /bin/python
2024-08-29 06:51:02.619 [debug] Found cached env for /bin/python
2024-08-29 06:51:02.620 [debug] Found cached env for /bin/python
2024-08-29 06:51:29.609 [debug] Found cached env for /bin/python
2024-08-29 07:29:31.692 [debug] Testing: Trigger refresh after saving /hpc/home/ajj54/Wind_Probability_Curves.py
2024-08-29 07:29:31.944 [debug] Delay Trigger[Refresh Test Data]: triggered=1, called=1
2024-08-29 07:29:31.944 [info] Discover tests for workspace name: ajj54 - uri: /hpc/home/ajj54/Wind_Probability_Curves.py
2024-08-29 07:29:32.776 [debug] Attempting to run Python file /hpc/home/ajj54/Wind_Probability_Curves.py
2024-08-29 07:29:32.776 [debug] Found cached env for /bin/python
2024-08-29 07:29:32.782 [debug] Found cached env for /bin/python
2024-08-29 07:29:32.782 [debug] Extension unknown accessed getActiveEnvironmentPath with args: undefined
2024-08-29 07:29:32.782 [debug] Extension unknown accessed resolveEnvironment with args: {"id":"/bin/python","path":"/bin/python"}
2024-08-29 07:29:32.783 [debug] Selected python for [/hpc/home/ajj54] is [global] type: /bin/python
2024-08-29 07:29:32.827 [debug] Found cached env for /bin/python
2024-08-29 07:29:32.834 [debug] Terminal shell path '/bin/bash' identified as shell 'bash'
2024-08-29 07:29:32.834 [debug] Shell identified as bash 
2024-08-29 07:29:32.958 [debug] Found cached env for /bin/python
2024-08-29 07:29:32.959 [info] Send text to terminal: /bin/python /hpc/home/ajj54/Wind_Probability_Curves.py
2024-08-29 07:29:33.458 [debug] Found requirement files: /hpc/home/ajj54
2024-08-29 07:29:33.458 [info] CreateEnv Trigger - Skipping for /hpc/home/ajj54/Wind_Probability_Curves.py
2024-08-29 07:29:33.984 [debug] Received shell integration sequence for bash
2024-08-29 07:29:34.072 [debug] Received shell integration sequence for bash
2024-08-29 07:31:52.892 [debug] Detected change in file:  /hpc/home/ajj54/.conda/environments.txt initiating a refresh
2024-08-29 07:31:52.893 [info] Searching for conda environments
2024-08-29 07:31:52.893 [debug] Searching for conda.
2024-08-29 07:31:52.895 [debug] Probing conda binary: conda
2024-08-29 07:31:52.895 [debug] Searching for custom workspace envs
2024-08-29 07:31:52.902 [info] > conda info --json
2024-08-29 07:31:52.903 [debug] Finished searching for custom workspace envs
2024-08-29 07:31:52.903 [debug] Finished searching for Hatch envs
2024-08-29 07:31:52.903 [debug] Finished searching for Pixi envs
2024-08-29 07:31:52.906 [debug] Failed to spawn conda binary conda [Error: spawn conda ENOENT
	at ChildProcess._handle.onexit (node:internal/child_process:286:19)
	at onErrorNT (node:internal/child_process:484:16)
	at process.processTicksAndRejections (node:internal/process/task_queues:82:21)] {
  errno: -2,
  code: 'ENOENT',
  syscall: 'spawn conda',
  path: 'conda',
  spawnargs: [ 'info', '--json' ]
}
2024-08-29 07:31:52.907 [debug] Searching for workspace virtual envs in: /hpc/home/ajj54
2024-08-29 07:31:52.907 [debug] Finished searching for poetry envs
2024-08-29 07:31:52.907 [debug] Probing conda binary: /usr/share/anaconda/bin/conda
2024-08-29 07:31:52.912 [info] > /usr/share/anaconda/bin/conda info --json
2024-08-29 07:31:52.912 [debug] Failed to spawn conda binary /usr/share/anaconda/bin/conda [Error: spawn /usr/share/anaconda/bin/conda ENOENT
	at ChildProcess._handle.onexit (node:internal/child_process:286:19)
	at onErrorNT (node:internal/child_process:484:16)
	at process.processTicksAndRejections (node:internal/process/task_queues:82:21)] {
  errno: -2,
  code: 'ENOENT',
  syscall: 'spawn /usr/share/anaconda/bin/conda',
  path: '/usr/share/anaconda/bin/conda',
  spawnargs: [ 'info', '--json' ]
}
2024-08-29 07:31:52.915 [debug] Probing conda binary: /hpc/home/ajj54/.conda/bin/conda
2024-08-29 07:31:52.920 [info] > ./.conda/bin/conda info --json
2024-08-29 07:31:52.921 [debug] Failed to spawn conda binary /hpc/home/ajj54/.conda/bin/conda [Error: spawn /hpc/home/ajj54/.conda/bin/conda ENOENT
	at ChildProcess._handle.onexit (node:internal/child_process:286:19)
	at onErrorNT (node:internal/child_process:484:16)
	at process.processTicksAndRejections (node:internal/process/task_queues:82:21)] {
  errno: -2,
  code: 'ENOENT',
  syscall: 'spawn /hpc/home/ajj54/.conda/bin/conda',
  path: '/hpc/home/ajj54/.conda/bin/conda',
  spawnargs: [ 'info', '--json' ]
}
2024-08-29 07:31:52.941 [debug] Finished searching for workspace virtual envs
2024-08-29 07:31:52.952 [debug] Probing conda binary: /hpc/group/borsuklab/ajj54/miniconda3/bin/conda
2024-08-29 07:31:52.956 [info] > /hpc/group/borsuklab/ajj54/miniconda3/bin/conda info --json
2024-08-29 07:31:52.956 [debug] Failed to spawn conda binary /hpc/group/borsuklab/ajj54/miniconda3/bin/conda [Error: spawn /hpc/group/borsuklab/ajj54/miniconda3/bin/conda ENOENT
	at ChildProcess._handle.onexit (node:internal/child_process:286:19)
	at onErrorNT (node:internal/child_process:484:16)
	at process.processTicksAndRejections (node:internal/process/task_queues:82:21)] {
  errno: -2,
  code: 'ENOENT',
  syscall: 'spawn /hpc/group/borsuklab/ajj54/miniconda3/bin/conda',
  path: '/hpc/group/borsuklab/ajj54/miniconda3/bin/conda',
  spawnargs: [ 'info', '--json' ]
}
2024-08-29 07:31:52.956 [debug] Couldn't locate the conda binary.
2024-08-29 07:31:52.956 [debug] Couldn't locate the conda binary.
2024-08-29 07:31:52.957 [info] Environments refresh finished (event): 66 milliseconds
2024-08-29 07:31:52.957 [debug] Finished with environment resolver
2024-08-29 07:31:52.957 [debug] Finished with environment reducer
2024-08-29 07:31:52.957 [info] Environments refresh paths discovered: 66 milliseconds
2024-08-29 07:31:52.959 [debug] Python API env change detected /bin/python update
2024-08-29 07:31:52.959 [debug] Environments added to cache [{"name":"","location":"","kind":"global-other","executable":{"filename":"/bin/python","sysPrefix":"/usr","ctime":1719518705283,"mtime":1712121854000},"display":"Python 3.9.18 64-bit","version":{"major":3,"minor":9,"micro":18,"release":{"level":"final","serial":0},"sysVersion":"3.9.18 (main, Jan 24 2024, 00:00:00) \n[GCC 11.4.1 20231218 (Red Hat 11.4.1-3)]"},"arch":3,"distro":{"org":""},"source":[],"id":"/bin/python","detailedDisplayName":"Python 3.9.18 64-bit"},{"name":"","location":"","kind":"global-other","executable":{"filename":"/usr/bin/python","sysPrefix":"/usr","ctime":1719518707571,"mtime":1712121854000},"display":"Python 3.9.18 64-bit","version":{"major":3,"minor":9,"micro":18,"release":{"level":"final","serial":0},"sysVersion":"3.9.18 (main, Jan 24 2024, 00:00:00) \n[GCC 11.4.1 20231218 (Red Hat 11.4.1-3)]"},"arch":3,"distro":{"org":""},"source":["path env var"],"id":"/usr/bin/python","detailedDisplayName":"Python 3.9.18 64-bit"},{"name":"base","location":"/hpc/group/borsuklab/ajj54/miniconda3","kind":"virt-conda","executable":{"filename":"/hpc/group/borsuklab/ajj54/miniconda3/bin/python","sysPrefix":"/hpc/group/borsuklab/ajj54/miniconda3","ctime":1724779080825,"mtime":1724779080825},"display":"Python 3.12.4 ('base')","version":{"major":3,"minor":12,"micro":4,"release":{"level":"final","serial":0},"sysVersion":"3.12.4 | packaged by Anaconda, Inc. | (main, Jun 18 2024, 15:12:24) [GCC 11.2.0]"},"arch":3,"distro":{"org":"Anaconda, Inc."},"source":[],"type":"Conda","id":"/hpc/group/borsuklab/ajj54/miniconda3/bin/python","detailedDisplayName":"Python 3.12.4 ('base': conda)"}]
2024-08-29 07:31:52.960 [debug] Found cached env for /bin/python
2024-08-29 07:32:14.893 [debug] Received shell integration sequence for bash
2024-08-29 07:32:28.733 [debug] Attempting to run Python file /hpc/home/ajj54/Wind_Probability_Curves.py
2024-08-29 07:32:28.734 [debug] Found cached env for /bin/python
2024-08-29 07:32:28.736 [debug] CreateEnv Trigger - skipping this because it was already run
2024-08-29 07:32:28.780 [debug] Found cached env for /bin/python
2024-08-29 07:32:28.781 [info] Send text to terminal: /bin/python /hpc/home/ajj54/Wind_Probability_Curves.py
2024-08-29 07:32:28.973 [debug] Received shell integration sequence for bash
2024-08-29 07:32:38.242 [debug] Testing: Trigger refresh after saving /hpc/home/ajj54/Wind_Probability_Curves.py
2024-08-29 07:32:38.491 [debug] Delay Trigger[Refresh Test Data]: triggered=2, called=2
2024-08-29 07:32:38.491 [info] Discover tests for workspace name: ajj54 - uri: /hpc/home/ajj54/Wind_Probability_Curves.py
2024-08-29 07:32:52.894 [debug] Received shell integration sequence for bash
