2024-08-29 06:50:41.571 [info] Extension host with pid 2818261 started
2024-08-29 06:50:41.571 [error] Error: EEXIST: file already exists, open '/hpc/home/ajj54/.local/share/code-server/User/workspaceStorage/28b74b7f/vscode.lock'
2024-08-29 06:50:41.596 [info] ExtensionService#_doActivateExtension vscode.git-base, startup: true, activationEvent: '*', root cause: vscode.git
2024-08-29 06:50:41.661 [info] ExtensionService#_doActivateExtension ms-python.python, startup: true, activationEvent: 'workspaceContains:.conda'
2024-08-29 06:50:43.073 [info] Lock '/hpc/home/ajj54/.local/share/code-server/User/workspaceStorage/28b74b7f/vscode.lock': Could not acquire lock, checking if the file is stale.
2024-08-29 06:50:43.077 [info] Lock '/hpc/home/ajj54/.local/share/code-server/User/workspaceStorage/28b74b7f/vscode.lock': The pid 757433 appears to be gone.
2024-08-29 06:50:43.077 [info] Lock '/hpc/home/ajj54/.local/share/code-server/User/workspaceStorage/28b74b7f/vscode.lock': Deleting a stale lock.
2024-08-29 06:50:43.209 [info] Lock '/hpc/home/ajj54/.local/share/code-server/User/workspaceStorage/28b74b7f/vscode.lock': Lock acquired.
2024-08-29 06:50:43.452 [info] ExtensionService#_doActivateExtension vscode.git, startup: true, activationEvent: '*'
2024-08-29 06:50:43.452 [info] ExtensionService#_doActivateExtension vscode.github, startup: true, activationEvent: '*'
2024-08-29 06:50:44.010 [error] Error: spawn /hpc/home/ajj54/.local/share/code-server/extensions/ms-python.python-2024.12.3-universal/python-env-tools/bin/pet ENOENT
	at ChildProcess._handle.onexit (node:internal/child_process:286:19)
	at onErrorNT (node:internal/child_process:484:16)
	at process.processTicksAndRejections (node:internal/process/task_queues:82:21)
2024-08-29 06:50:44.357 [info] Eager extensions activated
2024-08-29 06:50:44.357 [info] ExtensionService#_doActivateExtension vscode.debug-auto-launch, startup: false, activationEvent: 'onStartupFinished'
2024-08-29 06:50:44.358 [info] ExtensionService#_doActivateExtension vscode.merge-conflict, startup: false, activationEvent: 'onStartupFinished'
2024-08-29 06:50:47.517 [debug] ProxyResolver#loadSystemCertificates count 143
2024-08-29 06:50:47.523 [debug] ProxyResolver#loadSystemCertificates parse error Error: error:0480006C:PEM routines::no start line
	at new X509Certificate (node:internal/crypto/x509:119:21)
	at /admin/apps/rhel9/code-server-4.90.2/lib/vscode/node_modules/@vscode/proxy-agent/out/index.js:493:48
	at Array.filter (<anonymous>)
	at /admin/apps/rhel9/code-server-4.90.2/lib/vscode/node_modules/@vscode/proxy-agent/out/index.js:491:26
	at Generator.next (<anonymous>)
	at fulfilled (/admin/apps/rhel9/code-server-4.90.2/lib/vscode/node_modules/@vscode/proxy-agent/out/index.js:32:58)
2024-08-29 06:50:47.589 [debug] ProxyResolver#loadSystemCertificates count filtered 139
2024-08-29 06:50:47.591 [debug] ProxyResolver#resolveProxy unconfigured https://mobile.events.data.microsoft.com/OneCollector/1.0?cors=true&content-type=application/x-json-stream DIRECT 
2024-08-29 06:51:01.584 [info] ExtensionService#_doActivateExtension vscode.ipynb, startup: false, activationEvent: 'onNotebookSerializer:jupyter-notebook'
2024-08-29 06:51:02.221 [debug] ExtHostNotebook#$acceptEditorPropertiesChanged afb0c327-cf0a-43e0-b711-1d4e19ebc01d {"selections":{"selections":[{"start":0,"end":1}]}}
2024-08-29 06:51:02.222 [debug] ExtHostNotebook#$acceptEditorPropertiesChanged afb0c327-cf0a-43e0-b711-1d4e19ebc01d {"visibleRanges":{"ranges":[{"start":0,"end":3}]}}
2024-08-29 06:51:02.222 [debug] ExtHostNotebook#$acceptEditorPropertiesChanged afb0c327-cf0a-43e0-b711-1d4e19ebc01d {"selections":{"selections":[{"start":0,"end":1}]}}
2024-08-29 06:51:02.230 [info] ExtensionService#_doActivateExtension ms-python.debugpy, startup: false, activationEvent: 'onLanguage:python'
2024-08-29 06:51:02.230 [info] ExtensionService#_doActivateExtension vscode.emmet, startup: false, activationEvent: 'onLanguage'
2024-08-29 06:51:04.716 [debug] ProxyResolver#resolveProxy unconfigured https://mobile.events.data.microsoft.com/OneCollector/1.0?cors=true&content-type=application/x-json-stream DIRECT 
2024-08-29 07:29:32.952 [debug] ExtHostSearch /admin/apps/rhel9/code-server-4.90.2/lib/vscode/node_modules/@vscode/ripgrep/bin/rg --files --hidden --case-sensitive --no-require-git -g '**/*requirement*.txt' -g '!**/.git' -g '!**/.svn' -g '!**/.hg' -g '!**/CVS' -g '!**/.DS_Store' -g '!**/Thumbs.db' -g '!**/*.crswap' -g '!**/{.venv*,.git,.nox,.tox,.conda,site-packages,__pypackages__}/**' --no-ignore --follow --no-config --no-ignore-global
 - cwd: /hpc/home/ajj54
 - Sibling clauses: {}
2024-08-29 07:29:32.957 [debug] ExtHostSearch /admin/apps/rhel9/code-server-4.90.2/lib/vscode/node_modules/@vscode/ripgrep/bin/rg --files --hidden --case-sensitive --no-require-git -g '**/requirements/*.txt' -g '!**/.git' -g '!**/.svn' -g '!**/.hg' -g '!**/CVS' -g '!**/.DS_Store' -g '!**/Thumbs.db' -g '!**/*.crswap' -g '!**/{.venv*,.git,.nox,.tox,.conda,site-packages,__pypackages__}/**' --no-ignore --follow --no-config --no-ignore-global
 - cwd: /hpc/home/ajj54
 - Sibling clauses: {}
2024-08-29 07:29:33.374 [debug] ExtHostSearch Search finished. Stats: {"cmdTime":452,"fileWalkTime":452,"directoriesWalked":0,"filesWalked":0,"cmdResultCount":2}
2024-08-29 07:29:33.374 [debug] Ext host file search time: 455ms
2024-08-29 07:29:33.398 [debug] ExtHostSearch Search finished. Stats: {"cmdTime":445,"fileWalkTime":445,"directoriesWalked":0,"filesWalked":0,"cmdResultCount":0}
2024-08-29 07:29:33.398 [debug] Ext host file search time: 445ms
2024-08-29 07:29:34.000 [info] ExtensionService#_doActivateExtension vscode.npm, startup: false, activationEvent: 'onTerminalQuickFixRequest:ms-vscode.npm-command'
2024-08-29 07:29:34.230 [debug] ExtHostSearch /admin/apps/rhel9/code-server-4.90.2/lib/vscode/node_modules/@vscode/ripgrep/bin/rg --files --hidden --case-sensitive --no-require-git -g '**/package.json' -g '!**/.git' -g '!**/.svn' -g '!**/.hg' -g '!**/CVS' -g '!**/.DS_Store' -g '!**/Thumbs.db' -g '!**/*.crswap' --no-ignore --follow --no-config --no-ignore-global
 - cwd: /hpc/home/ajj54
 - Sibling clauses: {}
2024-08-29 07:29:34.307 [debug] ExtHostSearch Search finished. Stats: {"cmdTime":83,"fileWalkTime":83,"directoriesWalked":0,"filesWalked":0,"cmdResultCount":3}
2024-08-29 07:29:34.308 [debug] Ext host file search time: 84ms
