Script starting...
Waiting for Jupyter Lab server to open port 21753...
TIMING - Starting wait at: Thu Sep  5 06:00:12 PM EDT 2024
TIMING - Starting main script at: Thu Sep  5 06:00:12 PM EDT 2024
Anaconda3 2021.05
Currently Loaded Modulefiles:
 1) Anaconda3/2021.05  
TIMING - Starting jupyter at: Thu Sep  5 06:00:12 PM EDT 2024
+ jupyter lab --config=/hpc/home/ajj54/ondemand/data/sys/dashboard/batch_connect/sys/bc_jupyter/output/ea3d0eed-d5e8-4708-ba09-0f4e0aad4dc5/config.py
[I 2024-09-05 18:00:15.799 ServerApp] jupyterlab | extension was successfully linked.
[I 2024-09-05 18:00:17.680 ServerApp] nbclassic | extension was successfully linked.
[W 2024-09-05 18:00:17.768 ServerApp] WARNING: The Jupyter server is listening on all IP addresses and not using encryption. This is not recommended.
[I 2024-09-05 18:00:17.785 LabApp] JupyterLab extension loaded from /opt/apps/rhel8/Anaconda3-2021.05/lib/python3.8/site-packages/jupyterlab
[I 2024-09-05 18:00:17.785 LabApp] JupyterLab application directory is /admin/apps/rhel8/Anaconda3-2021.05/share/jupyter/lab
[I 2024-09-05 18:00:17.789 ServerApp] jupyterlab | extension was successfully loaded.
[I 2024-09-05 18:00:17.811 ServerApp] nbclassic | extension was successfully loaded.
[I 2024-09-05 18:00:17.811 ServerApp] Serving notebooks from local directory: /hpc/home/ajj54
[I 2024-09-05 18:00:17.811 ServerApp] Jupyter Server 1.4.1 is running at:
[I 2024-09-05 18:00:17.811 ServerApp] http://dcc-core-25:21753/node/dcc-core-25/21753/lab
[I 2024-09-05 18:00:17.811 ServerApp]  or http://127.0.0.1:21753/node/dcc-core-25/21753/lab
[I 2024-09-05 18:00:17.811 ServerApp] Use Control-C to stop this server and shut down all kernels (twice to skip confirmation).
[W 2024-09-05 18:00:17.828 ServerApp] No web browser found: could not locate runnable browser.
Discovered Jupyter Lab server listening on port 21753!
TIMING - Wait ended at: Thu Sep  5 06:00:18 PM EDT 2024
Generating connection YAML file...
[I 2024-09-05 18:00:34.973 ServerApp] 302 POST /node/dcc-core-25/21753/login (10.183.18.196) 2.51ms
[I 2024-09-05 18:00:35.020 ServerApp] 302 GET /node/dcc-core-25/21753/ (10.183.18.196) 1.24ms
[E 2024-09-05 18:00:42.128 ServerApp] Uncaught exception GET /node/dcc-core-25/21753/api/nbconvert?1725573638469 (10.183.18.196)
    HTTPServerRequest(protocol='http', host='dcc-core-25:21753', method='GET', uri='/node/dcc-core-25/21753/api/nbconvert?1725573638469', version='HTTP/1.1', remote_ip='10.183.18.196')
    Traceback (most recent call last):
      File "/opt/apps/rhel8/Anaconda3-2021.05/lib/python3.8/site-packages/tornado/web.py", line 1702, in _execute
        result = method(*self.path_args, **self.path_kwargs)
      File "/opt/apps/rhel8/Anaconda3-2021.05/lib/python3.8/site-packages/tornado/web.py", line 3173, in wrapper
        return method(self, *args, **kwargs)
      File "/opt/apps/rhel8/Anaconda3-2021.05/lib/python3.8/site-packages/jupyter_server/services/nbconvert/handlers.py", line 17, in get
        exporters = base.get_export_names()
      File "/opt/apps/rhel8/Anaconda3-2021.05/lib/python3.8/site-packages/nbconvert/exporters/base.py", line 141, in get_export_names
        e = get_exporter(exporter_name)(config=config)
      File "/opt/apps/rhel8/Anaconda3-2021.05/lib/python3.8/site-packages/nbconvert/exporters/base.py", line 102, in get_exporter
        if getattr(exporter(config=config), 'enabled', True):
      File "/opt/apps/rhel8/Anaconda3-2021.05/lib/python3.8/site-packages/nbconvert/exporters/templateexporter.py", line 325, in __init__
        super().__init__(config=config, **kw)
      File "/opt/apps/rhel8/Anaconda3-2021.05/lib/python3.8/site-packages/nbconvert/exporters/exporter.py", line 114, in __init__
        self._init_preprocessors()
      File "/opt/apps/rhel8/Anaconda3-2021.05/lib/python3.8/site-packages/nbconvert/exporters/templateexporter.py", line 491, in _init_preprocessors
        conf = self._get_conf()
      File "/opt/apps/rhel8/Anaconda3-2021.05/lib/python3.8/site-packages/nbconvert/exporters/templateexporter.py", line 509, in _get_conf
        if conf_path.exists():
      File "/opt/apps/rhel8/Anaconda3-2021.05/lib/python3.8/pathlib.py", line 1400, in exists
        self.stat()
      File "/opt/apps/rhel8/Anaconda3-2021.05/lib/python3.8/pathlib.py", line 1197, in stat
        return self._accessor.stat(self)
    PermissionError: [Errno 13] Permission denied: '/opt/apps/rhel8/Anaconda3-2021.05/share/jupyter/nbconvert/templates/html/conf.json'
[W 2024-09-05 18:00:42.136 ServerApp] Unhandled error
[E 2024-09-05 18:00:42.137 ServerApp] {
      "Host": "dcc-core-25:21753",
      "Sec-Ch-Ua": "\"Chromium\";v=\"128\", \"Not;A=Brand\";v=\"24\", \"Google Chrome\";v=\"128\"",
      "Sec-Ch-Ua-Platform": "\"Windows\"",
      "X-Xsrftoken": "2|0f58b3c3|48b1c88e06589aae015c0749599e2b51|1725573635",
      "Sec-Ch-Ua-Mobile": "?0",
      "User-Agent": "Mozilla/5.0 (Windows NT 10.0; Win64; x64) AppleWebKit/537.36 (KHTML, like Gecko) Chrome/128.0.0.0 Safari/537.36",
      "Content-Type": "application/json",
      "Accept": "*/*",
      "Sec-Fetch-Site": "same-origin",
      "Sec-Fetch-Mode": "cors",
      "Sec-Fetch-Dest": "empty",
      "Referer": "https://dcc-ondemand-01.oit.duke.edu/node/dcc-core-25/21753/lab?",
      "Accept-Encoding": "gzip, deflate, br, zstd",
      "Accept-Language": "en-US,en;q=0.9",
      "Cookie": "username-dcc-core-25-21753=\"2|1:0|10:1725573634|26:username-dcc-core-25-21753|44:YmQzOTUwMzViYzU2NGY2YTliYjJjY2FkNjE5YTQ2ZjU=|b9d929eb03f611d46a8e4514480d1368ef363da0afd3e1ff35ba0f2a554e105a\"; _xsrf=2|0f58b3c3|48b1c88e06589aae015c0749599e2b51|1725573635; _ga_5R4BP9RPSY=GS1.1.1721934655.1.1.1721935869.0.0.0; _gcl_au=1.1.93754352.1721940098; _rdt_uuid=1721940098878.dabc33fa-484e-4dec-881d-b82df815ed07; _fbp=fb.1.1721940099129.232582454193655244; _hjSessionUser_3209393=eyJpZCI6ImQwYjViNDc1LTMzYjUtNTI3Yy05YTM2LTY2Njg5YjcyNjE2YSIsImNyZWF0ZWQiOjE3MjE5NDAwOTkyNjUsImV4aXN0aW5nIjpmYWxzZX0=; _ga_JDRK8M0914=GS1.1.1721940098.1.0.1721940100.0.0.0; _ga_VP33BWKZP1=GS1.1.1721940098.1.0.1721940100.58.0.0; _ga_FQH8MG1Z9C=GS1.1.1721940097.2.1.1721940122.35.0.0; _ga_T7KHMBY40X=GS1.2.1721940141.1.0.1721940141.0.0.0; _ga_18T0J58HVL=GS1.1.1721940139.1.1.1721940261.0.0.0; _ga_THGXZ7DM6Q=GS1.1.1721946265.3.0.1721946283.0.0.0; _ga_2BEJD95ZW1=GS1.1.1721946265.3.0.1721946283.0.0.0; _ga_RB5H4BVBQT=GS1.1.1722516832.4.0.1722516832.0.0.0; _ga_HJ9GVFLS08=GS1.1.1722868908.1.1.1722868942.0.0.0; _ga_T34M7MV779=GS1.1.1723046187.2.1.1723046230.0.0.0; _ga_STDXEBPYV0=GS1.1.1723836371.2.0.1723836375.0.0.0; _clck=gppc4e%7C2%7Cfok%7C0%7C1667; _ga_GJFVDNDC6R=GS1.1.1724416384.1.1.1724417971.0.0.0; _ga_CNR00DKCGC=GS1.1.1724419204.2.0.1724419204.0.0.0; fpestid=YuMy8l61xBOxJMmrwPXsLH9IO9nod1WVaCi0H0OGeWzzSbxFT1CVffHq1a5R6XC8f7KKTA; _cc_id=e34c23b3d68f4570548755eef3c55801; _ga=GA1.1.1481303474.1721829798; _ga_7LNNFG7NW2=GS1.1.1724609648.1.1.1724609667.0.0.0; _ga_ZGEZX7R0BR=GS1.1.1724609649.1.1.1724609667.0.0.0; _ga_LH9ENGBHNG=GS1.1.1724610552.3.0.1724610552.0.0.0; _ga_SYW5D2PTM9=GS1.1.1724610561.1.1.1724610927.0.0.0; _ga_3VP6LF1NFL=GS1.1.1724610640.1.1.1724610927.0.0.0; _ga_4KL7HLELGY=GS1.1.1724722840.4.0.1724722840.60.0.0; _ga_79GD7X288Z=GS1.1.1724947241.6.0.1724947241.0.0.0; SAPWP_active=1; _ga_9SLH7QHRC3=GS1.1.1725147211.2.0.1725147211.0.0.0; PS_TokenSite=https://dukehub.duke.edu/psp/CSPRD01_9/?siss-csweb-303-5600-PORTAL-PSJSESSIONID; SignOnDefault=; hpt_institution=DUKEU; ExpirePage=https://dukehub.duke.edu/psp/CSPRD01_9/; PS_LOGINLIST=https://dukehub.duke.edu/CSPRD01; PS_TOKEN=ogAAAAQDAgEBAAAAvAIAAAAAAAAsAAAABABTaGRyAk4Abwg4AC4AMQAwABR8YMvwUFLO6kJw1aQs5Qh/2P+TumIAAAAFAFNkYXRhVnicHYzBCYAwEAQnUXymE8XkEiRvFX8iWogNWpxL7jGz7MK9QN955+TP0y4YM0alsBAZdk4OwsrDxc2mNZKTlMiMcm00MaqblItYWjY565Fp4wdKYAq9; PS_LASTSITE=https://dukehub.duke.edu/psp/CSPRD01_9/; ps_theme=node:SA portal:EMPLOYEE theme_id:DU_PRD_DEFAULT_THEME_FLUID css:DU_PRD_BRAND_CLASSIC_TMPL_860 css_f:DU_PRD_BRAND_FLUID_TMPL_860 accessibility:N macroset:DU_MACROSET_PRD_860 formfactor:3 piamode:2; CSRFCookie=c4443684-5d37-4f86-b063-37144581bc21; PS_TOKENEXPIRE=3_Sep_2024_20:06:32_GMT; _ga_WB1N5CCGML=GS1.1.1725394887.7.0.1725394888.0.0.0; _ga_8PZ75Y3FMV=GS1.1.1725541955.8.0.1725541957.0.0.0; _hp2_ses_props.3001039959=%7B%22r%22%3A%22https%3A%2F%2Fcanvas.duke.edu%2Fcourses%2F34871%2Ffiles%2F1561835%3Fmodule_item_id%3D288592%22%2C%22ts%22%3A1725572789570%2C%22d%22%3A%22canvas.duke.edu%22%2C%22h%22%3A%22%2F%22%7D; _hp2_props.3001039959=%7B%22Base.appName%22%3A%22Canvas%22%7D; _hp2_id.3001039959=%7B%22userId%22%3A%225230993266289319%22%2C%22pageviewId%22%3A%221584681605313504%22%2C%22sessionId%22%3A%221383141323384901%22%2C%22identity%22%3A%22uu-2-bfb8cec48274feadf5dcba5a8bdcfc3a247717c162275eb6c4327f7892066a12-aSv0eXf2o2liik7LauscbHJllzIjnV1XuSfipj9L%22%2C%22trackerVersion%22%3A%224.0%22%2C%22identityField%22%3Anull%2C%22isIdentified%22%3A1%7D",
      "X-Forwarded-Proto": "https",
      "X-Forwarded-User": "ajj54",
      "X-Forwarded-Escaped-Uri": "%2fnode%2fdcc-core-25%2f21753%2fapi%2fnbconvert%3f1725573638469",
      "Via": "1.1 dcc-ondemand-01.oit.duke.edu",
      "X-Forwarded-For": "76.36.237.156",
      "X-Forwarded-Host": "dcc-ondemand-01.oit.duke.edu",
      "X-Forwarded-Server": "dcc-ondemand-01.oit.duke.edu",
      "Connection": "close"
    }
[E 2024-09-05 18:00:42.137 ServerApp] 500 GET /node/dcc-core-25/21753/api/nbconvert?1725573638469 (10.183.18.196) 437.38ms referer=https://dcc-ondemand-01.oit.duke.edu/node/dcc-core-25/21753/lab?
[E 2024-09-05 18:00:42.324 ServerApp] Uncaught exception GET /node/dcc-core-25/21753/api/nbconvert?1725573638484 (10.183.18.196)
    HTTPServerRequest(protocol='http', host='dcc-core-25:21753', method='GET', uri='/node/dcc-core-25/21753/api/nbconvert?1725573638484', version='HTTP/1.1', remote_ip='10.183.18.196')
    Traceback (most recent call last):
      File "/opt/apps/rhel8/Anaconda3-2021.05/lib/python3.8/site-packages/tornado/web.py", line 1702, in _execute
        result = method(*self.path_args, **self.path_kwargs)
      File "/opt/apps/rhel8/Anaconda3-2021.05/lib/python3.8/site-packages/tornado/web.py", line 3173, in wrapper
        return method(self, *args, **kwargs)
      File "/opt/apps/rhel8/Anaconda3-2021.05/lib/python3.8/site-packages/jupyter_server/services/nbconvert/handlers.py", line 17, in get
        exporters = base.get_export_names()
      File "/opt/apps/rhel8/Anaconda3-2021.05/lib/python3.8/site-packages/nbconvert/exporters/base.py", line 141, in get_export_names
        e = get_exporter(exporter_name)(config=config)
      File "/opt/apps/rhel8/Anaconda3-2021.05/lib/python3.8/site-packages/nbconvert/exporters/base.py", line 102, in get_exporter
        if getattr(exporter(config=config), 'enabled', True):
      File "/opt/apps/rhel8/Anaconda3-2021.05/lib/python3.8/site-packages/nbconvert/exporters/templateexporter.py", line 325, in __init__
        super().__init__(config=config, **kw)
      File "/opt/apps/rhel8/Anaconda3-2021.05/lib/python3.8/site-packages/nbconvert/exporters/exporter.py", line 114, in __init__
        self._init_preprocessors()
      File "/opt/apps/rhel8/Anaconda3-2021.05/lib/python3.8/site-packages/nbconvert/exporters/templateexporter.py", line 491, in _init_preprocessors
        conf = self._get_conf()
      File "/opt/apps/rhel8/Anaconda3-2021.05/lib/python3.8/site-packages/nbconvert/exporters/templateexporter.py", line 509, in _get_conf
        if conf_path.exists():
      File "/opt/apps/rhel8/Anaconda3-2021.05/lib/python3.8/pathlib.py", line 1400, in exists
        self.stat()
      File "/opt/apps/rhel8/Anaconda3-2021.05/lib/python3.8/pathlib.py", line 1197, in stat
        return self._accessor.stat(self)
    PermissionError: [Errno 13] Permission denied: '/opt/apps/rhel8/Anaconda3-2021.05/share/jupyter/nbconvert/templates/html/conf.json'
[W 2024-09-05 18:00:42.325 ServerApp] Unhandled error
[E 2024-09-05 18:00:42.325 ServerApp] {
      "Host": "dcc-core-25:21753",
      "Sec-Ch-Ua": "\"Chromium\";v=\"128\", \"Not;A=Brand\";v=\"24\", \"Google Chrome\";v=\"128\"",
      "Sec-Ch-Ua-Platform": "\"Windows\"",
      "X-Xsrftoken": "2|0f58b3c3|48b1c88e06589aae015c0749599e2b51|1725573635",
      "Sec-Ch-Ua-Mobile": "?0",
      "User-Agent": "Mozilla/5.0 (Windows NT 10.0; Win64; x64) AppleWebKit/537.36 (KHTML, like Gecko) Chrome/128.0.0.0 Safari/537.36",
      "Content-Type": "application/json",
      "Accept": "*/*",
      "Sec-Fetch-Site": "same-origin",
      "Sec-Fetch-Mode": "cors",
      "Sec-Fetch-Dest": "empty",
      "Referer": "https://dcc-ondemand-01.oit.duke.edu/node/dcc-core-25/21753/lab?",
      "Accept-Encoding": "gzip, deflate, br, zstd",
      "Accept-Language": "en-US,en;q=0.9",
      "Cookie": "username-dcc-core-25-21753=\"2|1:0|10:1725573634|26:username-dcc-core-25-21753|44:YmQzOTUwMzViYzU2NGY2YTliYjJjY2FkNjE5YTQ2ZjU=|b9d929eb03f611d46a8e4514480d1368ef363da0afd3e1ff35ba0f2a554e105a\"; _xsrf=2|0f58b3c3|48b1c88e06589aae015c0749599e2b51|1725573635; _ga_5R4BP9RPSY=GS1.1.1721934655.1.1.1721935869.0.0.0; _gcl_au=1.1.93754352.1721940098; _rdt_uuid=1721940098878.dabc33fa-484e-4dec-881d-b82df815ed07; _fbp=fb.1.1721940099129.232582454193655244; _hjSessionUser_3209393=eyJpZCI6ImQwYjViNDc1LTMzYjUtNTI3Yy05YTM2LTY2Njg5YjcyNjE2YSIsImNyZWF0ZWQiOjE3MjE5NDAwOTkyNjUsImV4aXN0aW5nIjpmYWxzZX0=; _ga_JDRK8M0914=GS1.1.1721940098.1.0.1721940100.0.0.0; _ga_VP33BWKZP1=GS1.1.1721940098.1.0.1721940100.58.0.0; _ga_FQH8MG1Z9C=GS1.1.1721940097.2.1.1721940122.35.0.0; _ga_T7KHMBY40X=GS1.2.1721940141.1.0.1721940141.0.0.0; _ga_18T0J58HVL=GS1.1.1721940139.1.1.1721940261.0.0.0; _ga_THGXZ7DM6Q=GS1.1.1721946265.3.0.1721946283.0.0.0; _ga_2BEJD95ZW1=GS1.1.1721946265.3.0.1721946283.0.0.0; _ga_RB5H4BVBQT=GS1.1.1722516832.4.0.1722516832.0.0.0; _ga_HJ9GVFLS08=GS1.1.1722868908.1.1.1722868942.0.0.0; _ga_T34M7MV779=GS1.1.1723046187.2.1.1723046230.0.0.0; _ga_STDXEBPYV0=GS1.1.1723836371.2.0.1723836375.0.0.0; _clck=gppc4e%7C2%7Cfok%7C0%7C1667; _ga_GJFVDNDC6R=GS1.1.1724416384.1.1.1724417971.0.0.0; _ga_CNR00DKCGC=GS1.1.1724419204.2.0.1724419204.0.0.0; fpestid=YuMy8l61xBOxJMmrwPXsLH9IO9nod1WVaCi0H0OGeWzzSbxFT1CVffHq1a5R6XC8f7KKTA; _cc_id=e34c23b3d68f4570548755eef3c55801; _ga=GA1.1.1481303474.1721829798; _ga_7LNNFG7NW2=GS1.1.1724609648.1.1.1724609667.0.0.0; _ga_ZGEZX7R0BR=GS1.1.1724609649.1.1.1724609667.0.0.0; _ga_LH9ENGBHNG=GS1.1.1724610552.3.0.1724610552.0.0.0; _ga_SYW5D2PTM9=GS1.1.1724610561.1.1.1724610927.0.0.0; _ga_3VP6LF1NFL=GS1.1.1724610640.1.1.1724610927.0.0.0; _ga_4KL7HLELGY=GS1.1.1724722840.4.0.1724722840.60.0.0; _ga_79GD7X288Z=GS1.1.1724947241.6.0.1724947241.0.0.0; SAPWP_active=1; _ga_9SLH7QHRC3=GS1.1.1725147211.2.0.1725147211.0.0.0; PS_TokenSite=https://dukehub.duke.edu/psp/CSPRD01_9/?siss-csweb-303-5600-PORTAL-PSJSESSIONID; SignOnDefault=; hpt_institution=DUKEU; ExpirePage=https://dukehub.duke.edu/psp/CSPRD01_9/; PS_LOGINLIST=https://dukehub.duke.edu/CSPRD01; PS_TOKEN=ogAAAAQDAgEBAAAAvAIAAAAAAAAsAAAABABTaGRyAk4Abwg4AC4AMQAwABR8YMvwUFLO6kJw1aQs5Qh/2P+TumIAAAAFAFNkYXRhVnicHYzBCYAwEAQnUXymE8XkEiRvFX8iWogNWpxL7jGz7MK9QN955+TP0y4YM0alsBAZdk4OwsrDxc2mNZKTlMiMcm00MaqblItYWjY565Fp4wdKYAq9; PS_LASTSITE=https://dukehub.duke.edu/psp/CSPRD01_9/; ps_theme=node:SA portal:EMPLOYEE theme_id:DU_PRD_DEFAULT_THEME_FLUID css:DU_PRD_BRAND_CLASSIC_TMPL_860 css_f:DU_PRD_BRAND_FLUID_TMPL_860 accessibility:N macroset:DU_MACROSET_PRD_860 formfactor:3 piamode:2; CSRFCookie=c4443684-5d37-4f86-b063-37144581bc21; PS_TOKENEXPIRE=3_Sep_2024_20:06:32_GMT; _ga_WB1N5CCGML=GS1.1.1725394887.7.0.1725394888.0.0.0; _ga_8PZ75Y3FMV=GS1.1.1725541955.8.0.1725541957.0.0.0; _hp2_ses_props.3001039959=%7B%22r%22%3A%22https%3A%2F%2Fcanvas.duke.edu%2Fcourses%2F34871%2Ffiles%2F1561835%3Fmodule_item_id%3D288592%22%2C%22ts%22%3A1725572789570%2C%22d%22%3A%22canvas.duke.edu%22%2C%22h%22%3A%22%2F%22%7D; _hp2_props.3001039959=%7B%22Base.appName%22%3A%22Canvas%22%7D; _hp2_id.3001039959=%7B%22userId%22%3A%225230993266289319%22%2C%22pageviewId%22%3A%221584681605313504%22%2C%22sessionId%22%3A%221383141323384901%22%2C%22identity%22%3A%22uu-2-bfb8cec48274feadf5dcba5a8bdcfc3a247717c162275eb6c4327f7892066a12-aSv0eXf2o2liik7LauscbHJllzIjnV1XuSfipj9L%22%2C%22trackerVersion%22%3A%224.0%22%2C%22identityField%22%3Anull%2C%22isIdentified%22%3A1%7D",
      "X-Forwarded-Proto": "https",
      "X-Forwarded-User": "ajj54",
      "X-Forwarded-Escaped-Uri": "%2fnode%2fdcc-core-25%2f21753%2fapi%2fnbconvert%3f1725573638484",
      "Via": "1.1 dcc-ondemand-01.oit.duke.edu",
      "X-Forwarded-For": "76.36.237.156",
      "X-Forwarded-Host": "dcc-ondemand-01.oit.duke.edu",
      "X-Forwarded-Server": "dcc-ondemand-01.oit.duke.edu",
      "Connection": "close"
    }
[E 2024-09-05 18:00:42.325 ServerApp] 500 GET /node/dcc-core-25/21753/api/nbconvert?1725573638484 (10.183.18.196) 624.72ms referer=https://dcc-ondemand-01.oit.duke.edu/node/dcc-core-25/21753/lab?
[W 2024-09-05 18:00:42.328 LabApp] Could not determine jupyterlab build status without nodejs
[I 2024-09-05 18:00:43.161 ServerApp] Kernel started: bfef724e-4905-4796-a8c6-deb6877f4846
[I 2024-09-05 18:00:47.597 ServerApp] Creating new notebook in 
[I 2024-09-05 18:00:48.146 ServerApp] Kernel started: 14d5d119-e858-4ca7-841b-ab5ed0c8d7cd
[I 2024-09-05 18:01:15.927 ServerApp] New terminal with automatic name: 1
TermSocket.open: 1
TermSocket.open: Opened 1
[I 2024-09-05 18:02:47.940 ServerApp] Saving file at /Untitled1.ipynb
[I 2024-09-05 18:07:20.045 ServerApp] Saving file at /crabook/requirements.txt
[I 2024-09-05 18:08:54.941 ServerApp] Saving file at /crabook/requirements.txt
[I 2024-09-05 18:09:49.432 ServerApp] Saving file at /crabook/requirements.txt
[I 2024-09-05 18:10:17.624 ServerApp] Saving file at /crabook/requirements.txt
[I 2024-09-05 18:10:36.542 ServerApp] Saving file at /crabook/requirements.txt
[I 2024-09-05 18:11:02.495 ServerApp] Saving file at /crabook/requirements.txt
[I 2024-09-05 18:11:30.638 ServerApp] Saving file at /crabook/requirements.txt
[I 2024-09-05 18:11:48.421 ServerApp] Saving file at /crabook/requirements.txt
[I 2024-09-05 18:12:40.359 ServerApp] Saving file at /crabook/requirements.txt
[I 2024-09-05 18:13:19.495 ServerApp] Saving file at /crabook/requirements.txt
[I 2024-09-05 18:13:39.096 ServerApp] Saving file at /crabook/requirements.txt
[I 2024-09-05 18:13:56.526 ServerApp] Saving file at /crabook/requirements.txt
[I 2024-09-05 18:14:36.802 ServerApp] Saving file at /crabook/requirements.txt
[I 2024-09-05 18:14:57.728 ServerApp] Saving file at /crabook/requirements.txt
[I 2024-09-05 18:15:19.862 ServerApp] Saving file at /crabook/requirements.txt
[I 2024-09-05 18:15:56.739 ServerApp] Saving file at /crabook/requirements.txt
[I 2024-09-05 18:16:19.008 ServerApp] Saving file at /crabook/requirements.txt
[I 2024-09-05 18:17:04.455 ServerApp] Saving file at /crabook/requirements.txt
[I 2024-09-05 18:17:38.509 ServerApp] Saving file at /crabook/requirements.txt
[I 2024-09-05 18:18:13.115 ServerApp] Saving file at /crabook/requirements.txt
[I 2024-09-05 18:18:41.860 ServerApp] Saving file at /crabook/requirements.txt
[I 2024-09-05 18:19:13.802 ServerApp] Saving file at /crabook/requirements.txt
[I 2024-09-05 18:19:39.137 ServerApp] Saving file at /crabook/requirements.txt
[I 2024-09-05 18:20:04.864 ServerApp] Saving file at /crabook/requirements.txt
[I 2024-09-05 18:20:45.003 ServerApp] Saving file at /crabook/requirements.txt
[I 2024-09-05 18:21:14.526 ServerApp] Saving file at /crabook/requirements.txt
[I 2024-09-05 18:21:42.679 ServerApp] Saving file at /crabook/requirements.txt
[I 2024-09-05 18:22:08.779 ServerApp] Saving file at /crabook/requirements.txt
[I 2024-09-05 18:22:40.218 ServerApp] Saving file at /crabook/requirements.txt
[I 2024-09-05 18:23:30.849 ServerApp] Saving file at /crabook/requirements.txt
[I 2024-09-05 18:24:28.860 ServerApp] Saving file at /crabook/requirements.txt
[I 2024-09-05 18:24:57.065 ServerApp] Saving file at /crabook/requirements.txt
[I 2024-09-05 18:25:29.722 ServerApp] Saving file at /crabook/requirements.txt
[I 2024-09-05 18:25:57.210 ServerApp] Saving file at /crabook/requirements.txt
[I 2024-09-05 18:26:31.812 ServerApp] Saving file at /crabook/requirements.txt
[I 2024-09-05 18:26:56.448 ServerApp] Saving file at /crabook/requirements.txt
[I 2024-09-05 18:28:56.591 ServerApp] Saving file at /crabook/requirements.txt
[I 2024-09-05 18:29:01.341 ServerApp] Saving file at /crabook/requirements.txt
[I 2024-09-05 18:30:08.633 ServerApp] Saving file at /crabook/requirements.txt
[I 2024-09-05 18:31:22.006 ServerApp] Saving file at /crabook/requirements.txt
[I 2024-09-05 18:31:52.150 ServerApp] Saving file at /crabook/requirements.txt
[I 2024-09-05 18:33:13.574 ServerApp] Saving file at /crabook/requirements.txt
[I 2024-09-05 18:34:04.430 ServerApp] Saving file at /crabook/requirements.txt
[I 2024-09-05 18:36:04.579 ServerApp] Saving file at /crabook/requirements.txt
[I 2024-09-05 18:36:08.334 ServerApp] Saving file at /crabook/requirements.txt
[I 2024-09-05 18:38:09.001 ServerApp] Saving file at /crabook/requirements.txt
[I 2024-09-05 18:38:32.114 ServerApp] Saving file at /crabook/requirements.txt
[I 2024-09-05 18:47:46.230 ServerApp] Starting buffering for 14d5d119-e858-4ca7-841b-ab5ed0c8d7cd:61cbea86-e2cc-4bc3-b699-13ce0489dbaa
[W 2024-09-05 18:48:33.572 ServerApp] Notebook STORMS/01_windstorm/Hazard_assessment_STORMS.ipynb is not trusted
[I 2024-09-05 18:48:34.366 ServerApp] Kernel started: 462e11c8-5729-4a09-a7ee-82d83dabc5cc
[W 2024-09-05 18:48:35.939 ServerApp] Notebook STORMS/01_windstorm/Risk_assessment_STORMS.ipynb is not trusted
[I 2024-09-05 18:48:37.180 ServerApp] Kernel started: 8c48c2c2-4f77-443f-a86a-8cc5f737b3cb
[I 2024-09-05 18:49:56.683 ServerApp] Saving file at /STORMS/01_windstorm/Risk_assessment_STORMS.ipynb
[W 2024-09-05 18:49:56.685 ServerApp] Notebook STORMS/01_windstorm/Risk_assessment_STORMS.ipynb is not trusted
[I 2024-09-05 18:50:34.319 ServerApp] Saving file at /STORMS/01_windstorm/Hazard_assessment_STORMS.ipynb
[W 2024-09-05 18:50:34.320 ServerApp] Notebook STORMS/01_windstorm/Hazard_assessment_STORMS.ipynb is not trusted
[I 2024-09-05 18:51:57.929 ServerApp] Saving file at /STORMS/01_windstorm/Risk_assessment_STORMS.ipynb
[W 2024-09-05 18:51:57.931 ServerApp] Notebook STORMS/01_windstorm/Risk_assessment_STORMS.ipynb is not trusted
[I 2024-09-05 18:56:36.244 ServerApp] Saving file at /STORMS/01_windstorm/Hazard_assessment_STORMS.ipynb
[W 2024-09-05 18:56:36.245 ServerApp] Notebook STORMS/01_windstorm/Hazard_assessment_STORMS.ipynb is not trusted
slurmstepd: error: *** JOB 15577484 ON dcc-core-25 CANCELLED AT 2024-09-05T19:00:23 DUE TO TIME LIMIT ***
